 INFO | 17/Dec/2013 11:58:50,294 | GenericDAOImp.java:61 |object saved
 INFO | 17/Dec/2013 11:58:50,304 | GenericDAOImp.java:61 |object saved
 INFO | 17/Dec/2013 11:58:50,355 | GenericDAOImp.java:61 |object saved
ERROR | 17/Dec/2013 11:58:50,437 | GenericDAOImp.java:86 |Can not get the result from the DB due an error: 
org.hibernate.exception.SQLGrammarException: could not extract ResultSet
	at org.hibernate.exception.internal.SQLStateConversionDelegate.convert(SQLStateConversionDelegate.java:123) ~[hibernate-core-4.2.7.SP1.jar:4.2.7.SP1]
	at org.hibernate.exception.internal.StandardSQLExceptionConverter.convert(StandardSQLExceptionConverter.java:49) ~[hibernate-core-4.2.7.SP1.jar:4.2.7.SP1]
	at org.hibernate.engine.jdbc.spi.SqlExceptionHelper.convert(SqlExceptionHelper.java:125) ~[hibernate-core-4.2.7.SP1.jar:4.2.7.SP1]
	at org.hibernate.engine.jdbc.spi.SqlExceptionHelper.convert(SqlExceptionHelper.java:110) ~[hibernate-core-4.2.7.SP1.jar:4.2.7.SP1]
	at org.hibernate.engine.jdbc.internal.ResultSetReturnImpl.extract(ResultSetReturnImpl.java:61) ~[hibernate-core-4.2.7.SP1.jar:4.2.7.SP1]
	at org.hibernate.loader.Loader.getResultSet(Loader.java:2040) ~[hibernate-core-4.2.7.SP1.jar:4.2.7.SP1]
	at org.hibernate.loader.Loader.executeQueryStatement(Loader.java:1837) ~[hibernate-core-4.2.7.SP1.jar:4.2.7.SP1]
	at org.hibernate.loader.Loader.executeQueryStatement(Loader.java:1816) ~[hibernate-core-4.2.7.SP1.jar:4.2.7.SP1]
	at org.hibernate.loader.Loader.doQuery(Loader.java:900) ~[hibernate-core-4.2.7.SP1.jar:4.2.7.SP1]
	at org.hibernate.loader.Loader.doQueryAndInitializeNonLazyCollections(Loader.java:342) ~[hibernate-core-4.2.7.SP1.jar:4.2.7.SP1]
	at org.hibernate.loader.Loader.doQueryAndInitializeNonLazyCollections(Loader.java:312) ~[hibernate-core-4.2.7.SP1.jar:4.2.7.SP1]
	at org.hibernate.loader.Loader.loadEntity(Loader.java:2121) ~[hibernate-core-4.2.7.SP1.jar:4.2.7.SP1]
	at org.hibernate.loader.entity.AbstractEntityLoader.load(AbstractEntityLoader.java:82) ~[hibernate-core-4.2.7.SP1.jar:4.2.7.SP1]
	at org.hibernate.loader.entity.AbstractEntityLoader.load(AbstractEntityLoader.java:72) ~[hibernate-core-4.2.7.SP1.jar:4.2.7.SP1]
	at org.hibernate.persister.entity.AbstractEntityPersister.load(AbstractEntityPersister.java:3941) ~[hibernate-core-4.2.7.SP1.jar:4.2.7.SP1]
	at org.hibernate.event.internal.DefaultLoadEventListener.loadFromDatasource(DefaultLoadEventListener.java:460) ~[hibernate-core-4.2.7.SP1.jar:4.2.7.SP1]
	at org.hibernate.event.internal.DefaultLoadEventListener.doLoad(DefaultLoadEventListener.java:429) ~[hibernate-core-4.2.7.SP1.jar:4.2.7.SP1]
	at org.hibernate.event.internal.DefaultLoadEventListener.load(DefaultLoadEventListener.java:206) ~[hibernate-core-4.2.7.SP1.jar:4.2.7.SP1]
	at org.hibernate.event.internal.DefaultLoadEventListener.proxyOrLoad(DefaultLoadEventListener.java:262) ~[hibernate-core-4.2.7.SP1.jar:4.2.7.SP1]
	at org.hibernate.event.internal.DefaultLoadEventListener.onLoad(DefaultLoadEventListener.java:150) ~[hibernate-core-4.2.7.SP1.jar:4.2.7.SP1]
	at org.hibernate.internal.SessionImpl.fireLoad(SessionImpl.java:1098) ~[hibernate-core-4.2.7.SP1.jar:4.2.7.SP1]
	at org.hibernate.internal.SessionImpl.access$2000(SessionImpl.java:175) ~[hibernate-core-4.2.7.SP1.jar:4.2.7.SP1]
	at org.hibernate.internal.SessionImpl$IdentifierLoadAccessImpl.load(SessionImpl.java:2482) ~[hibernate-core-4.2.7.SP1.jar:4.2.7.SP1]
	at org.hibernate.internal.SessionImpl.get(SessionImpl.java:994) ~[hibernate-core-4.2.7.SP1.jar:4.2.7.SP1]
	at es.upm.emse.enteridea.persistence.dao.imp.GenericDAOImp.read(GenericDAOImp.java:83) [classes/:?]
	at test.es.upm.emse.enteridea.persistence.dao.imp.GenericDAOImpTest.testRead(GenericDAOImpTest.java:106) [classes/:?]
	at sun.reflect.NativeMethodAccessorImpl.invoke0(Native Method) ~[?:1.7.0_45]
	at sun.reflect.NativeMethodAccessorImpl.invoke(NativeMethodAccessorImpl.java:57) ~[?:1.7.0_45]
	at sun.reflect.DelegatingMethodAccessorImpl.invoke(DelegatingMethodAccessorImpl.java:43) ~[?:1.7.0_45]
	at java.lang.reflect.Method.invoke(Method.java:606) ~[?:1.7.0_45]
	at junit.framework.TestCase.runTest(TestCase.java:168) [junit.jar:?]
	at junit.framework.TestCase.runBare(TestCase.java:134) [junit.jar:?]
	at junit.framework.TestResult$1.protect(TestResult.java:110) [junit.jar:?]
	at junit.framework.TestResult.runProtected(TestResult.java:128) [junit.jar:?]
	at junit.framework.TestResult.run(TestResult.java:113) [junit.jar:?]
	at junit.framework.TestCase.run(TestCase.java:124) [junit.jar:?]
	at junit.framework.TestSuite.runTest(TestSuite.java:243) [junit.jar:?]
	at junit.framework.TestSuite.run(TestSuite.java:238) [junit.jar:?]
	at org.eclipse.jdt.internal.junit.runner.junit3.JUnit3TestReference.run(JUnit3TestReference.java:130) [.cp/:?]
	at org.eclipse.jdt.internal.junit.runner.TestExecution.run(TestExecution.java:38) [.cp/:?]
	at org.eclipse.jdt.internal.junit.runner.RemoteTestRunner.runTests(RemoteTestRunner.java:467) [.cp/:?]
	at org.eclipse.jdt.internal.junit.runner.RemoteTestRunner.runTests(RemoteTestRunner.java:683) [.cp/:?]
	at org.eclipse.jdt.internal.junit.runner.RemoteTestRunner.run(RemoteTestRunner.java:390) [.cp/:?]
	at org.eclipse.jdt.internal.junit.runner.RemoteTestRunner.main(RemoteTestRunner.java:197) [.cp/:?]
Caused by: org.postgresql.util.PSQLException: ERROR: relation "comment" does not exist
  Position: 1028
	at org.postgresql.core.v3.QueryExecutorImpl.receiveErrorResponse(QueryExecutorImpl.java:2102) ~[postgresql-9.1-901.jdbc4.jar:?]
	at org.postgresql.core.v3.QueryExecutorImpl.processResults(QueryExecutorImpl.java:1835) ~[postgresql-9.1-901.jdbc4.jar:?]
	at org.postgresql.core.v3.QueryExecutorImpl.execute(QueryExecutorImpl.java:257) ~[postgresql-9.1-901.jdbc4.jar:?]
	at org.postgresql.jdbc2.AbstractJdbc2Statement.execute(AbstractJdbc2Statement.java:500) ~[postgresql-9.1-901.jdbc4.jar:?]
	at org.postgresql.jdbc2.AbstractJdbc2Statement.executeWithFlags(AbstractJdbc2Statement.java:388) ~[postgresql-9.1-901.jdbc4.jar:?]
	at org.postgresql.jdbc2.AbstractJdbc2Statement.executeQuery(AbstractJdbc2Statement.java:273) ~[postgresql-9.1-901.jdbc4.jar:?]
	at org.hibernate.engine.jdbc.internal.ResultSetReturnImpl.extract(ResultSetReturnImpl.java:56) ~[hibernate-core-4.2.7.SP1.jar:4.2.7.SP1]
	... 39 more
ERROR | 17/Dec/2013 11:58:51,044 | GenericDAOImp.java:151 |Can not get the result from the DB due an error: 
org.hibernate.exception.GenericJDBCException: could not extract ResultSet
	at org.hibernate.exception.internal.StandardSQLExceptionConverter.convert(StandardSQLExceptionConverter.java:54) ~[hibernate-core-4.2.7.SP1.jar:4.2.7.SP1]
	at org.hibernate.engine.jdbc.spi.SqlExceptionHelper.convert(SqlExceptionHelper.java:125) ~[hibernate-core-4.2.7.SP1.jar:4.2.7.SP1]
	at org.hibernate.engine.jdbc.spi.SqlExceptionHelper.convert(SqlExceptionHelper.java:110) ~[hibernate-core-4.2.7.SP1.jar:4.2.7.SP1]
	at org.hibernate.engine.jdbc.internal.ResultSetReturnImpl.extract(ResultSetReturnImpl.java:61) ~[hibernate-core-4.2.7.SP1.jar:4.2.7.SP1]
	at org.hibernate.loader.Loader.getResultSet(Loader.java:2040) ~[hibernate-core-4.2.7.SP1.jar:4.2.7.SP1]
	at org.hibernate.loader.Loader.executeQueryStatement(Loader.java:1837) ~[hibernate-core-4.2.7.SP1.jar:4.2.7.SP1]
	at org.hibernate.loader.Loader.executeQueryStatement(Loader.java:1816) ~[hibernate-core-4.2.7.SP1.jar:4.2.7.SP1]
	at org.hibernate.loader.Loader.doQuery(Loader.java:900) ~[hibernate-core-4.2.7.SP1.jar:4.2.7.SP1]
	at org.hibernate.loader.Loader.doQueryAndInitializeNonLazyCollections(Loader.java:342) ~[hibernate-core-4.2.7.SP1.jar:4.2.7.SP1]
	at org.hibernate.loader.Loader.doList(Loader.java:2526) ~[hibernate-core-4.2.7.SP1.jar:4.2.7.SP1]
	at org.hibernate.loader.Loader.doList(Loader.java:2512) ~[hibernate-core-4.2.7.SP1.jar:4.2.7.SP1]
	at org.hibernate.loader.Loader.listIgnoreQueryCache(Loader.java:2342) ~[hibernate-core-4.2.7.SP1.jar:4.2.7.SP1]
	at org.hibernate.loader.Loader.list(Loader.java:2337) ~[hibernate-core-4.2.7.SP1.jar:4.2.7.SP1]
	at org.hibernate.loader.hql.QueryLoader.list(QueryLoader.java:495) ~[hibernate-core-4.2.7.SP1.jar:4.2.7.SP1]
	at org.hibernate.hql.internal.ast.QueryTranslatorImpl.list(QueryTranslatorImpl.java:357) ~[hibernate-core-4.2.7.SP1.jar:4.2.7.SP1]
	at org.hibernate.engine.query.spi.HQLQueryPlan.performList(HQLQueryPlan.java:195) ~[hibernate-core-4.2.7.SP1.jar:4.2.7.SP1]
	at org.hibernate.internal.SessionImpl.list(SessionImpl.java:1275) ~[hibernate-core-4.2.7.SP1.jar:4.2.7.SP1]
	at org.hibernate.internal.QueryImpl.list(QueryImpl.java:101) ~[hibernate-core-4.2.7.SP1.jar:4.2.7.SP1]
	at es.upm.emse.enteridea.persistence.dao.imp.GenericDAOImp.executeListQuery(GenericDAOImp.java:338) ~[classes/:?]
	at es.upm.emse.enteridea.persistence.dao.imp.GenericDAOImp.getAll(GenericDAOImp.java:149) [classes/:?]
	at test.es.upm.emse.enteridea.persistence.dao.imp.GenericDAOImpTest.testGetAll(GenericDAOImpTest.java:118) [classes/:?]
	at sun.reflect.NativeMethodAccessorImpl.invoke0(Native Method) ~[?:1.7.0_45]
	at sun.reflect.NativeMethodAccessorImpl.invoke(NativeMethodAccessorImpl.java:57) ~[?:1.7.0_45]
	at sun.reflect.DelegatingMethodAccessorImpl.invoke(DelegatingMethodAccessorImpl.java:43) ~[?:1.7.0_45]
	at java.lang.reflect.Method.invoke(Method.java:606) ~[?:1.7.0_45]
	at junit.framework.TestCase.runTest(TestCase.java:168) [junit.jar:?]
	at junit.framework.TestCase.runBare(TestCase.java:134) [junit.jar:?]
	at junit.framework.TestResult$1.protect(TestResult.java:110) [junit.jar:?]
	at junit.framework.TestResult.runProtected(TestResult.java:128) [junit.jar:?]
	at junit.framework.TestResult.run(TestResult.java:113) [junit.jar:?]
	at junit.framework.TestCase.run(TestCase.java:124) [junit.jar:?]
	at junit.framework.TestSuite.runTest(TestSuite.java:243) [junit.jar:?]
	at junit.framework.TestSuite.run(TestSuite.java:238) [junit.jar:?]
	at org.eclipse.jdt.internal.junit.runner.junit3.JUnit3TestReference.run(JUnit3TestReference.java:130) [.cp/:?]
	at org.eclipse.jdt.internal.junit.runner.TestExecution.run(TestExecution.java:38) [.cp/:?]
	at org.eclipse.jdt.internal.junit.runner.RemoteTestRunner.runTests(RemoteTestRunner.java:467) [.cp/:?]
	at org.eclipse.jdt.internal.junit.runner.RemoteTestRunner.runTests(RemoteTestRunner.java:683) [.cp/:?]
	at org.eclipse.jdt.internal.junit.runner.RemoteTestRunner.run(RemoteTestRunner.java:390) [.cp/:?]
	at org.eclipse.jdt.internal.junit.runner.RemoteTestRunner.main(RemoteTestRunner.java:197) [.cp/:?]
Caused by: org.postgresql.util.PSQLException: ERROR: current transaction is aborted, commands ignored until end of transaction block
	at org.postgresql.core.v3.QueryExecutorImpl.receiveErrorResponse(QueryExecutorImpl.java:2102) ~[postgresql-9.1-901.jdbc4.jar:?]
	at org.postgresql.core.v3.QueryExecutorImpl.processResults(QueryExecutorImpl.java:1835) ~[postgresql-9.1-901.jdbc4.jar:?]
	at org.postgresql.core.v3.QueryExecutorImpl.execute(QueryExecutorImpl.java:257) ~[postgresql-9.1-901.jdbc4.jar:?]
	at org.postgresql.jdbc2.AbstractJdbc2Statement.execute(AbstractJdbc2Statement.java:500) ~[postgresql-9.1-901.jdbc4.jar:?]
	at org.postgresql.jdbc2.AbstractJdbc2Statement.executeWithFlags(AbstractJdbc2Statement.java:388) ~[postgresql-9.1-901.jdbc4.jar:?]
	at org.postgresql.jdbc2.AbstractJdbc2Statement.executeQuery(AbstractJdbc2Statement.java:273) ~[postgresql-9.1-901.jdbc4.jar:?]
	at org.hibernate.engine.jdbc.internal.ResultSetReturnImpl.extract(ResultSetReturnImpl.java:56) ~[hibernate-core-4.2.7.SP1.jar:4.2.7.SP1]
	... 35 more
ERROR | 17/Dec/2013 11:58:51,077 | GenericDAOImp.java:86 |Can not get the result from the DB due an error: 
org.hibernate.exception.GenericJDBCException: could not extract ResultSet
	at org.hibernate.exception.internal.StandardSQLExceptionConverter.convert(StandardSQLExceptionConverter.java:54) ~[hibernate-core-4.2.7.SP1.jar:4.2.7.SP1]
	at org.hibernate.engine.jdbc.spi.SqlExceptionHelper.convert(SqlExceptionHelper.java:125) ~[hibernate-core-4.2.7.SP1.jar:4.2.7.SP1]
	at org.hibernate.engine.jdbc.spi.SqlExceptionHelper.convert(SqlExceptionHelper.java:110) ~[hibernate-core-4.2.7.SP1.jar:4.2.7.SP1]
	at org.hibernate.engine.jdbc.internal.ResultSetReturnImpl.extract(ResultSetReturnImpl.java:61) ~[hibernate-core-4.2.7.SP1.jar:4.2.7.SP1]
	at org.hibernate.loader.Loader.getResultSet(Loader.java:2040) ~[hibernate-core-4.2.7.SP1.jar:4.2.7.SP1]
	at org.hibernate.loader.Loader.executeQueryStatement(Loader.java:1837) ~[hibernate-core-4.2.7.SP1.jar:4.2.7.SP1]
	at org.hibernate.loader.Loader.executeQueryStatement(Loader.java:1816) ~[hibernate-core-4.2.7.SP1.jar:4.2.7.SP1]
	at org.hibernate.loader.Loader.doQuery(Loader.java:900) ~[hibernate-core-4.2.7.SP1.jar:4.2.7.SP1]
	at org.hibernate.loader.Loader.doQueryAndInitializeNonLazyCollections(Loader.java:342) ~[hibernate-core-4.2.7.SP1.jar:4.2.7.SP1]
	at org.hibernate.loader.Loader.doQueryAndInitializeNonLazyCollections(Loader.java:312) ~[hibernate-core-4.2.7.SP1.jar:4.2.7.SP1]
	at org.hibernate.loader.Loader.loadEntity(Loader.java:2121) ~[hibernate-core-4.2.7.SP1.jar:4.2.7.SP1]
	at org.hibernate.loader.entity.AbstractEntityLoader.load(AbstractEntityLoader.java:82) ~[hibernate-core-4.2.7.SP1.jar:4.2.7.SP1]
	at org.hibernate.loader.entity.AbstractEntityLoader.load(AbstractEntityLoader.java:72) ~[hibernate-core-4.2.7.SP1.jar:4.2.7.SP1]
	at org.hibernate.persister.entity.AbstractEntityPersister.load(AbstractEntityPersister.java:3941) ~[hibernate-core-4.2.7.SP1.jar:4.2.7.SP1]
	at org.hibernate.event.internal.DefaultLoadEventListener.loadFromDatasource(DefaultLoadEventListener.java:460) ~[hibernate-core-4.2.7.SP1.jar:4.2.7.SP1]
	at org.hibernate.event.internal.DefaultLoadEventListener.doLoad(DefaultLoadEventListener.java:429) ~[hibernate-core-4.2.7.SP1.jar:4.2.7.SP1]
	at org.hibernate.event.internal.DefaultLoadEventListener.load(DefaultLoadEventListener.java:206) ~[hibernate-core-4.2.7.SP1.jar:4.2.7.SP1]
	at org.hibernate.event.internal.DefaultLoadEventListener.proxyOrLoad(DefaultLoadEventListener.java:262) ~[hibernate-core-4.2.7.SP1.jar:4.2.7.SP1]
	at org.hibernate.event.internal.DefaultLoadEventListener.onLoad(DefaultLoadEventListener.java:150) ~[hibernate-core-4.2.7.SP1.jar:4.2.7.SP1]
	at org.hibernate.internal.SessionImpl.fireLoad(SessionImpl.java:1098) ~[hibernate-core-4.2.7.SP1.jar:4.2.7.SP1]
	at org.hibernate.internal.SessionImpl.access$2000(SessionImpl.java:175) ~[hibernate-core-4.2.7.SP1.jar:4.2.7.SP1]
	at org.hibernate.internal.SessionImpl$IdentifierLoadAccessImpl.load(SessionImpl.java:2482) ~[hibernate-core-4.2.7.SP1.jar:4.2.7.SP1]
	at org.hibernate.internal.SessionImpl.get(SessionImpl.java:994) ~[hibernate-core-4.2.7.SP1.jar:4.2.7.SP1]
	at es.upm.emse.enteridea.persistence.dao.imp.GenericDAOImp.read(GenericDAOImp.java:83) [classes/:?]
	at test.es.upm.emse.enteridea.persistence.dao.imp.GenericDAOImpTest.testCreateIdeaExistingUserAndTopic(GenericDAOImpTest.java:130) [classes/:?]
	at sun.reflect.NativeMethodAccessorImpl.invoke0(Native Method) ~[?:1.7.0_45]
	at sun.reflect.NativeMethodAccessorImpl.invoke(NativeMethodAccessorImpl.java:57) ~[?:1.7.0_45]
	at sun.reflect.DelegatingMethodAccessorImpl.invoke(DelegatingMethodAccessorImpl.java:43) ~[?:1.7.0_45]
	at java.lang.reflect.Method.invoke(Method.java:606) ~[?:1.7.0_45]
	at junit.framework.TestCase.runTest(TestCase.java:168) [junit.jar:?]
	at junit.framework.TestCase.runBare(TestCase.java:134) [junit.jar:?]
	at junit.framework.TestResult$1.protect(TestResult.java:110) [junit.jar:?]
	at junit.framework.TestResult.runProtected(TestResult.java:128) [junit.jar:?]
	at junit.framework.TestResult.run(TestResult.java:113) [junit.jar:?]
	at junit.framework.TestCase.run(TestCase.java:124) [junit.jar:?]
	at junit.framework.TestSuite.runTest(TestSuite.java:243) [junit.jar:?]
	at junit.framework.TestSuite.run(TestSuite.java:238) [junit.jar:?]
	at org.eclipse.jdt.internal.junit.runner.junit3.JUnit3TestReference.run(JUnit3TestReference.java:130) [.cp/:?]
	at org.eclipse.jdt.internal.junit.runner.TestExecution.run(TestExecution.java:38) [.cp/:?]
	at org.eclipse.jdt.internal.junit.runner.RemoteTestRunner.runTests(RemoteTestRunner.java:467) [.cp/:?]
	at org.eclipse.jdt.internal.junit.runner.RemoteTestRunner.runTests(RemoteTestRunner.java:683) [.cp/:?]
	at org.eclipse.jdt.internal.junit.runner.RemoteTestRunner.run(RemoteTestRunner.java:390) [.cp/:?]
	at org.eclipse.jdt.internal.junit.runner.RemoteTestRunner.main(RemoteTestRunner.java:197) [.cp/:?]
Caused by: org.postgresql.util.PSQLException: ERROR: current transaction is aborted, commands ignored until end of transaction block
	at org.postgresql.core.v3.QueryExecutorImpl.receiveErrorResponse(QueryExecutorImpl.java:2102) ~[postgresql-9.1-901.jdbc4.jar:?]
	at org.postgresql.core.v3.QueryExecutorImpl.processResults(QueryExecutorImpl.java:1835) ~[postgresql-9.1-901.jdbc4.jar:?]
	at org.postgresql.core.v3.QueryExecutorImpl.execute(QueryExecutorImpl.java:257) ~[postgresql-9.1-901.jdbc4.jar:?]
	at org.postgresql.jdbc2.AbstractJdbc2Statement.execute(AbstractJdbc2Statement.java:500) ~[postgresql-9.1-901.jdbc4.jar:?]
	at org.postgresql.jdbc2.AbstractJdbc2Statement.executeWithFlags(AbstractJdbc2Statement.java:388) ~[postgresql-9.1-901.jdbc4.jar:?]
	at org.postgresql.jdbc2.AbstractJdbc2Statement.executeQuery(AbstractJdbc2Statement.java:273) ~[postgresql-9.1-901.jdbc4.jar:?]
	at org.hibernate.engine.jdbc.internal.ResultSetReturnImpl.extract(ResultSetReturnImpl.java:56) ~[hibernate-core-4.2.7.SP1.jar:4.2.7.SP1]
	... 39 more
ERROR | 17/Dec/2013 11:58:51,099 | GenericDAOImp.java:86 |Can not get the result from the DB due an error: 
org.hibernate.exception.GenericJDBCException: could not extract ResultSet
	at org.hibernate.exception.internal.StandardSQLExceptionConverter.convert(StandardSQLExceptionConverter.java:54) ~[hibernate-core-4.2.7.SP1.jar:4.2.7.SP1]
	at org.hibernate.engine.jdbc.spi.SqlExceptionHelper.convert(SqlExceptionHelper.java:125) ~[hibernate-core-4.2.7.SP1.jar:4.2.7.SP1]
	at org.hibernate.engine.jdbc.spi.SqlExceptionHelper.convert(SqlExceptionHelper.java:110) ~[hibernate-core-4.2.7.SP1.jar:4.2.7.SP1]
	at org.hibernate.engine.jdbc.internal.ResultSetReturnImpl.extract(ResultSetReturnImpl.java:61) ~[hibernate-core-4.2.7.SP1.jar:4.2.7.SP1]
	at org.hibernate.loader.Loader.getResultSet(Loader.java:2040) ~[hibernate-core-4.2.7.SP1.jar:4.2.7.SP1]
	at org.hibernate.loader.Loader.executeQueryStatement(Loader.java:1837) ~[hibernate-core-4.2.7.SP1.jar:4.2.7.SP1]
	at org.hibernate.loader.Loader.executeQueryStatement(Loader.java:1816) ~[hibernate-core-4.2.7.SP1.jar:4.2.7.SP1]
	at org.hibernate.loader.Loader.doQuery(Loader.java:900) ~[hibernate-core-4.2.7.SP1.jar:4.2.7.SP1]
	at org.hibernate.loader.Loader.doQueryAndInitializeNonLazyCollections(Loader.java:342) ~[hibernate-core-4.2.7.SP1.jar:4.2.7.SP1]
	at org.hibernate.loader.Loader.doQueryAndInitializeNonLazyCollections(Loader.java:312) ~[hibernate-core-4.2.7.SP1.jar:4.2.7.SP1]
	at org.hibernate.loader.Loader.loadEntity(Loader.java:2121) ~[hibernate-core-4.2.7.SP1.jar:4.2.7.SP1]
	at org.hibernate.loader.entity.AbstractEntityLoader.load(AbstractEntityLoader.java:82) ~[hibernate-core-4.2.7.SP1.jar:4.2.7.SP1]
	at org.hibernate.loader.entity.AbstractEntityLoader.load(AbstractEntityLoader.java:72) ~[hibernate-core-4.2.7.SP1.jar:4.2.7.SP1]
	at org.hibernate.persister.entity.AbstractEntityPersister.load(AbstractEntityPersister.java:3941) ~[hibernate-core-4.2.7.SP1.jar:4.2.7.SP1]
	at org.hibernate.event.internal.DefaultLoadEventListener.loadFromDatasource(DefaultLoadEventListener.java:460) ~[hibernate-core-4.2.7.SP1.jar:4.2.7.SP1]
	at org.hibernate.event.internal.DefaultLoadEventListener.doLoad(DefaultLoadEventListener.java:429) ~[hibernate-core-4.2.7.SP1.jar:4.2.7.SP1]
	at org.hibernate.event.internal.DefaultLoadEventListener.load(DefaultLoadEventListener.java:206) ~[hibernate-core-4.2.7.SP1.jar:4.2.7.SP1]
	at org.hibernate.event.internal.DefaultLoadEventListener.proxyOrLoad(DefaultLoadEventListener.java:262) ~[hibernate-core-4.2.7.SP1.jar:4.2.7.SP1]
	at org.hibernate.event.internal.DefaultLoadEventListener.onLoad(DefaultLoadEventListener.java:150) ~[hibernate-core-4.2.7.SP1.jar:4.2.7.SP1]
	at org.hibernate.internal.SessionImpl.fireLoad(SessionImpl.java:1098) ~[hibernate-core-4.2.7.SP1.jar:4.2.7.SP1]
	at org.hibernate.internal.SessionImpl.access$2000(SessionImpl.java:175) ~[hibernate-core-4.2.7.SP1.jar:4.2.7.SP1]
	at org.hibernate.internal.SessionImpl$IdentifierLoadAccessImpl.load(SessionImpl.java:2482) ~[hibernate-core-4.2.7.SP1.jar:4.2.7.SP1]
	at org.hibernate.internal.SessionImpl.get(SessionImpl.java:994) ~[hibernate-core-4.2.7.SP1.jar:4.2.7.SP1]
	at es.upm.emse.enteridea.persistence.dao.imp.GenericDAOImp.read(GenericDAOImp.java:83) [classes/:?]
	at test.es.upm.emse.enteridea.persistence.dao.imp.GenericDAOImpTest.testCheckIdeaFetchRelationships(GenericDAOImpTest.java:150) [classes/:?]
	at sun.reflect.NativeMethodAccessorImpl.invoke0(Native Method) ~[?:1.7.0_45]
	at sun.reflect.NativeMethodAccessorImpl.invoke(NativeMethodAccessorImpl.java:57) ~[?:1.7.0_45]
	at sun.reflect.DelegatingMethodAccessorImpl.invoke(DelegatingMethodAccessorImpl.java:43) ~[?:1.7.0_45]
	at java.lang.reflect.Method.invoke(Method.java:606) ~[?:1.7.0_45]
	at junit.framework.TestCase.runTest(TestCase.java:168) [junit.jar:?]
	at junit.framework.TestCase.runBare(TestCase.java:134) [junit.jar:?]
	at junit.framework.TestResult$1.protect(TestResult.java:110) [junit.jar:?]
	at junit.framework.TestResult.runProtected(TestResult.java:128) [junit.jar:?]
	at junit.framework.TestResult.run(TestResult.java:113) [junit.jar:?]
	at junit.framework.TestCase.run(TestCase.java:124) [junit.jar:?]
	at junit.framework.TestSuite.runTest(TestSuite.java:243) [junit.jar:?]
	at junit.framework.TestSuite.run(TestSuite.java:238) [junit.jar:?]
	at org.eclipse.jdt.internal.junit.runner.junit3.JUnit3TestReference.run(JUnit3TestReference.java:130) [.cp/:?]
	at org.eclipse.jdt.internal.junit.runner.TestExecution.run(TestExecution.java:38) [.cp/:?]
	at org.eclipse.jdt.internal.junit.runner.RemoteTestRunner.runTests(RemoteTestRunner.java:467) [.cp/:?]
	at org.eclipse.jdt.internal.junit.runner.RemoteTestRunner.runTests(RemoteTestRunner.java:683) [.cp/:?]
	at org.eclipse.jdt.internal.junit.runner.RemoteTestRunner.run(RemoteTestRunner.java:390) [.cp/:?]
	at org.eclipse.jdt.internal.junit.runner.RemoteTestRunner.main(RemoteTestRunner.java:197) [.cp/:?]
Caused by: org.postgresql.util.PSQLException: ERROR: current transaction is aborted, commands ignored until end of transaction block
	at org.postgresql.core.v3.QueryExecutorImpl.receiveErrorResponse(QueryExecutorImpl.java:2102) ~[postgresql-9.1-901.jdbc4.jar:?]
	at org.postgresql.core.v3.QueryExecutorImpl.processResults(QueryExecutorImpl.java:1835) ~[postgresql-9.1-901.jdbc4.jar:?]
	at org.postgresql.core.v3.QueryExecutorImpl.execute(QueryExecutorImpl.java:257) ~[postgresql-9.1-901.jdbc4.jar:?]
	at org.postgresql.jdbc2.AbstractJdbc2Statement.execute(AbstractJdbc2Statement.java:500) ~[postgresql-9.1-901.jdbc4.jar:?]
	at org.postgresql.jdbc2.AbstractJdbc2Statement.executeWithFlags(AbstractJdbc2Statement.java:388) ~[postgresql-9.1-901.jdbc4.jar:?]
	at org.postgresql.jdbc2.AbstractJdbc2Statement.executeQuery(AbstractJdbc2Statement.java:273) ~[postgresql-9.1-901.jdbc4.jar:?]
	at org.hibernate.engine.jdbc.internal.ResultSetReturnImpl.extract(ResultSetReturnImpl.java:56) ~[hibernate-core-4.2.7.SP1.jar:4.2.7.SP1]
	... 39 more
ERROR | 17/Dec/2013 11:58:51,125 | GenericDAOImp.java:86 |Can not get the result from the DB due an error: 
org.hibernate.exception.GenericJDBCException: could not extract ResultSet
	at org.hibernate.exception.internal.StandardSQLExceptionConverter.convert(StandardSQLExceptionConverter.java:54) ~[hibernate-core-4.2.7.SP1.jar:4.2.7.SP1]
	at org.hibernate.engine.jdbc.spi.SqlExceptionHelper.convert(SqlExceptionHelper.java:125) ~[hibernate-core-4.2.7.SP1.jar:4.2.7.SP1]
	at org.hibernate.engine.jdbc.spi.SqlExceptionHelper.convert(SqlExceptionHelper.java:110) ~[hibernate-core-4.2.7.SP1.jar:4.2.7.SP1]
	at org.hibernate.engine.jdbc.internal.ResultSetReturnImpl.extract(ResultSetReturnImpl.java:61) ~[hibernate-core-4.2.7.SP1.jar:4.2.7.SP1]
	at org.hibernate.loader.Loader.getResultSet(Loader.java:2040) ~[hibernate-core-4.2.7.SP1.jar:4.2.7.SP1]
	at org.hibernate.loader.Loader.executeQueryStatement(Loader.java:1837) ~[hibernate-core-4.2.7.SP1.jar:4.2.7.SP1]
	at org.hibernate.loader.Loader.executeQueryStatement(Loader.java:1816) ~[hibernate-core-4.2.7.SP1.jar:4.2.7.SP1]
	at org.hibernate.loader.Loader.doQuery(Loader.java:900) ~[hibernate-core-4.2.7.SP1.jar:4.2.7.SP1]
	at org.hibernate.loader.Loader.doQueryAndInitializeNonLazyCollections(Loader.java:342) ~[hibernate-core-4.2.7.SP1.jar:4.2.7.SP1]
	at org.hibernate.loader.Loader.doQueryAndInitializeNonLazyCollections(Loader.java:312) ~[hibernate-core-4.2.7.SP1.jar:4.2.7.SP1]
	at org.hibernate.loader.Loader.loadEntity(Loader.java:2121) ~[hibernate-core-4.2.7.SP1.jar:4.2.7.SP1]
	at org.hibernate.loader.entity.AbstractEntityLoader.load(AbstractEntityLoader.java:82) ~[hibernate-core-4.2.7.SP1.jar:4.2.7.SP1]
	at org.hibernate.loader.entity.AbstractEntityLoader.load(AbstractEntityLoader.java:72) ~[hibernate-core-4.2.7.SP1.jar:4.2.7.SP1]
	at org.hibernate.persister.entity.AbstractEntityPersister.load(AbstractEntityPersister.java:3941) ~[hibernate-core-4.2.7.SP1.jar:4.2.7.SP1]
	at org.hibernate.event.internal.DefaultLoadEventListener.loadFromDatasource(DefaultLoadEventListener.java:460) ~[hibernate-core-4.2.7.SP1.jar:4.2.7.SP1]
	at org.hibernate.event.internal.DefaultLoadEventListener.doLoad(DefaultLoadEventListener.java:429) ~[hibernate-core-4.2.7.SP1.jar:4.2.7.SP1]
	at org.hibernate.event.internal.DefaultLoadEventListener.load(DefaultLoadEventListener.java:206) ~[hibernate-core-4.2.7.SP1.jar:4.2.7.SP1]
	at org.hibernate.event.internal.DefaultLoadEventListener.proxyOrLoad(DefaultLoadEventListener.java:262) ~[hibernate-core-4.2.7.SP1.jar:4.2.7.SP1]
	at org.hibernate.event.internal.DefaultLoadEventListener.onLoad(DefaultLoadEventListener.java:150) ~[hibernate-core-4.2.7.SP1.jar:4.2.7.SP1]
	at org.hibernate.internal.SessionImpl.fireLoad(SessionImpl.java:1098) ~[hibernate-core-4.2.7.SP1.jar:4.2.7.SP1]
	at org.hibernate.internal.SessionImpl.access$2000(SessionImpl.java:175) ~[hibernate-core-4.2.7.SP1.jar:4.2.7.SP1]
	at org.hibernate.internal.SessionImpl$IdentifierLoadAccessImpl.load(SessionImpl.java:2482) ~[hibernate-core-4.2.7.SP1.jar:4.2.7.SP1]
	at org.hibernate.internal.SessionImpl.get(SessionImpl.java:994) ~[hibernate-core-4.2.7.SP1.jar:4.2.7.SP1]
	at es.upm.emse.enteridea.persistence.dao.imp.GenericDAOImp.read(GenericDAOImp.java:83) [classes/:?]
	at test.es.upm.emse.enteridea.persistence.dao.imp.GenericDAOImpTest.testInsertComment(GenericDAOImpTest.java:163) [classes/:?]
	at sun.reflect.NativeMethodAccessorImpl.invoke0(Native Method) ~[?:1.7.0_45]
	at sun.reflect.NativeMethodAccessorImpl.invoke(NativeMethodAccessorImpl.java:57) ~[?:1.7.0_45]
	at sun.reflect.DelegatingMethodAccessorImpl.invoke(DelegatingMethodAccessorImpl.java:43) ~[?:1.7.0_45]
	at java.lang.reflect.Method.invoke(Method.java:606) ~[?:1.7.0_45]
	at junit.framework.TestCase.runTest(TestCase.java:168) [junit.jar:?]
	at junit.framework.TestCase.runBare(TestCase.java:134) [junit.jar:?]
	at junit.framework.TestResult$1.protect(TestResult.java:110) [junit.jar:?]
	at junit.framework.TestResult.runProtected(TestResult.java:128) [junit.jar:?]
	at junit.framework.TestResult.run(TestResult.java:113) [junit.jar:?]
	at junit.framework.TestCase.run(TestCase.java:124) [junit.jar:?]
	at junit.framework.TestSuite.runTest(TestSuite.java:243) [junit.jar:?]
	at junit.framework.TestSuite.run(TestSuite.java:238) [junit.jar:?]
	at org.eclipse.jdt.internal.junit.runner.junit3.JUnit3TestReference.run(JUnit3TestReference.java:130) [.cp/:?]
	at org.eclipse.jdt.internal.junit.runner.TestExecution.run(TestExecution.java:38) [.cp/:?]
	at org.eclipse.jdt.internal.junit.runner.RemoteTestRunner.runTests(RemoteTestRunner.java:467) [.cp/:?]
	at org.eclipse.jdt.internal.junit.runner.RemoteTestRunner.runTests(RemoteTestRunner.java:683) [.cp/:?]
	at org.eclipse.jdt.internal.junit.runner.RemoteTestRunner.run(RemoteTestRunner.java:390) [.cp/:?]
	at org.eclipse.jdt.internal.junit.runner.RemoteTestRunner.main(RemoteTestRunner.java:197) [.cp/:?]
Caused by: org.postgresql.util.PSQLException: ERROR: current transaction is aborted, commands ignored until end of transaction block
	at org.postgresql.core.v3.QueryExecutorImpl.receiveErrorResponse(QueryExecutorImpl.java:2102) ~[postgresql-9.1-901.jdbc4.jar:?]
	at org.postgresql.core.v3.QueryExecutorImpl.processResults(QueryExecutorImpl.java:1835) ~[postgresql-9.1-901.jdbc4.jar:?]
	at org.postgresql.core.v3.QueryExecutorImpl.execute(QueryExecutorImpl.java:257) ~[postgresql-9.1-901.jdbc4.jar:?]
	at org.postgresql.jdbc2.AbstractJdbc2Statement.execute(AbstractJdbc2Statement.java:500) ~[postgresql-9.1-901.jdbc4.jar:?]
	at org.postgresql.jdbc2.AbstractJdbc2Statement.executeWithFlags(AbstractJdbc2Statement.java:388) ~[postgresql-9.1-901.jdbc4.jar:?]
	at org.postgresql.jdbc2.AbstractJdbc2Statement.executeQuery(AbstractJdbc2Statement.java:273) ~[postgresql-9.1-901.jdbc4.jar:?]
	at org.hibernate.engine.jdbc.internal.ResultSetReturnImpl.extract(ResultSetReturnImpl.java:56) ~[hibernate-core-4.2.7.SP1.jar:4.2.7.SP1]
	... 39 more
ERROR | 17/Dec/2013 11:58:51,224 | GenericDAOImp.java:86 |Can not get the result from the DB due an error: 
org.hibernate.exception.GenericJDBCException: could not extract ResultSet
	at org.hibernate.exception.internal.StandardSQLExceptionConverter.convert(StandardSQLExceptionConverter.java:54) ~[hibernate-core-4.2.7.SP1.jar:4.2.7.SP1]
	at org.hibernate.engine.jdbc.spi.SqlExceptionHelper.convert(SqlExceptionHelper.java:125) ~[hibernate-core-4.2.7.SP1.jar:4.2.7.SP1]
	at org.hibernate.engine.jdbc.spi.SqlExceptionHelper.convert(SqlExceptionHelper.java:110) ~[hibernate-core-4.2.7.SP1.jar:4.2.7.SP1]
	at org.hibernate.engine.jdbc.internal.ResultSetReturnImpl.extract(ResultSetReturnImpl.java:61) ~[hibernate-core-4.2.7.SP1.jar:4.2.7.SP1]
	at org.hibernate.loader.Loader.getResultSet(Loader.java:2040) ~[hibernate-core-4.2.7.SP1.jar:4.2.7.SP1]
	at org.hibernate.loader.Loader.executeQueryStatement(Loader.java:1837) ~[hibernate-core-4.2.7.SP1.jar:4.2.7.SP1]
	at org.hibernate.loader.Loader.executeQueryStatement(Loader.java:1816) ~[hibernate-core-4.2.7.SP1.jar:4.2.7.SP1]
	at org.hibernate.loader.Loader.doQuery(Loader.java:900) ~[hibernate-core-4.2.7.SP1.jar:4.2.7.SP1]
	at org.hibernate.loader.Loader.doQueryAndInitializeNonLazyCollections(Loader.java:342) ~[hibernate-core-4.2.7.SP1.jar:4.2.7.SP1]
	at org.hibernate.loader.Loader.doQueryAndInitializeNonLazyCollections(Loader.java:312) ~[hibernate-core-4.2.7.SP1.jar:4.2.7.SP1]
	at org.hibernate.loader.Loader.loadEntity(Loader.java:2121) ~[hibernate-core-4.2.7.SP1.jar:4.2.7.SP1]
	at org.hibernate.loader.entity.AbstractEntityLoader.load(AbstractEntityLoader.java:82) ~[hibernate-core-4.2.7.SP1.jar:4.2.7.SP1]
	at org.hibernate.loader.entity.AbstractEntityLoader.load(AbstractEntityLoader.java:72) ~[hibernate-core-4.2.7.SP1.jar:4.2.7.SP1]
	at org.hibernate.persister.entity.AbstractEntityPersister.load(AbstractEntityPersister.java:3941) ~[hibernate-core-4.2.7.SP1.jar:4.2.7.SP1]
	at org.hibernate.event.internal.DefaultLoadEventListener.loadFromDatasource(DefaultLoadEventListener.java:460) ~[hibernate-core-4.2.7.SP1.jar:4.2.7.SP1]
	at org.hibernate.event.internal.DefaultLoadEventListener.doLoad(DefaultLoadEventListener.java:429) ~[hibernate-core-4.2.7.SP1.jar:4.2.7.SP1]
	at org.hibernate.event.internal.DefaultLoadEventListener.load(DefaultLoadEventListener.java:206) ~[hibernate-core-4.2.7.SP1.jar:4.2.7.SP1]
	at org.hibernate.event.internal.DefaultLoadEventListener.proxyOrLoad(DefaultLoadEventListener.java:262) ~[hibernate-core-4.2.7.SP1.jar:4.2.7.SP1]
	at org.hibernate.event.internal.DefaultLoadEventListener.onLoad(DefaultLoadEventListener.java:150) ~[hibernate-core-4.2.7.SP1.jar:4.2.7.SP1]
	at org.hibernate.internal.SessionImpl.fireLoad(SessionImpl.java:1098) ~[hibernate-core-4.2.7.SP1.jar:4.2.7.SP1]
	at org.hibernate.internal.SessionImpl.access$2000(SessionImpl.java:175) ~[hibernate-core-4.2.7.SP1.jar:4.2.7.SP1]
	at org.hibernate.internal.SessionImpl$IdentifierLoadAccessImpl.load(SessionImpl.java:2482) ~[hibernate-core-4.2.7.SP1.jar:4.2.7.SP1]
	at org.hibernate.internal.SessionImpl.get(SessionImpl.java:994) ~[hibernate-core-4.2.7.SP1.jar:4.2.7.SP1]
	at es.upm.emse.enteridea.persistence.dao.imp.GenericDAOImp.read(GenericDAOImp.java:83) [classes/:?]
	at test.es.upm.emse.enteridea.persistence.dao.imp.GenericDAOImpTest.testUpdateIdea(GenericDAOImpTest.java:182) [classes/:?]
	at sun.reflect.NativeMethodAccessorImpl.invoke0(Native Method) ~[?:1.7.0_45]
	at sun.reflect.NativeMethodAccessorImpl.invoke(NativeMethodAccessorImpl.java:57) ~[?:1.7.0_45]
	at sun.reflect.DelegatingMethodAccessorImpl.invoke(DelegatingMethodAccessorImpl.java:43) ~[?:1.7.0_45]
	at java.lang.reflect.Method.invoke(Method.java:606) ~[?:1.7.0_45]
	at junit.framework.TestCase.runTest(TestCase.java:168) [junit.jar:?]
	at junit.framework.TestCase.runBare(TestCase.java:134) [junit.jar:?]
	at junit.framework.TestResult$1.protect(TestResult.java:110) [junit.jar:?]
	at junit.framework.TestResult.runProtected(TestResult.java:128) [junit.jar:?]
	at junit.framework.TestResult.run(TestResult.java:113) [junit.jar:?]
	at junit.framework.TestCase.run(TestCase.java:124) [junit.jar:?]
	at junit.framework.TestSuite.runTest(TestSuite.java:243) [junit.jar:?]
	at junit.framework.TestSuite.run(TestSuite.java:238) [junit.jar:?]
	at org.eclipse.jdt.internal.junit.runner.junit3.JUnit3TestReference.run(JUnit3TestReference.java:130) [.cp/:?]
	at org.eclipse.jdt.internal.junit.runner.TestExecution.run(TestExecution.java:38) [.cp/:?]
	at org.eclipse.jdt.internal.junit.runner.RemoteTestRunner.runTests(RemoteTestRunner.java:467) [.cp/:?]
	at org.eclipse.jdt.internal.junit.runner.RemoteTestRunner.runTests(RemoteTestRunner.java:683) [.cp/:?]
	at org.eclipse.jdt.internal.junit.runner.RemoteTestRunner.run(RemoteTestRunner.java:390) [.cp/:?]
	at org.eclipse.jdt.internal.junit.runner.RemoteTestRunner.main(RemoteTestRunner.java:197) [.cp/:?]
Caused by: org.postgresql.util.PSQLException: ERROR: current transaction is aborted, commands ignored until end of transaction block
	at org.postgresql.core.v3.QueryExecutorImpl.receiveErrorResponse(QueryExecutorImpl.java:2102) ~[postgresql-9.1-901.jdbc4.jar:?]
	at org.postgresql.core.v3.QueryExecutorImpl.processResults(QueryExecutorImpl.java:1835) ~[postgresql-9.1-901.jdbc4.jar:?]
	at org.postgresql.core.v3.QueryExecutorImpl.execute(QueryExecutorImpl.java:257) ~[postgresql-9.1-901.jdbc4.jar:?]
	at org.postgresql.jdbc2.AbstractJdbc2Statement.execute(AbstractJdbc2Statement.java:500) ~[postgresql-9.1-901.jdbc4.jar:?]
	at org.postgresql.jdbc2.AbstractJdbc2Statement.executeWithFlags(AbstractJdbc2Statement.java:388) ~[postgresql-9.1-901.jdbc4.jar:?]
	at org.postgresql.jdbc2.AbstractJdbc2Statement.executeQuery(AbstractJdbc2Statement.java:273) ~[postgresql-9.1-901.jdbc4.jar:?]
	at org.hibernate.engine.jdbc.internal.ResultSetReturnImpl.extract(ResultSetReturnImpl.java:56) ~[hibernate-core-4.2.7.SP1.jar:4.2.7.SP1]
	... 39 more
ERROR | 17/Dec/2013 11:58:51,310 | GenericDAOImp.java:86 |Can not get the result from the DB due an error: 
org.hibernate.exception.GenericJDBCException: could not extract ResultSet
	at org.hibernate.exception.internal.StandardSQLExceptionConverter.convert(StandardSQLExceptionConverter.java:54) ~[hibernate-core-4.2.7.SP1.jar:4.2.7.SP1]
	at org.hibernate.engine.jdbc.spi.SqlExceptionHelper.convert(SqlExceptionHelper.java:125) ~[hibernate-core-4.2.7.SP1.jar:4.2.7.SP1]
	at org.hibernate.engine.jdbc.spi.SqlExceptionHelper.convert(SqlExceptionHelper.java:110) ~[hibernate-core-4.2.7.SP1.jar:4.2.7.SP1]
	at org.hibernate.engine.jdbc.internal.ResultSetReturnImpl.extract(ResultSetReturnImpl.java:61) ~[hibernate-core-4.2.7.SP1.jar:4.2.7.SP1]
	at org.hibernate.loader.Loader.getResultSet(Loader.java:2040) ~[hibernate-core-4.2.7.SP1.jar:4.2.7.SP1]
	at org.hibernate.loader.Loader.executeQueryStatement(Loader.java:1837) ~[hibernate-core-4.2.7.SP1.jar:4.2.7.SP1]
	at org.hibernate.loader.Loader.executeQueryStatement(Loader.java:1816) ~[hibernate-core-4.2.7.SP1.jar:4.2.7.SP1]
	at org.hibernate.loader.Loader.doQuery(Loader.java:900) ~[hibernate-core-4.2.7.SP1.jar:4.2.7.SP1]
	at org.hibernate.loader.Loader.doQueryAndInitializeNonLazyCollections(Loader.java:342) ~[hibernate-core-4.2.7.SP1.jar:4.2.7.SP1]
	at org.hibernate.loader.Loader.doQueryAndInitializeNonLazyCollections(Loader.java:312) ~[hibernate-core-4.2.7.SP1.jar:4.2.7.SP1]
	at org.hibernate.loader.Loader.loadEntity(Loader.java:2121) ~[hibernate-core-4.2.7.SP1.jar:4.2.7.SP1]
	at org.hibernate.loader.entity.AbstractEntityLoader.load(AbstractEntityLoader.java:82) ~[hibernate-core-4.2.7.SP1.jar:4.2.7.SP1]
	at org.hibernate.loader.entity.AbstractEntityLoader.load(AbstractEntityLoader.java:72) ~[hibernate-core-4.2.7.SP1.jar:4.2.7.SP1]
	at org.hibernate.persister.entity.AbstractEntityPersister.load(AbstractEntityPersister.java:3941) ~[hibernate-core-4.2.7.SP1.jar:4.2.7.SP1]
	at org.hibernate.event.internal.DefaultLoadEventListener.loadFromDatasource(DefaultLoadEventListener.java:460) ~[hibernate-core-4.2.7.SP1.jar:4.2.7.SP1]
	at org.hibernate.event.internal.DefaultLoadEventListener.doLoad(DefaultLoadEventListener.java:429) ~[hibernate-core-4.2.7.SP1.jar:4.2.7.SP1]
	at org.hibernate.event.internal.DefaultLoadEventListener.load(DefaultLoadEventListener.java:206) ~[hibernate-core-4.2.7.SP1.jar:4.2.7.SP1]
	at org.hibernate.event.internal.DefaultLoadEventListener.proxyOrLoad(DefaultLoadEventListener.java:262) ~[hibernate-core-4.2.7.SP1.jar:4.2.7.SP1]
	at org.hibernate.event.internal.DefaultLoadEventListener.onLoad(DefaultLoadEventListener.java:150) ~[hibernate-core-4.2.7.SP1.jar:4.2.7.SP1]
	at org.hibernate.internal.SessionImpl.fireLoad(SessionImpl.java:1098) ~[hibernate-core-4.2.7.SP1.jar:4.2.7.SP1]
	at org.hibernate.internal.SessionImpl.access$2000(SessionImpl.java:175) ~[hibernate-core-4.2.7.SP1.jar:4.2.7.SP1]
	at org.hibernate.internal.SessionImpl$IdentifierLoadAccessImpl.load(SessionImpl.java:2482) ~[hibernate-core-4.2.7.SP1.jar:4.2.7.SP1]
	at org.hibernate.internal.SessionImpl.get(SessionImpl.java:994) ~[hibernate-core-4.2.7.SP1.jar:4.2.7.SP1]
	at es.upm.emse.enteridea.persistence.dao.imp.GenericDAOImp.read(GenericDAOImp.java:83) [classes/:?]
	at test.es.upm.emse.enteridea.persistence.dao.imp.GenericDAOImpTest.testDeleteIdea(GenericDAOImpTest.java:194) [classes/:?]
	at sun.reflect.NativeMethodAccessorImpl.invoke0(Native Method) ~[?:1.7.0_45]
	at sun.reflect.NativeMethodAccessorImpl.invoke(NativeMethodAccessorImpl.java:57) ~[?:1.7.0_45]
	at sun.reflect.DelegatingMethodAccessorImpl.invoke(DelegatingMethodAccessorImpl.java:43) ~[?:1.7.0_45]
	at java.lang.reflect.Method.invoke(Method.java:606) ~[?:1.7.0_45]
	at junit.framework.TestCase.runTest(TestCase.java:168) [junit.jar:?]
	at junit.framework.TestCase.runBare(TestCase.java:134) [junit.jar:?]
	at junit.framework.TestResult$1.protect(TestResult.java:110) [junit.jar:?]
	at junit.framework.TestResult.runProtected(TestResult.java:128) [junit.jar:?]
	at junit.framework.TestResult.run(TestResult.java:113) [junit.jar:?]
	at junit.framework.TestCase.run(TestCase.java:124) [junit.jar:?]
	at junit.framework.TestSuite.runTest(TestSuite.java:243) [junit.jar:?]
	at junit.framework.TestSuite.run(TestSuite.java:238) [junit.jar:?]
	at org.eclipse.jdt.internal.junit.runner.junit3.JUnit3TestReference.run(JUnit3TestReference.java:130) [.cp/:?]
	at org.eclipse.jdt.internal.junit.runner.TestExecution.run(TestExecution.java:38) [.cp/:?]
	at org.eclipse.jdt.internal.junit.runner.RemoteTestRunner.runTests(RemoteTestRunner.java:467) [.cp/:?]
	at org.eclipse.jdt.internal.junit.runner.RemoteTestRunner.runTests(RemoteTestRunner.java:683) [.cp/:?]
	at org.eclipse.jdt.internal.junit.runner.RemoteTestRunner.run(RemoteTestRunner.java:390) [.cp/:?]
	at org.eclipse.jdt.internal.junit.runner.RemoteTestRunner.main(RemoteTestRunner.java:197) [.cp/:?]
Caused by: org.postgresql.util.PSQLException: ERROR: current transaction is aborted, commands ignored until end of transaction block
	at org.postgresql.core.v3.QueryExecutorImpl.receiveErrorResponse(QueryExecutorImpl.java:2102) ~[postgresql-9.1-901.jdbc4.jar:?]
	at org.postgresql.core.v3.QueryExecutorImpl.processResults(QueryExecutorImpl.java:1835) ~[postgresql-9.1-901.jdbc4.jar:?]
	at org.postgresql.core.v3.QueryExecutorImpl.execute(QueryExecutorImpl.java:257) ~[postgresql-9.1-901.jdbc4.jar:?]
	at org.postgresql.jdbc2.AbstractJdbc2Statement.execute(AbstractJdbc2Statement.java:500) ~[postgresql-9.1-901.jdbc4.jar:?]
	at org.postgresql.jdbc2.AbstractJdbc2Statement.executeWithFlags(AbstractJdbc2Statement.java:388) ~[postgresql-9.1-901.jdbc4.jar:?]
	at org.postgresql.jdbc2.AbstractJdbc2Statement.executeQuery(AbstractJdbc2Statement.java:273) ~[postgresql-9.1-901.jdbc4.jar:?]
	at org.hibernate.engine.jdbc.internal.ResultSetReturnImpl.extract(ResultSetReturnImpl.java:56) ~[hibernate-core-4.2.7.SP1.jar:4.2.7.SP1]
	... 39 more
ERROR | 17/Dec/2013 11:58:51,381 | GenericDAOImp.java:86 |Can not get the result from the DB due an error: 
org.hibernate.exception.GenericJDBCException: could not extract ResultSet
	at org.hibernate.exception.internal.StandardSQLExceptionConverter.convert(StandardSQLExceptionConverter.java:54) ~[hibernate-core-4.2.7.SP1.jar:4.2.7.SP1]
	at org.hibernate.engine.jdbc.spi.SqlExceptionHelper.convert(SqlExceptionHelper.java:125) ~[hibernate-core-4.2.7.SP1.jar:4.2.7.SP1]
	at org.hibernate.engine.jdbc.spi.SqlExceptionHelper.convert(SqlExceptionHelper.java:110) ~[hibernate-core-4.2.7.SP1.jar:4.2.7.SP1]
	at org.hibernate.engine.jdbc.internal.ResultSetReturnImpl.extract(ResultSetReturnImpl.java:61) ~[hibernate-core-4.2.7.SP1.jar:4.2.7.SP1]
	at org.hibernate.loader.Loader.getResultSet(Loader.java:2040) ~[hibernate-core-4.2.7.SP1.jar:4.2.7.SP1]
	at org.hibernate.loader.Loader.executeQueryStatement(Loader.java:1837) ~[hibernate-core-4.2.7.SP1.jar:4.2.7.SP1]
	at org.hibernate.loader.Loader.executeQueryStatement(Loader.java:1816) ~[hibernate-core-4.2.7.SP1.jar:4.2.7.SP1]
	at org.hibernate.loader.Loader.doQuery(Loader.java:900) ~[hibernate-core-4.2.7.SP1.jar:4.2.7.SP1]
	at org.hibernate.loader.Loader.doQueryAndInitializeNonLazyCollections(Loader.java:342) ~[hibernate-core-4.2.7.SP1.jar:4.2.7.SP1]
	at org.hibernate.loader.Loader.doQueryAndInitializeNonLazyCollections(Loader.java:312) ~[hibernate-core-4.2.7.SP1.jar:4.2.7.SP1]
	at org.hibernate.loader.Loader.loadEntity(Loader.java:2121) ~[hibernate-core-4.2.7.SP1.jar:4.2.7.SP1]
	at org.hibernate.loader.entity.AbstractEntityLoader.load(AbstractEntityLoader.java:82) ~[hibernate-core-4.2.7.SP1.jar:4.2.7.SP1]
	at org.hibernate.loader.entity.AbstractEntityLoader.load(AbstractEntityLoader.java:72) ~[hibernate-core-4.2.7.SP1.jar:4.2.7.SP1]
	at org.hibernate.persister.entity.AbstractEntityPersister.load(AbstractEntityPersister.java:3941) ~[hibernate-core-4.2.7.SP1.jar:4.2.7.SP1]
	at org.hibernate.event.internal.DefaultLoadEventListener.loadFromDatasource(DefaultLoadEventListener.java:460) ~[hibernate-core-4.2.7.SP1.jar:4.2.7.SP1]
	at org.hibernate.event.internal.DefaultLoadEventListener.doLoad(DefaultLoadEventListener.java:429) ~[hibernate-core-4.2.7.SP1.jar:4.2.7.SP1]
	at org.hibernate.event.internal.DefaultLoadEventListener.load(DefaultLoadEventListener.java:206) ~[hibernate-core-4.2.7.SP1.jar:4.2.7.SP1]
	at org.hibernate.event.internal.DefaultLoadEventListener.proxyOrLoad(DefaultLoadEventListener.java:262) ~[hibernate-core-4.2.7.SP1.jar:4.2.7.SP1]
	at org.hibernate.event.internal.DefaultLoadEventListener.onLoad(DefaultLoadEventListener.java:150) ~[hibernate-core-4.2.7.SP1.jar:4.2.7.SP1]
	at org.hibernate.internal.SessionImpl.fireLoad(SessionImpl.java:1098) ~[hibernate-core-4.2.7.SP1.jar:4.2.7.SP1]
	at org.hibernate.internal.SessionImpl.access$2000(SessionImpl.java:175) ~[hibernate-core-4.2.7.SP1.jar:4.2.7.SP1]
	at org.hibernate.internal.SessionImpl$IdentifierLoadAccessImpl.load(SessionImpl.java:2482) ~[hibernate-core-4.2.7.SP1.jar:4.2.7.SP1]
	at org.hibernate.internal.SessionImpl.get(SessionImpl.java:994) ~[hibernate-core-4.2.7.SP1.jar:4.2.7.SP1]
	at es.upm.emse.enteridea.persistence.dao.imp.GenericDAOImp.read(GenericDAOImp.java:83) [classes/:?]
	at test.es.upm.emse.enteridea.persistence.dao.imp.GenericDAOImpTest.testVoteIdea(GenericDAOImpTest.java:217) [classes/:?]
	at sun.reflect.NativeMethodAccessorImpl.invoke0(Native Method) ~[?:1.7.0_45]
	at sun.reflect.NativeMethodAccessorImpl.invoke(NativeMethodAccessorImpl.java:57) ~[?:1.7.0_45]
	at sun.reflect.DelegatingMethodAccessorImpl.invoke(DelegatingMethodAccessorImpl.java:43) ~[?:1.7.0_45]
	at java.lang.reflect.Method.invoke(Method.java:606) ~[?:1.7.0_45]
	at junit.framework.TestCase.runTest(TestCase.java:168) [junit.jar:?]
	at junit.framework.TestCase.runBare(TestCase.java:134) [junit.jar:?]
	at junit.framework.TestResult$1.protect(TestResult.java:110) [junit.jar:?]
	at junit.framework.TestResult.runProtected(TestResult.java:128) [junit.jar:?]
	at junit.framework.TestResult.run(TestResult.java:113) [junit.jar:?]
	at junit.framework.TestCase.run(TestCase.java:124) [junit.jar:?]
	at junit.framework.TestSuite.runTest(TestSuite.java:243) [junit.jar:?]
	at junit.framework.TestSuite.run(TestSuite.java:238) [junit.jar:?]
	at org.eclipse.jdt.internal.junit.runner.junit3.JUnit3TestReference.run(JUnit3TestReference.java:130) [.cp/:?]
	at org.eclipse.jdt.internal.junit.runner.TestExecution.run(TestExecution.java:38) [.cp/:?]
	at org.eclipse.jdt.internal.junit.runner.RemoteTestRunner.runTests(RemoteTestRunner.java:467) [.cp/:?]
	at org.eclipse.jdt.internal.junit.runner.RemoteTestRunner.runTests(RemoteTestRunner.java:683) [.cp/:?]
	at org.eclipse.jdt.internal.junit.runner.RemoteTestRunner.run(RemoteTestRunner.java:390) [.cp/:?]
	at org.eclipse.jdt.internal.junit.runner.RemoteTestRunner.main(RemoteTestRunner.java:197) [.cp/:?]
Caused by: org.postgresql.util.PSQLException: ERROR: current transaction is aborted, commands ignored until end of transaction block
	at org.postgresql.core.v3.QueryExecutorImpl.receiveErrorResponse(QueryExecutorImpl.java:2102) ~[postgresql-9.1-901.jdbc4.jar:?]
	at org.postgresql.core.v3.QueryExecutorImpl.processResults(QueryExecutorImpl.java:1835) ~[postgresql-9.1-901.jdbc4.jar:?]
	at org.postgresql.core.v3.QueryExecutorImpl.execute(QueryExecutorImpl.java:257) ~[postgresql-9.1-901.jdbc4.jar:?]
	at org.postgresql.jdbc2.AbstractJdbc2Statement.execute(AbstractJdbc2Statement.java:500) ~[postgresql-9.1-901.jdbc4.jar:?]
	at org.postgresql.jdbc2.AbstractJdbc2Statement.executeWithFlags(AbstractJdbc2Statement.java:388) ~[postgresql-9.1-901.jdbc4.jar:?]
	at org.postgresql.jdbc2.AbstractJdbc2Statement.executeQuery(AbstractJdbc2Statement.java:273) ~[postgresql-9.1-901.jdbc4.jar:?]
	at org.hibernate.engine.jdbc.internal.ResultSetReturnImpl.extract(ResultSetReturnImpl.java:56) ~[hibernate-core-4.2.7.SP1.jar:4.2.7.SP1]
	... 39 more
ERROR | 17/Dec/2013 11:58:51,470 | GenericDAOImp.java:86 |Can not get the result from the DB due an error: 
org.hibernate.exception.GenericJDBCException: could not extract ResultSet
	at org.hibernate.exception.internal.StandardSQLExceptionConverter.convert(StandardSQLExceptionConverter.java:54) ~[hibernate-core-4.2.7.SP1.jar:4.2.7.SP1]
	at org.hibernate.engine.jdbc.spi.SqlExceptionHelper.convert(SqlExceptionHelper.java:125) ~[hibernate-core-4.2.7.SP1.jar:4.2.7.SP1]
	at org.hibernate.engine.jdbc.spi.SqlExceptionHelper.convert(SqlExceptionHelper.java:110) ~[hibernate-core-4.2.7.SP1.jar:4.2.7.SP1]
	at org.hibernate.engine.jdbc.internal.ResultSetReturnImpl.extract(ResultSetReturnImpl.java:61) ~[hibernate-core-4.2.7.SP1.jar:4.2.7.SP1]
	at org.hibernate.loader.Loader.getResultSet(Loader.java:2040) ~[hibernate-core-4.2.7.SP1.jar:4.2.7.SP1]
	at org.hibernate.loader.Loader.executeQueryStatement(Loader.java:1837) ~[hibernate-core-4.2.7.SP1.jar:4.2.7.SP1]
	at org.hibernate.loader.Loader.executeQueryStatement(Loader.java:1816) ~[hibernate-core-4.2.7.SP1.jar:4.2.7.SP1]
	at org.hibernate.loader.Loader.doQuery(Loader.java:900) ~[hibernate-core-4.2.7.SP1.jar:4.2.7.SP1]
	at org.hibernate.loader.Loader.doQueryAndInitializeNonLazyCollections(Loader.java:342) ~[hibernate-core-4.2.7.SP1.jar:4.2.7.SP1]
	at org.hibernate.loader.Loader.doQueryAndInitializeNonLazyCollections(Loader.java:312) ~[hibernate-core-4.2.7.SP1.jar:4.2.7.SP1]
	at org.hibernate.loader.Loader.loadEntity(Loader.java:2121) ~[hibernate-core-4.2.7.SP1.jar:4.2.7.SP1]
	at org.hibernate.loader.entity.AbstractEntityLoader.load(AbstractEntityLoader.java:82) ~[hibernate-core-4.2.7.SP1.jar:4.2.7.SP1]
	at org.hibernate.loader.entity.AbstractEntityLoader.load(AbstractEntityLoader.java:72) ~[hibernate-core-4.2.7.SP1.jar:4.2.7.SP1]
	at org.hibernate.persister.entity.AbstractEntityPersister.load(AbstractEntityPersister.java:3941) ~[hibernate-core-4.2.7.SP1.jar:4.2.7.SP1]
	at org.hibernate.event.internal.DefaultLoadEventListener.loadFromDatasource(DefaultLoadEventListener.java:460) ~[hibernate-core-4.2.7.SP1.jar:4.2.7.SP1]
	at org.hibernate.event.internal.DefaultLoadEventListener.doLoad(DefaultLoadEventListener.java:429) ~[hibernate-core-4.2.7.SP1.jar:4.2.7.SP1]
	at org.hibernate.event.internal.DefaultLoadEventListener.load(DefaultLoadEventListener.java:206) ~[hibernate-core-4.2.7.SP1.jar:4.2.7.SP1]
	at org.hibernate.event.internal.DefaultLoadEventListener.proxyOrLoad(DefaultLoadEventListener.java:262) ~[hibernate-core-4.2.7.SP1.jar:4.2.7.SP1]
	at org.hibernate.event.internal.DefaultLoadEventListener.onLoad(DefaultLoadEventListener.java:150) ~[hibernate-core-4.2.7.SP1.jar:4.2.7.SP1]
	at org.hibernate.internal.SessionImpl.fireLoad(SessionImpl.java:1098) ~[hibernate-core-4.2.7.SP1.jar:4.2.7.SP1]
	at org.hibernate.internal.SessionImpl.access$2000(SessionImpl.java:175) ~[hibernate-core-4.2.7.SP1.jar:4.2.7.SP1]
	at org.hibernate.internal.SessionImpl$IdentifierLoadAccessImpl.load(SessionImpl.java:2482) ~[hibernate-core-4.2.7.SP1.jar:4.2.7.SP1]
	at org.hibernate.internal.SessionImpl.get(SessionImpl.java:994) ~[hibernate-core-4.2.7.SP1.jar:4.2.7.SP1]
	at es.upm.emse.enteridea.persistence.dao.imp.GenericDAOImp.read(GenericDAOImp.java:83) [classes/:?]
	at test.es.upm.emse.enteridea.persistence.dao.imp.GenericDAOImpTest.testExecuteQuery(GenericDAOImpTest.java:244) [classes/:?]
	at sun.reflect.NativeMethodAccessorImpl.invoke0(Native Method) ~[?:1.7.0_45]
	at sun.reflect.NativeMethodAccessorImpl.invoke(NativeMethodAccessorImpl.java:57) ~[?:1.7.0_45]
	at sun.reflect.DelegatingMethodAccessorImpl.invoke(DelegatingMethodAccessorImpl.java:43) ~[?:1.7.0_45]
	at java.lang.reflect.Method.invoke(Method.java:606) ~[?:1.7.0_45]
	at junit.framework.TestCase.runTest(TestCase.java:168) [junit.jar:?]
	at junit.framework.TestCase.runBare(TestCase.java:134) [junit.jar:?]
	at junit.framework.TestResult$1.protect(TestResult.java:110) [junit.jar:?]
	at junit.framework.TestResult.runProtected(TestResult.java:128) [junit.jar:?]
	at junit.framework.TestResult.run(TestResult.java:113) [junit.jar:?]
	at junit.framework.TestCase.run(TestCase.java:124) [junit.jar:?]
	at junit.framework.TestSuite.runTest(TestSuite.java:243) [junit.jar:?]
	at junit.framework.TestSuite.run(TestSuite.java:238) [junit.jar:?]
	at org.eclipse.jdt.internal.junit.runner.junit3.JUnit3TestReference.run(JUnit3TestReference.java:130) [.cp/:?]
	at org.eclipse.jdt.internal.junit.runner.TestExecution.run(TestExecution.java:38) [.cp/:?]
	at org.eclipse.jdt.internal.junit.runner.RemoteTestRunner.runTests(RemoteTestRunner.java:467) [.cp/:?]
	at org.eclipse.jdt.internal.junit.runner.RemoteTestRunner.runTests(RemoteTestRunner.java:683) [.cp/:?]
	at org.eclipse.jdt.internal.junit.runner.RemoteTestRunner.run(RemoteTestRunner.java:390) [.cp/:?]
	at org.eclipse.jdt.internal.junit.runner.RemoteTestRunner.main(RemoteTestRunner.java:197) [.cp/:?]
Caused by: org.postgresql.util.PSQLException: ERROR: current transaction is aborted, commands ignored until end of transaction block
	at org.postgresql.core.v3.QueryExecutorImpl.receiveErrorResponse(QueryExecutorImpl.java:2102) ~[postgresql-9.1-901.jdbc4.jar:?]
	at org.postgresql.core.v3.QueryExecutorImpl.processResults(QueryExecutorImpl.java:1835) ~[postgresql-9.1-901.jdbc4.jar:?]
	at org.postgresql.core.v3.QueryExecutorImpl.execute(QueryExecutorImpl.java:257) ~[postgresql-9.1-901.jdbc4.jar:?]
	at org.postgresql.jdbc2.AbstractJdbc2Statement.execute(AbstractJdbc2Statement.java:500) ~[postgresql-9.1-901.jdbc4.jar:?]
	at org.postgresql.jdbc2.AbstractJdbc2Statement.executeWithFlags(AbstractJdbc2Statement.java:388) ~[postgresql-9.1-901.jdbc4.jar:?]
	at org.postgresql.jdbc2.AbstractJdbc2Statement.executeQuery(AbstractJdbc2Statement.java:273) ~[postgresql-9.1-901.jdbc4.jar:?]
	at org.hibernate.engine.jdbc.internal.ResultSetReturnImpl.extract(ResultSetReturnImpl.java:56) ~[hibernate-core-4.2.7.SP1.jar:4.2.7.SP1]
	... 39 more
ERROR | 17/Dec/2013 11:58:51,530 | GenericDAOImp.java:128 |Can not DELETE the object into the database due an error: 
org.hibernate.exception.GenericJDBCException: could not extract ResultSet
	at org.hibernate.exception.internal.StandardSQLExceptionConverter.convert(StandardSQLExceptionConverter.java:54) ~[hibernate-core-4.2.7.SP1.jar:4.2.7.SP1]
	at org.hibernate.engine.jdbc.spi.SqlExceptionHelper.convert(SqlExceptionHelper.java:125) ~[hibernate-core-4.2.7.SP1.jar:4.2.7.SP1]
	at org.hibernate.engine.jdbc.spi.SqlExceptionHelper.convert(SqlExceptionHelper.java:110) ~[hibernate-core-4.2.7.SP1.jar:4.2.7.SP1]
	at org.hibernate.engine.jdbc.internal.ResultSetReturnImpl.extract(ResultSetReturnImpl.java:61) ~[hibernate-core-4.2.7.SP1.jar:4.2.7.SP1]
	at org.hibernate.loader.Loader.getResultSet(Loader.java:2040) ~[hibernate-core-4.2.7.SP1.jar:4.2.7.SP1]
	at org.hibernate.loader.Loader.executeQueryStatement(Loader.java:1837) ~[hibernate-core-4.2.7.SP1.jar:4.2.7.SP1]
	at org.hibernate.loader.Loader.executeQueryStatement(Loader.java:1816) ~[hibernate-core-4.2.7.SP1.jar:4.2.7.SP1]
	at org.hibernate.loader.Loader.doQuery(Loader.java:900) ~[hibernate-core-4.2.7.SP1.jar:4.2.7.SP1]
	at org.hibernate.loader.Loader.doQueryAndInitializeNonLazyCollections(Loader.java:342) ~[hibernate-core-4.2.7.SP1.jar:4.2.7.SP1]
	at org.hibernate.loader.Loader.doQueryAndInitializeNonLazyCollections(Loader.java:312) ~[hibernate-core-4.2.7.SP1.jar:4.2.7.SP1]
	at org.hibernate.loader.Loader.loadEntity(Loader.java:2121) ~[hibernate-core-4.2.7.SP1.jar:4.2.7.SP1]
	at org.hibernate.loader.entity.AbstractEntityLoader.load(AbstractEntityLoader.java:82) ~[hibernate-core-4.2.7.SP1.jar:4.2.7.SP1]
	at org.hibernate.loader.entity.AbstractEntityLoader.load(AbstractEntityLoader.java:72) ~[hibernate-core-4.2.7.SP1.jar:4.2.7.SP1]
	at org.hibernate.persister.entity.AbstractEntityPersister.load(AbstractEntityPersister.java:3941) ~[hibernate-core-4.2.7.SP1.jar:4.2.7.SP1]
	at org.hibernate.event.internal.DefaultLoadEventListener.loadFromDatasource(DefaultLoadEventListener.java:460) ~[hibernate-core-4.2.7.SP1.jar:4.2.7.SP1]
	at org.hibernate.event.internal.DefaultLoadEventListener.doLoad(DefaultLoadEventListener.java:429) ~[hibernate-core-4.2.7.SP1.jar:4.2.7.SP1]
	at org.hibernate.event.internal.DefaultLoadEventListener.load(DefaultLoadEventListener.java:206) ~[hibernate-core-4.2.7.SP1.jar:4.2.7.SP1]
	at org.hibernate.event.internal.DefaultLoadEventListener.proxyOrLoad(DefaultLoadEventListener.java:262) ~[hibernate-core-4.2.7.SP1.jar:4.2.7.SP1]
	at org.hibernate.event.internal.DefaultLoadEventListener.onLoad(DefaultLoadEventListener.java:150) ~[hibernate-core-4.2.7.SP1.jar:4.2.7.SP1]
	at org.hibernate.internal.SessionImpl.fireLoad(SessionImpl.java:1098) ~[hibernate-core-4.2.7.SP1.jar:4.2.7.SP1]
	at org.hibernate.internal.SessionImpl.access$2000(SessionImpl.java:175) ~[hibernate-core-4.2.7.SP1.jar:4.2.7.SP1]
	at org.hibernate.internal.SessionImpl$IdentifierLoadAccessImpl.load(SessionImpl.java:2482) ~[hibernate-core-4.2.7.SP1.jar:4.2.7.SP1]
	at org.hibernate.internal.SessionImpl.get(SessionImpl.java:994) ~[hibernate-core-4.2.7.SP1.jar:4.2.7.SP1]
	at es.upm.emse.enteridea.persistence.dao.imp.GenericDAOImp.delete(GenericDAOImp.java:124) [classes/:?]
	at test.es.upm.emse.enteridea.persistence.dao.imp.GenericDAOImpTest.testExecuteQuery(GenericDAOImpTest.java:268) [classes/:?]
	at sun.reflect.NativeMethodAccessorImpl.invoke0(Native Method) ~[?:1.7.0_45]
	at sun.reflect.NativeMethodAccessorImpl.invoke(NativeMethodAccessorImpl.java:57) ~[?:1.7.0_45]
	at sun.reflect.DelegatingMethodAccessorImpl.invoke(DelegatingMethodAccessorImpl.java:43) ~[?:1.7.0_45]
	at java.lang.reflect.Method.invoke(Method.java:606) ~[?:1.7.0_45]
	at junit.framework.TestCase.runTest(TestCase.java:168) [junit.jar:?]
	at junit.framework.TestCase.runBare(TestCase.java:134) [junit.jar:?]
	at junit.framework.TestResult$1.protect(TestResult.java:110) [junit.jar:?]
	at junit.framework.TestResult.runProtected(TestResult.java:128) [junit.jar:?]
	at junit.framework.TestResult.run(TestResult.java:113) [junit.jar:?]
	at junit.framework.TestCase.run(TestCase.java:124) [junit.jar:?]
	at junit.framework.TestSuite.runTest(TestSuite.java:243) [junit.jar:?]
	at junit.framework.TestSuite.run(TestSuite.java:238) [junit.jar:?]
	at org.eclipse.jdt.internal.junit.runner.junit3.JUnit3TestReference.run(JUnit3TestReference.java:130) [.cp/:?]
	at org.eclipse.jdt.internal.junit.runner.TestExecution.run(TestExecution.java:38) [.cp/:?]
	at org.eclipse.jdt.internal.junit.runner.RemoteTestRunner.runTests(RemoteTestRunner.java:467) [.cp/:?]
	at org.eclipse.jdt.internal.junit.runner.RemoteTestRunner.runTests(RemoteTestRunner.java:683) [.cp/:?]
	at org.eclipse.jdt.internal.junit.runner.RemoteTestRunner.run(RemoteTestRunner.java:390) [.cp/:?]
	at org.eclipse.jdt.internal.junit.runner.RemoteTestRunner.main(RemoteTestRunner.java:197) [.cp/:?]
Caused by: org.postgresql.util.PSQLException: ERROR: current transaction is aborted, commands ignored until end of transaction block
	at org.postgresql.core.v3.QueryExecutorImpl.receiveErrorResponse(QueryExecutorImpl.java:2102) ~[postgresql-9.1-901.jdbc4.jar:?]
	at org.postgresql.core.v3.QueryExecutorImpl.processResults(QueryExecutorImpl.java:1835) ~[postgresql-9.1-901.jdbc4.jar:?]
	at org.postgresql.core.v3.QueryExecutorImpl.execute(QueryExecutorImpl.java:257) ~[postgresql-9.1-901.jdbc4.jar:?]
	at org.postgresql.jdbc2.AbstractJdbc2Statement.execute(AbstractJdbc2Statement.java:500) ~[postgresql-9.1-901.jdbc4.jar:?]
	at org.postgresql.jdbc2.AbstractJdbc2Statement.executeWithFlags(AbstractJdbc2Statement.java:388) ~[postgresql-9.1-901.jdbc4.jar:?]
	at org.postgresql.jdbc2.AbstractJdbc2Statement.executeQuery(AbstractJdbc2Statement.java:273) ~[postgresql-9.1-901.jdbc4.jar:?]
	at org.hibernate.engine.jdbc.internal.ResultSetReturnImpl.extract(ResultSetReturnImpl.java:56) ~[hibernate-core-4.2.7.SP1.jar:4.2.7.SP1]
	... 39 more
ERROR | 17/Dec/2013 11:58:51,576 | GenericDAOImp.java:151 |Can not get the result from the DB due an error: 
org.hibernate.exception.GenericJDBCException: could not extract ResultSet
	at org.hibernate.exception.internal.StandardSQLExceptionConverter.convert(StandardSQLExceptionConverter.java:54) ~[hibernate-core-4.2.7.SP1.jar:4.2.7.SP1]
	at org.hibernate.engine.jdbc.spi.SqlExceptionHelper.convert(SqlExceptionHelper.java:125) ~[hibernate-core-4.2.7.SP1.jar:4.2.7.SP1]
	at org.hibernate.engine.jdbc.spi.SqlExceptionHelper.convert(SqlExceptionHelper.java:110) ~[hibernate-core-4.2.7.SP1.jar:4.2.7.SP1]
	at org.hibernate.engine.jdbc.internal.ResultSetReturnImpl.extract(ResultSetReturnImpl.java:61) ~[hibernate-core-4.2.7.SP1.jar:4.2.7.SP1]
	at org.hibernate.loader.Loader.getResultSet(Loader.java:2040) ~[hibernate-core-4.2.7.SP1.jar:4.2.7.SP1]
	at org.hibernate.loader.Loader.executeQueryStatement(Loader.java:1837) ~[hibernate-core-4.2.7.SP1.jar:4.2.7.SP1]
	at org.hibernate.loader.Loader.executeQueryStatement(Loader.java:1816) ~[hibernate-core-4.2.7.SP1.jar:4.2.7.SP1]
	at org.hibernate.loader.Loader.doQuery(Loader.java:900) ~[hibernate-core-4.2.7.SP1.jar:4.2.7.SP1]
	at org.hibernate.loader.Loader.doQueryAndInitializeNonLazyCollections(Loader.java:342) ~[hibernate-core-4.2.7.SP1.jar:4.2.7.SP1]
	at org.hibernate.loader.Loader.doList(Loader.java:2526) ~[hibernate-core-4.2.7.SP1.jar:4.2.7.SP1]
	at org.hibernate.loader.Loader.doList(Loader.java:2512) ~[hibernate-core-4.2.7.SP1.jar:4.2.7.SP1]
	at org.hibernate.loader.Loader.listIgnoreQueryCache(Loader.java:2342) ~[hibernate-core-4.2.7.SP1.jar:4.2.7.SP1]
	at org.hibernate.loader.Loader.list(Loader.java:2337) ~[hibernate-core-4.2.7.SP1.jar:4.2.7.SP1]
	at org.hibernate.loader.hql.QueryLoader.list(QueryLoader.java:495) ~[hibernate-core-4.2.7.SP1.jar:4.2.7.SP1]
	at org.hibernate.hql.internal.ast.QueryTranslatorImpl.list(QueryTranslatorImpl.java:357) ~[hibernate-core-4.2.7.SP1.jar:4.2.7.SP1]
	at org.hibernate.engine.query.spi.HQLQueryPlan.performList(HQLQueryPlan.java:195) ~[hibernate-core-4.2.7.SP1.jar:4.2.7.SP1]
	at org.hibernate.internal.SessionImpl.list(SessionImpl.java:1275) ~[hibernate-core-4.2.7.SP1.jar:4.2.7.SP1]
	at org.hibernate.internal.QueryImpl.list(QueryImpl.java:101) ~[hibernate-core-4.2.7.SP1.jar:4.2.7.SP1]
	at es.upm.emse.enteridea.persistence.dao.imp.GenericDAOImp.executeListQuery(GenericDAOImp.java:338) ~[classes/:?]
	at es.upm.emse.enteridea.persistence.dao.imp.GenericDAOImp.getAll(GenericDAOImp.java:149) [classes/:?]
	at test.es.upm.emse.enteridea.persistence.dao.imp.GenericDAOImpTest.testReturnCount(GenericDAOImpTest.java:280) [classes/:?]
	at sun.reflect.NativeMethodAccessorImpl.invoke0(Native Method) ~[?:1.7.0_45]
	at sun.reflect.NativeMethodAccessorImpl.invoke(NativeMethodAccessorImpl.java:57) ~[?:1.7.0_45]
	at sun.reflect.DelegatingMethodAccessorImpl.invoke(DelegatingMethodAccessorImpl.java:43) ~[?:1.7.0_45]
	at java.lang.reflect.Method.invoke(Method.java:606) ~[?:1.7.0_45]
	at junit.framework.TestCase.runTest(TestCase.java:168) [junit.jar:?]
	at junit.framework.TestCase.runBare(TestCase.java:134) [junit.jar:?]
	at junit.framework.TestResult$1.protect(TestResult.java:110) [junit.jar:?]
	at junit.framework.TestResult.runProtected(TestResult.java:128) [junit.jar:?]
	at junit.framework.TestResult.run(TestResult.java:113) [junit.jar:?]
	at junit.framework.TestCase.run(TestCase.java:124) [junit.jar:?]
	at junit.framework.TestSuite.runTest(TestSuite.java:243) [junit.jar:?]
	at junit.framework.TestSuite.run(TestSuite.java:238) [junit.jar:?]
	at org.eclipse.jdt.internal.junit.runner.junit3.JUnit3TestReference.run(JUnit3TestReference.java:130) [.cp/:?]
	at org.eclipse.jdt.internal.junit.runner.TestExecution.run(TestExecution.java:38) [.cp/:?]
	at org.eclipse.jdt.internal.junit.runner.RemoteTestRunner.runTests(RemoteTestRunner.java:467) [.cp/:?]
	at org.eclipse.jdt.internal.junit.runner.RemoteTestRunner.runTests(RemoteTestRunner.java:683) [.cp/:?]
	at org.eclipse.jdt.internal.junit.runner.RemoteTestRunner.run(RemoteTestRunner.java:390) [.cp/:?]
	at org.eclipse.jdt.internal.junit.runner.RemoteTestRunner.main(RemoteTestRunner.java:197) [.cp/:?]
Caused by: org.postgresql.util.PSQLException: ERROR: current transaction is aborted, commands ignored until end of transaction block
	at org.postgresql.core.v3.QueryExecutorImpl.receiveErrorResponse(QueryExecutorImpl.java:2102) ~[postgresql-9.1-901.jdbc4.jar:?]
	at org.postgresql.core.v3.QueryExecutorImpl.processResults(QueryExecutorImpl.java:1835) ~[postgresql-9.1-901.jdbc4.jar:?]
	at org.postgresql.core.v3.QueryExecutorImpl.execute(QueryExecutorImpl.java:257) ~[postgresql-9.1-901.jdbc4.jar:?]
	at org.postgresql.jdbc2.AbstractJdbc2Statement.execute(AbstractJdbc2Statement.java:500) ~[postgresql-9.1-901.jdbc4.jar:?]
	at org.postgresql.jdbc2.AbstractJdbc2Statement.executeWithFlags(AbstractJdbc2Statement.java:388) ~[postgresql-9.1-901.jdbc4.jar:?]
	at org.postgresql.jdbc2.AbstractJdbc2Statement.executeQuery(AbstractJdbc2Statement.java:273) ~[postgresql-9.1-901.jdbc4.jar:?]
	at org.hibernate.engine.jdbc.internal.ResultSetReturnImpl.extract(ResultSetReturnImpl.java:56) ~[hibernate-core-4.2.7.SP1.jar:4.2.7.SP1]
	... 35 more
ERROR | 17/Dec/2013 11:59:22,157 | GenericDAOImp.java:86 |Can not get the result from the DB due an error: 
org.hibernate.exception.SQLGrammarException: could not extract ResultSet
	at org.hibernate.exception.internal.SQLStateConversionDelegate.convert(SQLStateConversionDelegate.java:123) ~[hibernate-core-4.2.7.SP1.jar:4.2.7.SP1]
	at org.hibernate.exception.internal.StandardSQLExceptionConverter.convert(StandardSQLExceptionConverter.java:49) ~[hibernate-core-4.2.7.SP1.jar:4.2.7.SP1]
	at org.hibernate.engine.jdbc.spi.SqlExceptionHelper.convert(SqlExceptionHelper.java:125) ~[hibernate-core-4.2.7.SP1.jar:4.2.7.SP1]
	at org.hibernate.engine.jdbc.spi.SqlExceptionHelper.convert(SqlExceptionHelper.java:110) ~[hibernate-core-4.2.7.SP1.jar:4.2.7.SP1]
	at org.hibernate.engine.jdbc.internal.ResultSetReturnImpl.extract(ResultSetReturnImpl.java:61) ~[hibernate-core-4.2.7.SP1.jar:4.2.7.SP1]
	at org.hibernate.loader.Loader.getResultSet(Loader.java:2040) ~[hibernate-core-4.2.7.SP1.jar:4.2.7.SP1]
	at org.hibernate.loader.Loader.executeQueryStatement(Loader.java:1837) ~[hibernate-core-4.2.7.SP1.jar:4.2.7.SP1]
	at org.hibernate.loader.Loader.executeQueryStatement(Loader.java:1816) ~[hibernate-core-4.2.7.SP1.jar:4.2.7.SP1]
	at org.hibernate.loader.Loader.doQuery(Loader.java:900) ~[hibernate-core-4.2.7.SP1.jar:4.2.7.SP1]
	at org.hibernate.loader.Loader.doQueryAndInitializeNonLazyCollections(Loader.java:342) ~[hibernate-core-4.2.7.SP1.jar:4.2.7.SP1]
	at org.hibernate.loader.Loader.doQueryAndInitializeNonLazyCollections(Loader.java:312) ~[hibernate-core-4.2.7.SP1.jar:4.2.7.SP1]
	at org.hibernate.loader.Loader.loadEntity(Loader.java:2121) ~[hibernate-core-4.2.7.SP1.jar:4.2.7.SP1]
	at org.hibernate.loader.entity.AbstractEntityLoader.load(AbstractEntityLoader.java:82) ~[hibernate-core-4.2.7.SP1.jar:4.2.7.SP1]
	at org.hibernate.loader.entity.AbstractEntityLoader.load(AbstractEntityLoader.java:72) ~[hibernate-core-4.2.7.SP1.jar:4.2.7.SP1]
	at org.hibernate.persister.entity.AbstractEntityPersister.load(AbstractEntityPersister.java:3941) ~[hibernate-core-4.2.7.SP1.jar:4.2.7.SP1]
	at org.hibernate.event.internal.DefaultLoadEventListener.loadFromDatasource(DefaultLoadEventListener.java:460) ~[hibernate-core-4.2.7.SP1.jar:4.2.7.SP1]
	at org.hibernate.event.internal.DefaultLoadEventListener.doLoad(DefaultLoadEventListener.java:429) ~[hibernate-core-4.2.7.SP1.jar:4.2.7.SP1]
	at org.hibernate.event.internal.DefaultLoadEventListener.load(DefaultLoadEventListener.java:206) ~[hibernate-core-4.2.7.SP1.jar:4.2.7.SP1]
	at org.hibernate.event.internal.DefaultLoadEventListener.proxyOrLoad(DefaultLoadEventListener.java:262) ~[hibernate-core-4.2.7.SP1.jar:4.2.7.SP1]
	at org.hibernate.event.internal.DefaultLoadEventListener.onLoad(DefaultLoadEventListener.java:150) ~[hibernate-core-4.2.7.SP1.jar:4.2.7.SP1]
	at org.hibernate.internal.SessionImpl.fireLoad(SessionImpl.java:1098) ~[hibernate-core-4.2.7.SP1.jar:4.2.7.SP1]
	at org.hibernate.internal.SessionImpl.access$2000(SessionImpl.java:175) ~[hibernate-core-4.2.7.SP1.jar:4.2.7.SP1]
	at org.hibernate.internal.SessionImpl$IdentifierLoadAccessImpl.load(SessionImpl.java:2482) ~[hibernate-core-4.2.7.SP1.jar:4.2.7.SP1]
	at org.hibernate.internal.SessionImpl.get(SessionImpl.java:994) ~[hibernate-core-4.2.7.SP1.jar:4.2.7.SP1]
	at es.upm.emse.enteridea.persistence.dao.imp.GenericDAOImp.read(GenericDAOImp.java:83) [classes/:?]
	at test.es.upm.emse.enteridea.persistence.dao.imp.GenericDAOImpTest.testRead(GenericDAOImpTest.java:106) [classes/:?]
	at sun.reflect.NativeMethodAccessorImpl.invoke0(Native Method) ~[?:1.7.0_45]
	at sun.reflect.NativeMethodAccessorImpl.invoke(NativeMethodAccessorImpl.java:57) ~[?:1.7.0_45]
	at sun.reflect.DelegatingMethodAccessorImpl.invoke(DelegatingMethodAccessorImpl.java:43) ~[?:1.7.0_45]
	at java.lang.reflect.Method.invoke(Method.java:606) ~[?:1.7.0_45]
	at junit.framework.TestCase.runTest(TestCase.java:168) [junit.jar:?]
	at junit.framework.TestCase.runBare(TestCase.java:134) [junit.jar:?]
	at junit.framework.TestResult$1.protect(TestResult.java:110) [junit.jar:?]
	at junit.framework.TestResult.runProtected(TestResult.java:128) [junit.jar:?]
	at junit.framework.TestResult.run(TestResult.java:113) [junit.jar:?]
	at junit.framework.TestCase.run(TestCase.java:124) [junit.jar:?]
	at junit.framework.TestSuite.runTest(TestSuite.java:243) [junit.jar:?]
	at junit.framework.TestSuite.run(TestSuite.java:238) [junit.jar:?]
	at org.junit.internal.runners.JUnit38ClassRunner.run(JUnit38ClassRunner.java:83) [junit.jar:?]
	at org.eclipse.jdt.internal.junit4.runner.JUnit4TestReference.run(JUnit4TestReference.java:50) [.cp/:?]
	at org.eclipse.jdt.internal.junit.runner.TestExecution.run(TestExecution.java:38) [.cp/:?]
	at org.eclipse.jdt.internal.junit.runner.RemoteTestRunner.runTests(RemoteTestRunner.java:467) [.cp/:?]
	at org.eclipse.jdt.internal.junit.runner.RemoteTestRunner.runTests(RemoteTestRunner.java:683) [.cp/:?]
	at org.eclipse.jdt.internal.junit.runner.RemoteTestRunner.run(RemoteTestRunner.java:390) [.cp/:?]
	at org.eclipse.jdt.internal.junit.runner.RemoteTestRunner.main(RemoteTestRunner.java:197) [.cp/:?]
Caused by: org.postgresql.util.PSQLException: ERROR: relation "comment" does not exist
  Position: 1028
	at org.postgresql.core.v3.QueryExecutorImpl.receiveErrorResponse(QueryExecutorImpl.java:2102) ~[postgresql-9.1-901.jdbc4.jar:?]
	at org.postgresql.core.v3.QueryExecutorImpl.processResults(QueryExecutorImpl.java:1835) ~[postgresql-9.1-901.jdbc4.jar:?]
	at org.postgresql.core.v3.QueryExecutorImpl.execute(QueryExecutorImpl.java:257) ~[postgresql-9.1-901.jdbc4.jar:?]
	at org.postgresql.jdbc2.AbstractJdbc2Statement.execute(AbstractJdbc2Statement.java:500) ~[postgresql-9.1-901.jdbc4.jar:?]
	at org.postgresql.jdbc2.AbstractJdbc2Statement.executeWithFlags(AbstractJdbc2Statement.java:388) ~[postgresql-9.1-901.jdbc4.jar:?]
	at org.postgresql.jdbc2.AbstractJdbc2Statement.executeQuery(AbstractJdbc2Statement.java:273) ~[postgresql-9.1-901.jdbc4.jar:?]
	at org.hibernate.engine.jdbc.internal.ResultSetReturnImpl.extract(ResultSetReturnImpl.java:56) ~[hibernate-core-4.2.7.SP1.jar:4.2.7.SP1]
	... 40 more
ERROR | 17/Dec/2013 12:04:03,889 | GenericDAOImp.java:63 |Can not SAVE the object into the database due an error: 
org.hibernate.exception.ConstraintViolationException: could not execute statement
	at org.hibernate.exception.internal.SQLStateConversionDelegate.convert(SQLStateConversionDelegate.java:129) ~[hibernate-core-4.2.7.SP1.jar:4.2.7.SP1]
	at org.hibernate.exception.internal.StandardSQLExceptionConverter.convert(StandardSQLExceptionConverter.java:49) ~[hibernate-core-4.2.7.SP1.jar:4.2.7.SP1]
	at org.hibernate.engine.jdbc.spi.SqlExceptionHelper.convert(SqlExceptionHelper.java:125) ~[hibernate-core-4.2.7.SP1.jar:4.2.7.SP1]
	at org.hibernate.engine.jdbc.spi.SqlExceptionHelper.convert(SqlExceptionHelper.java:110) ~[hibernate-core-4.2.7.SP1.jar:4.2.7.SP1]
	at org.hibernate.engine.jdbc.internal.ResultSetReturnImpl.executeUpdate(ResultSetReturnImpl.java:136) ~[hibernate-core-4.2.7.SP1.jar:4.2.7.SP1]
	at org.hibernate.engine.jdbc.batch.internal.NonBatchingBatch.addToBatch(NonBatchingBatch.java:58) ~[hibernate-core-4.2.7.SP1.jar:4.2.7.SP1]
	at org.hibernate.persister.entity.AbstractEntityPersister.insert(AbstractEntityPersister.java:3081) ~[hibernate-core-4.2.7.SP1.jar:4.2.7.SP1]
	at org.hibernate.persister.entity.AbstractEntityPersister.insert(AbstractEntityPersister.java:3523) ~[hibernate-core-4.2.7.SP1.jar:4.2.7.SP1]
	at org.hibernate.action.internal.EntityInsertAction.execute(EntityInsertAction.java:88) ~[hibernate-core-4.2.7.SP1.jar:4.2.7.SP1]
	at org.hibernate.engine.spi.ActionQueue.execute(ActionQueue.java:393) ~[hibernate-core-4.2.7.SP1.jar:4.2.7.SP1]
	at org.hibernate.engine.spi.ActionQueue.executeActions(ActionQueue.java:385) ~[hibernate-core-4.2.7.SP1.jar:4.2.7.SP1]
	at org.hibernate.engine.spi.ActionQueue.executeActions(ActionQueue.java:301) ~[hibernate-core-4.2.7.SP1.jar:4.2.7.SP1]
	at org.hibernate.event.internal.AbstractFlushingEventListener.performExecutions(AbstractFlushingEventListener.java:339) ~[hibernate-core-4.2.7.SP1.jar:4.2.7.SP1]
	at org.hibernate.event.internal.DefaultFlushEventListener.onFlush(DefaultFlushEventListener.java:52) ~[hibernate-core-4.2.7.SP1.jar:4.2.7.SP1]
	at org.hibernate.internal.SessionImpl.flush(SessionImpl.java:1240) ~[hibernate-core-4.2.7.SP1.jar:4.2.7.SP1]
	at org.hibernate.internal.SessionImpl.managedFlush(SessionImpl.java:404) ~[hibernate-core-4.2.7.SP1.jar:4.2.7.SP1]
	at org.hibernate.engine.transaction.internal.jdbc.JdbcTransaction.beforeTransactionCommit(JdbcTransaction.java:101) ~[hibernate-core-4.2.7.SP1.jar:4.2.7.SP1]
	at org.hibernate.engine.transaction.spi.AbstractTransactionImpl.commit(AbstractTransactionImpl.java:175) ~[hibernate-core-4.2.7.SP1.jar:4.2.7.SP1]
	at es.upm.emse.enteridea.persistence.dao.imp.GenericDAOImp.executeSaveUpdate(GenericDAOImp.java:297) ~[classes/:?]
	at es.upm.emse.enteridea.persistence.dao.imp.GenericDAOImp.create(GenericDAOImp.java:60) [classes/:?]
	at test.es.upm.emse.enteridea.persistence.dao.imp.GenericDAOImpTest.testCreateIdea(GenericDAOImpTest.java:94) [classes/:?]
	at sun.reflect.NativeMethodAccessorImpl.invoke0(Native Method) ~[?:1.7.0_45]
	at sun.reflect.NativeMethodAccessorImpl.invoke(NativeMethodAccessorImpl.java:57) ~[?:1.7.0_45]
	at sun.reflect.DelegatingMethodAccessorImpl.invoke(DelegatingMethodAccessorImpl.java:43) ~[?:1.7.0_45]
	at java.lang.reflect.Method.invoke(Method.java:606) ~[?:1.7.0_45]
	at junit.framework.TestCase.runTest(TestCase.java:168) [junit.jar:?]
	at junit.framework.TestCase.runBare(TestCase.java:134) [junit.jar:?]
	at junit.framework.TestResult$1.protect(TestResult.java:110) [junit.jar:?]
	at junit.framework.TestResult.runProtected(TestResult.java:128) [junit.jar:?]
	at junit.framework.TestResult.run(TestResult.java:113) [junit.jar:?]
	at junit.framework.TestCase.run(TestCase.java:124) [junit.jar:?]
	at junit.framework.TestSuite.runTest(TestSuite.java:243) [junit.jar:?]
	at junit.framework.TestSuite.run(TestSuite.java:238) [junit.jar:?]
	at org.eclipse.jdt.internal.junit.runner.junit3.JUnit3TestReference.run(JUnit3TestReference.java:130) [.cp/:?]
	at org.eclipse.jdt.internal.junit.runner.TestExecution.run(TestExecution.java:38) [.cp/:?]
	at org.eclipse.jdt.internal.junit.runner.RemoteTestRunner.runTests(RemoteTestRunner.java:467) [.cp/:?]
	at org.eclipse.jdt.internal.junit.runner.RemoteTestRunner.runTests(RemoteTestRunner.java:683) [.cp/:?]
	at org.eclipse.jdt.internal.junit.runner.RemoteTestRunner.run(RemoteTestRunner.java:390) [.cp/:?]
	at org.eclipse.jdt.internal.junit.runner.RemoteTestRunner.main(RemoteTestRunner.java:197) [.cp/:?]
Caused by: org.postgresql.util.PSQLException: ERROR: duplicate key value violates unique constraint "userenteridea_nickname_key"
  Detail: Key (nickname)=(testo) already exists.
	at org.postgresql.core.v3.QueryExecutorImpl.receiveErrorResponse(QueryExecutorImpl.java:2102) ~[postgresql-9.1-901.jdbc4.jar:?]
	at org.postgresql.core.v3.QueryExecutorImpl.processResults(QueryExecutorImpl.java:1835) ~[postgresql-9.1-901.jdbc4.jar:?]
	at org.postgresql.core.v3.QueryExecutorImpl.execute(QueryExecutorImpl.java:257) ~[postgresql-9.1-901.jdbc4.jar:?]
	at org.postgresql.jdbc2.AbstractJdbc2Statement.execute(AbstractJdbc2Statement.java:500) ~[postgresql-9.1-901.jdbc4.jar:?]
	at org.postgresql.jdbc2.AbstractJdbc2Statement.executeWithFlags(AbstractJdbc2Statement.java:388) ~[postgresql-9.1-901.jdbc4.jar:?]
	at org.postgresql.jdbc2.AbstractJdbc2Statement.executeUpdate(AbstractJdbc2Statement.java:334) ~[postgresql-9.1-901.jdbc4.jar:?]
	at org.hibernate.engine.jdbc.internal.ResultSetReturnImpl.executeUpdate(ResultSetReturnImpl.java:133) ~[hibernate-core-4.2.7.SP1.jar:4.2.7.SP1]
	... 34 more
ERROR | 17/Dec/2013 12:04:04,594 | GenericDAOImp.java:63 |Can not SAVE the object into the database due an error: 
org.hibernate.PropertyValueException: not-null property references a null or transient value: es.upm.emse.enteridea.persistence.entity.Idea.topic
	at org.hibernate.engine.internal.Nullability.checkNullability(Nullability.java:103) ~[hibernate-core-4.2.7.SP1.jar:4.2.7.SP1]
	at org.hibernate.action.internal.AbstractEntityInsertAction.nullifyTransientReferencesIfNotAlready(AbstractEntityInsertAction.java:132) ~[hibernate-core-4.2.7.SP1.jar:4.2.7.SP1]
	at org.hibernate.action.internal.AbstractEntityInsertAction.makeEntityManaged(AbstractEntityInsertAction.java:141) ~[hibernate-core-4.2.7.SP1.jar:4.2.7.SP1]
	at org.hibernate.engine.spi.ActionQueue.addResolvedEntityInsertAction(ActionQueue.java:233) ~[hibernate-core-4.2.7.SP1.jar:4.2.7.SP1]
	at org.hibernate.engine.spi.ActionQueue.addInsertAction(ActionQueue.java:207) ~[hibernate-core-4.2.7.SP1.jar:4.2.7.SP1]
	at org.hibernate.engine.spi.ActionQueue.addAction(ActionQueue.java:150) ~[hibernate-core-4.2.7.SP1.jar:4.2.7.SP1]
	at org.hibernate.event.internal.AbstractSaveEventListener.addInsertAction(AbstractSaveEventListener.java:329) ~[hibernate-core-4.2.7.SP1.jar:4.2.7.SP1]
	at org.hibernate.event.internal.AbstractSaveEventListener.performSaveOrReplicate(AbstractSaveEventListener.java:286) ~[hibernate-core-4.2.7.SP1.jar:4.2.7.SP1]
	at org.hibernate.event.internal.AbstractSaveEventListener.performSave(AbstractSaveEventListener.java:192) ~[hibernate-core-4.2.7.SP1.jar:4.2.7.SP1]
	at org.hibernate.event.internal.AbstractSaveEventListener.saveWithGeneratedId(AbstractSaveEventListener.java:135) ~[hibernate-core-4.2.7.SP1.jar:4.2.7.SP1]
	at org.hibernate.event.internal.DefaultSaveOrUpdateEventListener.saveWithGeneratedOrRequestedId(DefaultSaveOrUpdateEventListener.java:206) ~[hibernate-core-4.2.7.SP1.jar:4.2.7.SP1]
	at org.hibernate.event.internal.DefaultSaveEventListener.saveWithGeneratedOrRequestedId(DefaultSaveEventListener.java:55) ~[hibernate-core-4.2.7.SP1.jar:4.2.7.SP1]
	at org.hibernate.event.internal.DefaultSaveOrUpdateEventListener.entityIsTransient(DefaultSaveOrUpdateEventListener.java:191) ~[hibernate-core-4.2.7.SP1.jar:4.2.7.SP1]
	at org.hibernate.event.internal.DefaultSaveEventListener.performSaveOrUpdate(DefaultSaveEventListener.java:49) ~[hibernate-core-4.2.7.SP1.jar:4.2.7.SP1]
	at org.hibernate.event.internal.DefaultSaveOrUpdateEventListener.onSaveOrUpdate(DefaultSaveOrUpdateEventListener.java:90) ~[hibernate-core-4.2.7.SP1.jar:4.2.7.SP1]
	at org.hibernate.internal.SessionImpl.fireSave(SessionImpl.java:764) ~[hibernate-core-4.2.7.SP1.jar:4.2.7.SP1]
	at org.hibernate.internal.SessionImpl.save(SessionImpl.java:756) ~[hibernate-core-4.2.7.SP1.jar:4.2.7.SP1]
	at org.hibernate.internal.SessionImpl.save(SessionImpl.java:752) ~[hibernate-core-4.2.7.SP1.jar:4.2.7.SP1]
	at es.upm.emse.enteridea.persistence.dao.imp.GenericDAOImp.executeSaveUpdate(GenericDAOImp.java:288) ~[classes/:?]
	at es.upm.emse.enteridea.persistence.dao.imp.GenericDAOImp.create(GenericDAOImp.java:60) [classes/:?]
	at test.es.upm.emse.enteridea.persistence.dao.imp.GenericDAOImpTest.testCreateIdeaExistingUserAndTopic(GenericDAOImpTest.java:138) [classes/:?]
	at sun.reflect.NativeMethodAccessorImpl.invoke0(Native Method) ~[?:1.7.0_45]
	at sun.reflect.NativeMethodAccessorImpl.invoke(NativeMethodAccessorImpl.java:57) ~[?:1.7.0_45]
	at sun.reflect.DelegatingMethodAccessorImpl.invoke(DelegatingMethodAccessorImpl.java:43) ~[?:1.7.0_45]
	at java.lang.reflect.Method.invoke(Method.java:606) ~[?:1.7.0_45]
	at junit.framework.TestCase.runTest(TestCase.java:168) [junit.jar:?]
	at junit.framework.TestCase.runBare(TestCase.java:134) [junit.jar:?]
	at junit.framework.TestResult$1.protect(TestResult.java:110) [junit.jar:?]
	at junit.framework.TestResult.runProtected(TestResult.java:128) [junit.jar:?]
	at junit.framework.TestResult.run(TestResult.java:113) [junit.jar:?]
	at junit.framework.TestCase.run(TestCase.java:124) [junit.jar:?]
	at junit.framework.TestSuite.runTest(TestSuite.java:243) [junit.jar:?]
	at junit.framework.TestSuite.run(TestSuite.java:238) [junit.jar:?]
	at org.eclipse.jdt.internal.junit.runner.junit3.JUnit3TestReference.run(JUnit3TestReference.java:130) [.cp/:?]
	at org.eclipse.jdt.internal.junit.runner.TestExecution.run(TestExecution.java:38) [.cp/:?]
	at org.eclipse.jdt.internal.junit.runner.RemoteTestRunner.runTests(RemoteTestRunner.java:467) [.cp/:?]
	at org.eclipse.jdt.internal.junit.runner.RemoteTestRunner.runTests(RemoteTestRunner.java:683) [.cp/:?]
	at org.eclipse.jdt.internal.junit.runner.RemoteTestRunner.run(RemoteTestRunner.java:390) [.cp/:?]
	at org.eclipse.jdt.internal.junit.runner.RemoteTestRunner.main(RemoteTestRunner.java:197) [.cp/:?]
ERROR | 17/Dec/2013 12:04:04,663 | GenericDAOImp.java:63 |Can not SAVE the object into the database due an error: 
org.hibernate.PropertyValueException: not-null property references a null or transient value: es.upm.emse.enteridea.persistence.entity.IdeaComment.idea
	at org.hibernate.engine.internal.Nullability.checkNullability(Nullability.java:103) ~[hibernate-core-4.2.7.SP1.jar:4.2.7.SP1]
	at org.hibernate.action.internal.AbstractEntityInsertAction.nullifyTransientReferencesIfNotAlready(AbstractEntityInsertAction.java:132) ~[hibernate-core-4.2.7.SP1.jar:4.2.7.SP1]
	at org.hibernate.action.internal.AbstractEntityInsertAction.makeEntityManaged(AbstractEntityInsertAction.java:141) ~[hibernate-core-4.2.7.SP1.jar:4.2.7.SP1]
	at org.hibernate.engine.spi.ActionQueue.addResolvedEntityInsertAction(ActionQueue.java:233) ~[hibernate-core-4.2.7.SP1.jar:4.2.7.SP1]
	at org.hibernate.engine.spi.ActionQueue.addInsertAction(ActionQueue.java:207) ~[hibernate-core-4.2.7.SP1.jar:4.2.7.SP1]
	at org.hibernate.engine.spi.ActionQueue.addAction(ActionQueue.java:150) ~[hibernate-core-4.2.7.SP1.jar:4.2.7.SP1]
	at org.hibernate.event.internal.AbstractSaveEventListener.addInsertAction(AbstractSaveEventListener.java:329) ~[hibernate-core-4.2.7.SP1.jar:4.2.7.SP1]
	at org.hibernate.event.internal.AbstractSaveEventListener.performSaveOrReplicate(AbstractSaveEventListener.java:286) ~[hibernate-core-4.2.7.SP1.jar:4.2.7.SP1]
	at org.hibernate.event.internal.AbstractSaveEventListener.performSave(AbstractSaveEventListener.java:192) ~[hibernate-core-4.2.7.SP1.jar:4.2.7.SP1]
	at org.hibernate.event.internal.AbstractSaveEventListener.saveWithGeneratedId(AbstractSaveEventListener.java:135) ~[hibernate-core-4.2.7.SP1.jar:4.2.7.SP1]
	at org.hibernate.event.internal.DefaultSaveOrUpdateEventListener.saveWithGeneratedOrRequestedId(DefaultSaveOrUpdateEventListener.java:206) ~[hibernate-core-4.2.7.SP1.jar:4.2.7.SP1]
	at org.hibernate.event.internal.DefaultSaveEventListener.saveWithGeneratedOrRequestedId(DefaultSaveEventListener.java:55) ~[hibernate-core-4.2.7.SP1.jar:4.2.7.SP1]
	at org.hibernate.event.internal.DefaultSaveOrUpdateEventListener.entityIsTransient(DefaultSaveOrUpdateEventListener.java:191) ~[hibernate-core-4.2.7.SP1.jar:4.2.7.SP1]
	at org.hibernate.event.internal.DefaultSaveEventListener.performSaveOrUpdate(DefaultSaveEventListener.java:49) ~[hibernate-core-4.2.7.SP1.jar:4.2.7.SP1]
	at org.hibernate.event.internal.DefaultSaveOrUpdateEventListener.onSaveOrUpdate(DefaultSaveOrUpdateEventListener.java:90) ~[hibernate-core-4.2.7.SP1.jar:4.2.7.SP1]
	at org.hibernate.internal.SessionImpl.fireSave(SessionImpl.java:764) ~[hibernate-core-4.2.7.SP1.jar:4.2.7.SP1]
	at org.hibernate.internal.SessionImpl.save(SessionImpl.java:756) ~[hibernate-core-4.2.7.SP1.jar:4.2.7.SP1]
	at org.hibernate.internal.SessionImpl.save(SessionImpl.java:752) ~[hibernate-core-4.2.7.SP1.jar:4.2.7.SP1]
	at es.upm.emse.enteridea.persistence.dao.imp.GenericDAOImp.executeSaveUpdate(GenericDAOImp.java:288) ~[classes/:?]
	at es.upm.emse.enteridea.persistence.dao.imp.GenericDAOImp.create(GenericDAOImp.java:60) [classes/:?]
	at test.es.upm.emse.enteridea.persistence.dao.imp.GenericDAOImpTest.testInsertComment(GenericDAOImpTest.java:169) [classes/:?]
	at sun.reflect.NativeMethodAccessorImpl.invoke0(Native Method) ~[?:1.7.0_45]
	at sun.reflect.NativeMethodAccessorImpl.invoke(NativeMethodAccessorImpl.java:57) ~[?:1.7.0_45]
	at sun.reflect.DelegatingMethodAccessorImpl.invoke(DelegatingMethodAccessorImpl.java:43) ~[?:1.7.0_45]
	at java.lang.reflect.Method.invoke(Method.java:606) ~[?:1.7.0_45]
	at junit.framework.TestCase.runTest(TestCase.java:168) [junit.jar:?]
	at junit.framework.TestCase.runBare(TestCase.java:134) [junit.jar:?]
	at junit.framework.TestResult$1.protect(TestResult.java:110) [junit.jar:?]
	at junit.framework.TestResult.runProtected(TestResult.java:128) [junit.jar:?]
	at junit.framework.TestResult.run(TestResult.java:113) [junit.jar:?]
	at junit.framework.TestCase.run(TestCase.java:124) [junit.jar:?]
	at junit.framework.TestSuite.runTest(TestSuite.java:243) [junit.jar:?]
	at junit.framework.TestSuite.run(TestSuite.java:238) [junit.jar:?]
	at org.eclipse.jdt.internal.junit.runner.junit3.JUnit3TestReference.run(JUnit3TestReference.java:130) [.cp/:?]
	at org.eclipse.jdt.internal.junit.runner.TestExecution.run(TestExecution.java:38) [.cp/:?]
	at org.eclipse.jdt.internal.junit.runner.RemoteTestRunner.runTests(RemoteTestRunner.java:467) [.cp/:?]
	at org.eclipse.jdt.internal.junit.runner.RemoteTestRunner.runTests(RemoteTestRunner.java:683) [.cp/:?]
	at org.eclipse.jdt.internal.junit.runner.RemoteTestRunner.run(RemoteTestRunner.java:390) [.cp/:?]
	at org.eclipse.jdt.internal.junit.runner.RemoteTestRunner.main(RemoteTestRunner.java:197) [.cp/:?]
ERROR | 17/Dec/2013 12:04:04,694 | GenericDAOImp.java:63 |Can not SAVE the object into the database due an error: 
org.hibernate.PropertyValueException: not-null property references a null or transient value: es.upm.emse.enteridea.persistence.entity.Idea.topic
	at org.hibernate.engine.internal.Nullability.checkNullability(Nullability.java:103) ~[hibernate-core-4.2.7.SP1.jar:4.2.7.SP1]
	at org.hibernate.action.internal.AbstractEntityInsertAction.nullifyTransientReferencesIfNotAlready(AbstractEntityInsertAction.java:132) ~[hibernate-core-4.2.7.SP1.jar:4.2.7.SP1]
	at org.hibernate.action.internal.AbstractEntityInsertAction.makeEntityManaged(AbstractEntityInsertAction.java:141) ~[hibernate-core-4.2.7.SP1.jar:4.2.7.SP1]
	at org.hibernate.engine.spi.ActionQueue.addResolvedEntityInsertAction(ActionQueue.java:233) ~[hibernate-core-4.2.7.SP1.jar:4.2.7.SP1]
	at org.hibernate.engine.spi.ActionQueue.addInsertAction(ActionQueue.java:207) ~[hibernate-core-4.2.7.SP1.jar:4.2.7.SP1]
	at org.hibernate.engine.spi.ActionQueue.addAction(ActionQueue.java:150) ~[hibernate-core-4.2.7.SP1.jar:4.2.7.SP1]
	at org.hibernate.event.internal.AbstractSaveEventListener.addInsertAction(AbstractSaveEventListener.java:329) ~[hibernate-core-4.2.7.SP1.jar:4.2.7.SP1]
	at org.hibernate.event.internal.AbstractSaveEventListener.performSaveOrReplicate(AbstractSaveEventListener.java:286) ~[hibernate-core-4.2.7.SP1.jar:4.2.7.SP1]
	at org.hibernate.event.internal.AbstractSaveEventListener.performSave(AbstractSaveEventListener.java:192) ~[hibernate-core-4.2.7.SP1.jar:4.2.7.SP1]
	at org.hibernate.event.internal.AbstractSaveEventListener.saveWithGeneratedId(AbstractSaveEventListener.java:135) ~[hibernate-core-4.2.7.SP1.jar:4.2.7.SP1]
	at org.hibernate.event.internal.DefaultSaveOrUpdateEventListener.saveWithGeneratedOrRequestedId(DefaultSaveOrUpdateEventListener.java:206) ~[hibernate-core-4.2.7.SP1.jar:4.2.7.SP1]
	at org.hibernate.event.internal.DefaultSaveEventListener.saveWithGeneratedOrRequestedId(DefaultSaveEventListener.java:55) ~[hibernate-core-4.2.7.SP1.jar:4.2.7.SP1]
	at org.hibernate.event.internal.DefaultSaveOrUpdateEventListener.entityIsTransient(DefaultSaveOrUpdateEventListener.java:191) ~[hibernate-core-4.2.7.SP1.jar:4.2.7.SP1]
	at org.hibernate.event.internal.DefaultSaveEventListener.performSaveOrUpdate(DefaultSaveEventListener.java:49) ~[hibernate-core-4.2.7.SP1.jar:4.2.7.SP1]
	at org.hibernate.event.internal.DefaultSaveOrUpdateEventListener.onSaveOrUpdate(DefaultSaveOrUpdateEventListener.java:90) ~[hibernate-core-4.2.7.SP1.jar:4.2.7.SP1]
	at org.hibernate.internal.SessionImpl.fireSave(SessionImpl.java:764) ~[hibernate-core-4.2.7.SP1.jar:4.2.7.SP1]
	at org.hibernate.internal.SessionImpl.save(SessionImpl.java:756) ~[hibernate-core-4.2.7.SP1.jar:4.2.7.SP1]
	at org.hibernate.internal.SessionImpl.save(SessionImpl.java:752) ~[hibernate-core-4.2.7.SP1.jar:4.2.7.SP1]
	at es.upm.emse.enteridea.persistence.dao.imp.GenericDAOImp.executeSaveUpdate(GenericDAOImp.java:288) ~[classes/:?]
	at es.upm.emse.enteridea.persistence.dao.imp.GenericDAOImp.create(GenericDAOImp.java:60) [classes/:?]
	at test.es.upm.emse.enteridea.persistence.dao.imp.GenericDAOImpTest.testDeleteIdea(GenericDAOImpTest.java:202) [classes/:?]
	at sun.reflect.NativeMethodAccessorImpl.invoke0(Native Method) ~[?:1.7.0_45]
	at sun.reflect.NativeMethodAccessorImpl.invoke(NativeMethodAccessorImpl.java:57) ~[?:1.7.0_45]
	at sun.reflect.DelegatingMethodAccessorImpl.invoke(DelegatingMethodAccessorImpl.java:43) ~[?:1.7.0_45]
	at java.lang.reflect.Method.invoke(Method.java:606) ~[?:1.7.0_45]
	at junit.framework.TestCase.runTest(TestCase.java:168) [junit.jar:?]
	at junit.framework.TestCase.runBare(TestCase.java:134) [junit.jar:?]
	at junit.framework.TestResult$1.protect(TestResult.java:110) [junit.jar:?]
	at junit.framework.TestResult.runProtected(TestResult.java:128) [junit.jar:?]
	at junit.framework.TestResult.run(TestResult.java:113) [junit.jar:?]
	at junit.framework.TestCase.run(TestCase.java:124) [junit.jar:?]
	at junit.framework.TestSuite.runTest(TestSuite.java:243) [junit.jar:?]
	at junit.framework.TestSuite.run(TestSuite.java:238) [junit.jar:?]
	at org.eclipse.jdt.internal.junit.runner.junit3.JUnit3TestReference.run(JUnit3TestReference.java:130) [.cp/:?]
	at org.eclipse.jdt.internal.junit.runner.TestExecution.run(TestExecution.java:38) [.cp/:?]
	at org.eclipse.jdt.internal.junit.runner.RemoteTestRunner.runTests(RemoteTestRunner.java:467) [.cp/:?]
	at org.eclipse.jdt.internal.junit.runner.RemoteTestRunner.runTests(RemoteTestRunner.java:683) [.cp/:?]
	at org.eclipse.jdt.internal.junit.runner.RemoteTestRunner.run(RemoteTestRunner.java:390) [.cp/:?]
	at org.eclipse.jdt.internal.junit.runner.RemoteTestRunner.main(RemoteTestRunner.java:197) [.cp/:?]
ERROR | 17/Dec/2013 12:04:04,723 | GenericDAOImp.java:63 |Can not SAVE the object into the database due an error: 
org.hibernate.PropertyValueException: not-null property references a null or transient value: es.upm.emse.enteridea.persistence.entity.Vote.idea
	at org.hibernate.engine.internal.Nullability.checkNullability(Nullability.java:103) ~[hibernate-core-4.2.7.SP1.jar:4.2.7.SP1]
	at org.hibernate.action.internal.AbstractEntityInsertAction.nullifyTransientReferencesIfNotAlready(AbstractEntityInsertAction.java:132) ~[hibernate-core-4.2.7.SP1.jar:4.2.7.SP1]
	at org.hibernate.action.internal.AbstractEntityInsertAction.makeEntityManaged(AbstractEntityInsertAction.java:141) ~[hibernate-core-4.2.7.SP1.jar:4.2.7.SP1]
	at org.hibernate.engine.spi.ActionQueue.addResolvedEntityInsertAction(ActionQueue.java:233) ~[hibernate-core-4.2.7.SP1.jar:4.2.7.SP1]
	at org.hibernate.engine.spi.ActionQueue.addInsertAction(ActionQueue.java:207) ~[hibernate-core-4.2.7.SP1.jar:4.2.7.SP1]
	at org.hibernate.engine.spi.ActionQueue.addAction(ActionQueue.java:150) ~[hibernate-core-4.2.7.SP1.jar:4.2.7.SP1]
	at org.hibernate.event.internal.AbstractSaveEventListener.addInsertAction(AbstractSaveEventListener.java:329) ~[hibernate-core-4.2.7.SP1.jar:4.2.7.SP1]
	at org.hibernate.event.internal.AbstractSaveEventListener.performSaveOrReplicate(AbstractSaveEventListener.java:286) ~[hibernate-core-4.2.7.SP1.jar:4.2.7.SP1]
	at org.hibernate.event.internal.AbstractSaveEventListener.performSave(AbstractSaveEventListener.java:192) ~[hibernate-core-4.2.7.SP1.jar:4.2.7.SP1]
	at org.hibernate.event.internal.AbstractSaveEventListener.saveWithGeneratedId(AbstractSaveEventListener.java:135) ~[hibernate-core-4.2.7.SP1.jar:4.2.7.SP1]
	at org.hibernate.event.internal.DefaultSaveOrUpdateEventListener.saveWithGeneratedOrRequestedId(DefaultSaveOrUpdateEventListener.java:206) ~[hibernate-core-4.2.7.SP1.jar:4.2.7.SP1]
	at org.hibernate.event.internal.DefaultSaveEventListener.saveWithGeneratedOrRequestedId(DefaultSaveEventListener.java:55) ~[hibernate-core-4.2.7.SP1.jar:4.2.7.SP1]
	at org.hibernate.event.internal.DefaultSaveOrUpdateEventListener.entityIsTransient(DefaultSaveOrUpdateEventListener.java:191) ~[hibernate-core-4.2.7.SP1.jar:4.2.7.SP1]
	at org.hibernate.event.internal.DefaultSaveEventListener.performSaveOrUpdate(DefaultSaveEventListener.java:49) ~[hibernate-core-4.2.7.SP1.jar:4.2.7.SP1]
	at org.hibernate.event.internal.DefaultSaveOrUpdateEventListener.onSaveOrUpdate(DefaultSaveOrUpdateEventListener.java:90) ~[hibernate-core-4.2.7.SP1.jar:4.2.7.SP1]
	at org.hibernate.internal.SessionImpl.fireSave(SessionImpl.java:764) ~[hibernate-core-4.2.7.SP1.jar:4.2.7.SP1]
	at org.hibernate.internal.SessionImpl.save(SessionImpl.java:756) ~[hibernate-core-4.2.7.SP1.jar:4.2.7.SP1]
	at org.hibernate.internal.SessionImpl.save(SessionImpl.java:752) ~[hibernate-core-4.2.7.SP1.jar:4.2.7.SP1]
	at es.upm.emse.enteridea.persistence.dao.imp.GenericDAOImp.executeSaveUpdate(GenericDAOImp.java:288) ~[classes/:?]
	at es.upm.emse.enteridea.persistence.dao.imp.GenericDAOImp.create(GenericDAOImp.java:60) [classes/:?]
	at test.es.upm.emse.enteridea.persistence.dao.imp.GenericDAOImpTest.testVoteIdea(GenericDAOImpTest.java:229) [classes/:?]
	at sun.reflect.NativeMethodAccessorImpl.invoke0(Native Method) ~[?:1.7.0_45]
	at sun.reflect.NativeMethodAccessorImpl.invoke(NativeMethodAccessorImpl.java:57) ~[?:1.7.0_45]
	at sun.reflect.DelegatingMethodAccessorImpl.invoke(DelegatingMethodAccessorImpl.java:43) ~[?:1.7.0_45]
	at java.lang.reflect.Method.invoke(Method.java:606) ~[?:1.7.0_45]
	at junit.framework.TestCase.runTest(TestCase.java:168) [junit.jar:?]
	at junit.framework.TestCase.runBare(TestCase.java:134) [junit.jar:?]
	at junit.framework.TestResult$1.protect(TestResult.java:110) [junit.jar:?]
	at junit.framework.TestResult.runProtected(TestResult.java:128) [junit.jar:?]
	at junit.framework.TestResult.run(TestResult.java:113) [junit.jar:?]
	at junit.framework.TestCase.run(TestCase.java:124) [junit.jar:?]
	at junit.framework.TestSuite.runTest(TestSuite.java:243) [junit.jar:?]
	at junit.framework.TestSuite.run(TestSuite.java:238) [junit.jar:?]
	at org.eclipse.jdt.internal.junit.runner.junit3.JUnit3TestReference.run(JUnit3TestReference.java:130) [.cp/:?]
	at org.eclipse.jdt.internal.junit.runner.TestExecution.run(TestExecution.java:38) [.cp/:?]
	at org.eclipse.jdt.internal.junit.runner.RemoteTestRunner.runTests(RemoteTestRunner.java:467) [.cp/:?]
	at org.eclipse.jdt.internal.junit.runner.RemoteTestRunner.runTests(RemoteTestRunner.java:683) [.cp/:?]
	at org.eclipse.jdt.internal.junit.runner.RemoteTestRunner.run(RemoteTestRunner.java:390) [.cp/:?]
	at org.eclipse.jdt.internal.junit.runner.RemoteTestRunner.main(RemoteTestRunner.java:197) [.cp/:?]
ERROR | 17/Dec/2013 12:04:04,757 | GenericDAOImp.java:63 |Can not SAVE the object into the database due an error: 
org.hibernate.PropertyValueException: not-null property references a null or transient value: es.upm.emse.enteridea.persistence.entity.Idea.topic
	at org.hibernate.engine.internal.Nullability.checkNullability(Nullability.java:103) ~[hibernate-core-4.2.7.SP1.jar:4.2.7.SP1]
	at org.hibernate.action.internal.AbstractEntityInsertAction.nullifyTransientReferencesIfNotAlready(AbstractEntityInsertAction.java:132) ~[hibernate-core-4.2.7.SP1.jar:4.2.7.SP1]
	at org.hibernate.action.internal.AbstractEntityInsertAction.makeEntityManaged(AbstractEntityInsertAction.java:141) ~[hibernate-core-4.2.7.SP1.jar:4.2.7.SP1]
	at org.hibernate.engine.spi.ActionQueue.addResolvedEntityInsertAction(ActionQueue.java:233) ~[hibernate-core-4.2.7.SP1.jar:4.2.7.SP1]
	at org.hibernate.engine.spi.ActionQueue.addInsertAction(ActionQueue.java:207) ~[hibernate-core-4.2.7.SP1.jar:4.2.7.SP1]
	at org.hibernate.engine.spi.ActionQueue.addAction(ActionQueue.java:150) ~[hibernate-core-4.2.7.SP1.jar:4.2.7.SP1]
	at org.hibernate.event.internal.AbstractSaveEventListener.addInsertAction(AbstractSaveEventListener.java:329) ~[hibernate-core-4.2.7.SP1.jar:4.2.7.SP1]
	at org.hibernate.event.internal.AbstractSaveEventListener.performSaveOrReplicate(AbstractSaveEventListener.java:286) ~[hibernate-core-4.2.7.SP1.jar:4.2.7.SP1]
	at org.hibernate.event.internal.AbstractSaveEventListener.performSave(AbstractSaveEventListener.java:192) ~[hibernate-core-4.2.7.SP1.jar:4.2.7.SP1]
	at org.hibernate.event.internal.AbstractSaveEventListener.saveWithGeneratedId(AbstractSaveEventListener.java:135) ~[hibernate-core-4.2.7.SP1.jar:4.2.7.SP1]
	at org.hibernate.event.internal.DefaultSaveOrUpdateEventListener.saveWithGeneratedOrRequestedId(DefaultSaveOrUpdateEventListener.java:206) ~[hibernate-core-4.2.7.SP1.jar:4.2.7.SP1]
	at org.hibernate.event.internal.DefaultSaveEventListener.saveWithGeneratedOrRequestedId(DefaultSaveEventListener.java:55) ~[hibernate-core-4.2.7.SP1.jar:4.2.7.SP1]
	at org.hibernate.event.internal.DefaultSaveOrUpdateEventListener.entityIsTransient(DefaultSaveOrUpdateEventListener.java:191) ~[hibernate-core-4.2.7.SP1.jar:4.2.7.SP1]
	at org.hibernate.event.internal.DefaultSaveEventListener.performSaveOrUpdate(DefaultSaveEventListener.java:49) ~[hibernate-core-4.2.7.SP1.jar:4.2.7.SP1]
	at org.hibernate.event.internal.DefaultSaveOrUpdateEventListener.onSaveOrUpdate(DefaultSaveOrUpdateEventListener.java:90) ~[hibernate-core-4.2.7.SP1.jar:4.2.7.SP1]
	at org.hibernate.internal.SessionImpl.fireSave(SessionImpl.java:764) ~[hibernate-core-4.2.7.SP1.jar:4.2.7.SP1]
	at org.hibernate.internal.SessionImpl.save(SessionImpl.java:756) ~[hibernate-core-4.2.7.SP1.jar:4.2.7.SP1]
	at org.hibernate.internal.SessionImpl.save(SessionImpl.java:752) ~[hibernate-core-4.2.7.SP1.jar:4.2.7.SP1]
	at es.upm.emse.enteridea.persistence.dao.imp.GenericDAOImp.executeSaveUpdate(GenericDAOImp.java:288) ~[classes/:?]
	at es.upm.emse.enteridea.persistence.dao.imp.GenericDAOImp.create(GenericDAOImp.java:60) [classes/:?]
	at test.es.upm.emse.enteridea.persistence.dao.imp.GenericDAOImpTest.testExecuteQuery(GenericDAOImpTest.java:252) [classes/:?]
	at sun.reflect.NativeMethodAccessorImpl.invoke0(Native Method) ~[?:1.7.0_45]
	at sun.reflect.NativeMethodAccessorImpl.invoke(NativeMethodAccessorImpl.java:57) ~[?:1.7.0_45]
	at sun.reflect.DelegatingMethodAccessorImpl.invoke(DelegatingMethodAccessorImpl.java:43) ~[?:1.7.0_45]
	at java.lang.reflect.Method.invoke(Method.java:606) ~[?:1.7.0_45]
	at junit.framework.TestCase.runTest(TestCase.java:168) [junit.jar:?]
	at junit.framework.TestCase.runBare(TestCase.java:134) [junit.jar:?]
	at junit.framework.TestResult$1.protect(TestResult.java:110) [junit.jar:?]
	at junit.framework.TestResult.runProtected(TestResult.java:128) [junit.jar:?]
	at junit.framework.TestResult.run(TestResult.java:113) [junit.jar:?]
	at junit.framework.TestCase.run(TestCase.java:124) [junit.jar:?]
	at junit.framework.TestSuite.runTest(TestSuite.java:243) [junit.jar:?]
	at junit.framework.TestSuite.run(TestSuite.java:238) [junit.jar:?]
	at org.eclipse.jdt.internal.junit.runner.junit3.JUnit3TestReference.run(JUnit3TestReference.java:130) [.cp/:?]
	at org.eclipse.jdt.internal.junit.runner.TestExecution.run(TestExecution.java:38) [.cp/:?]
	at org.eclipse.jdt.internal.junit.runner.RemoteTestRunner.runTests(RemoteTestRunner.java:467) [.cp/:?]
	at org.eclipse.jdt.internal.junit.runner.RemoteTestRunner.runTests(RemoteTestRunner.java:683) [.cp/:?]
	at org.eclipse.jdt.internal.junit.runner.RemoteTestRunner.run(RemoteTestRunner.java:390) [.cp/:?]
	at org.eclipse.jdt.internal.junit.runner.RemoteTestRunner.main(RemoteTestRunner.java:197) [.cp/:?]
ERROR | 17/Dec/2013 12:04:04,784 | GenericDAOImp.java:128 |Can not DELETE the object into the database due an error: 
java.lang.IllegalArgumentException: attempt to create delete event with null entity
	at org.hibernate.event.spi.DeleteEvent.<init>(DeleteEvent.java:48) ~[hibernate-core-4.2.7.SP1.jar:4.2.7.SP1]
	at org.hibernate.internal.SessionImpl.delete(SessionImpl.java:936) ~[hibernate-core-4.2.7.SP1.jar:4.2.7.SP1]
	at es.upm.emse.enteridea.persistence.dao.imp.GenericDAOImp.delete(GenericDAOImp.java:125) [classes/:?]
	at test.es.upm.emse.enteridea.persistence.dao.imp.GenericDAOImpTest.testExecuteQuery(GenericDAOImpTest.java:268) [classes/:?]
	at sun.reflect.NativeMethodAccessorImpl.invoke0(Native Method) ~[?:1.7.0_45]
	at sun.reflect.NativeMethodAccessorImpl.invoke(NativeMethodAccessorImpl.java:57) ~[?:1.7.0_45]
	at sun.reflect.DelegatingMethodAccessorImpl.invoke(DelegatingMethodAccessorImpl.java:43) ~[?:1.7.0_45]
	at java.lang.reflect.Method.invoke(Method.java:606) ~[?:1.7.0_45]
	at junit.framework.TestCase.runTest(TestCase.java:168) [junit.jar:?]
	at junit.framework.TestCase.runBare(TestCase.java:134) [junit.jar:?]
	at junit.framework.TestResult$1.protect(TestResult.java:110) [junit.jar:?]
	at junit.framework.TestResult.runProtected(TestResult.java:128) [junit.jar:?]
	at junit.framework.TestResult.run(TestResult.java:113) [junit.jar:?]
	at junit.framework.TestCase.run(TestCase.java:124) [junit.jar:?]
	at junit.framework.TestSuite.runTest(TestSuite.java:243) [junit.jar:?]
	at junit.framework.TestSuite.run(TestSuite.java:238) [junit.jar:?]
	at org.eclipse.jdt.internal.junit.runner.junit3.JUnit3TestReference.run(JUnit3TestReference.java:130) [.cp/:?]
	at org.eclipse.jdt.internal.junit.runner.TestExecution.run(TestExecution.java:38) [.cp/:?]
	at org.eclipse.jdt.internal.junit.runner.RemoteTestRunner.runTests(RemoteTestRunner.java:467) [.cp/:?]
	at org.eclipse.jdt.internal.junit.runner.RemoteTestRunner.runTests(RemoteTestRunner.java:683) [.cp/:?]
	at org.eclipse.jdt.internal.junit.runner.RemoteTestRunner.run(RemoteTestRunner.java:390) [.cp/:?]
	at org.eclipse.jdt.internal.junit.runner.RemoteTestRunner.main(RemoteTestRunner.java:197) [.cp/:?]
ERROR | 17/Dec/2013 12:06:20,046 | GenericDAOImp.java:63 |Can not SAVE the object into the database due an error: 
org.hibernate.exception.ConstraintViolationException: could not execute statement
	at org.hibernate.exception.internal.SQLStateConversionDelegate.convert(SQLStateConversionDelegate.java:129) ~[hibernate-core-4.2.7.SP1.jar:4.2.7.SP1]
	at org.hibernate.exception.internal.StandardSQLExceptionConverter.convert(StandardSQLExceptionConverter.java:49) ~[hibernate-core-4.2.7.SP1.jar:4.2.7.SP1]
	at org.hibernate.engine.jdbc.spi.SqlExceptionHelper.convert(SqlExceptionHelper.java:125) ~[hibernate-core-4.2.7.SP1.jar:4.2.7.SP1]
	at org.hibernate.engine.jdbc.spi.SqlExceptionHelper.convert(SqlExceptionHelper.java:110) ~[hibernate-core-4.2.7.SP1.jar:4.2.7.SP1]
	at org.hibernate.engine.jdbc.internal.ResultSetReturnImpl.executeUpdate(ResultSetReturnImpl.java:136) ~[hibernate-core-4.2.7.SP1.jar:4.2.7.SP1]
	at org.hibernate.engine.jdbc.batch.internal.NonBatchingBatch.addToBatch(NonBatchingBatch.java:58) ~[hibernate-core-4.2.7.SP1.jar:4.2.7.SP1]
	at org.hibernate.persister.entity.AbstractEntityPersister.insert(AbstractEntityPersister.java:3081) ~[hibernate-core-4.2.7.SP1.jar:4.2.7.SP1]
	at org.hibernate.persister.entity.AbstractEntityPersister.insert(AbstractEntityPersister.java:3523) ~[hibernate-core-4.2.7.SP1.jar:4.2.7.SP1]
	at org.hibernate.action.internal.EntityInsertAction.execute(EntityInsertAction.java:88) ~[hibernate-core-4.2.7.SP1.jar:4.2.7.SP1]
	at org.hibernate.engine.spi.ActionQueue.execute(ActionQueue.java:393) ~[hibernate-core-4.2.7.SP1.jar:4.2.7.SP1]
	at org.hibernate.engine.spi.ActionQueue.executeActions(ActionQueue.java:385) ~[hibernate-core-4.2.7.SP1.jar:4.2.7.SP1]
	at org.hibernate.engine.spi.ActionQueue.executeActions(ActionQueue.java:301) ~[hibernate-core-4.2.7.SP1.jar:4.2.7.SP1]
	at org.hibernate.event.internal.AbstractFlushingEventListener.performExecutions(AbstractFlushingEventListener.java:339) ~[hibernate-core-4.2.7.SP1.jar:4.2.7.SP1]
	at org.hibernate.event.internal.DefaultFlushEventListener.onFlush(DefaultFlushEventListener.java:52) ~[hibernate-core-4.2.7.SP1.jar:4.2.7.SP1]
	at org.hibernate.internal.SessionImpl.flush(SessionImpl.java:1240) ~[hibernate-core-4.2.7.SP1.jar:4.2.7.SP1]
	at org.hibernate.internal.SessionImpl.managedFlush(SessionImpl.java:404) ~[hibernate-core-4.2.7.SP1.jar:4.2.7.SP1]
	at org.hibernate.engine.transaction.internal.jdbc.JdbcTransaction.beforeTransactionCommit(JdbcTransaction.java:101) ~[hibernate-core-4.2.7.SP1.jar:4.2.7.SP1]
	at org.hibernate.engine.transaction.spi.AbstractTransactionImpl.commit(AbstractTransactionImpl.java:175) ~[hibernate-core-4.2.7.SP1.jar:4.2.7.SP1]
	at es.upm.emse.enteridea.persistence.dao.imp.GenericDAOImp.executeSaveUpdate(GenericDAOImp.java:297) ~[classes/:?]
	at es.upm.emse.enteridea.persistence.dao.imp.GenericDAOImp.create(GenericDAOImp.java:60) [classes/:?]
	at test.es.upm.emse.enteridea.persistence.dao.imp.GenericDAOImpTest.testCreateIdea(GenericDAOImpTest.java:94) [classes/:?]
	at sun.reflect.NativeMethodAccessorImpl.invoke0(Native Method) ~[?:1.7.0_45]
	at sun.reflect.NativeMethodAccessorImpl.invoke(NativeMethodAccessorImpl.java:57) ~[?:1.7.0_45]
	at sun.reflect.DelegatingMethodAccessorImpl.invoke(DelegatingMethodAccessorImpl.java:43) ~[?:1.7.0_45]
	at java.lang.reflect.Method.invoke(Method.java:606) ~[?:1.7.0_45]
	at junit.framework.TestCase.runTest(TestCase.java:168) [junit.jar:?]
	at junit.framework.TestCase.runBare(TestCase.java:134) [junit.jar:?]
	at junit.framework.TestResult$1.protect(TestResult.java:110) [junit.jar:?]
	at junit.framework.TestResult.runProtected(TestResult.java:128) [junit.jar:?]
	at junit.framework.TestResult.run(TestResult.java:113) [junit.jar:?]
	at junit.framework.TestCase.run(TestCase.java:124) [junit.jar:?]
	at junit.framework.TestSuite.runTest(TestSuite.java:243) [junit.jar:?]
	at junit.framework.TestSuite.run(TestSuite.java:238) [junit.jar:?]
	at org.eclipse.jdt.internal.junit.runner.junit3.JUnit3TestReference.run(JUnit3TestReference.java:130) [.cp/:?]
	at org.eclipse.jdt.internal.junit.runner.TestExecution.run(TestExecution.java:38) [.cp/:?]
	at org.eclipse.jdt.internal.junit.runner.RemoteTestRunner.runTests(RemoteTestRunner.java:467) [.cp/:?]
	at org.eclipse.jdt.internal.junit.runner.RemoteTestRunner.runTests(RemoteTestRunner.java:683) [.cp/:?]
	at org.eclipse.jdt.internal.junit.runner.RemoteTestRunner.run(RemoteTestRunner.java:390) [.cp/:?]
	at org.eclipse.jdt.internal.junit.runner.RemoteTestRunner.main(RemoteTestRunner.java:197) [.cp/:?]
Caused by: org.postgresql.util.PSQLException: ERROR: duplicate key value violates unique constraint "userenteridea_nickname_key"
  Detail: Key (nickname)=(testo) already exists.
	at org.postgresql.core.v3.QueryExecutorImpl.receiveErrorResponse(QueryExecutorImpl.java:2102) ~[postgresql-9.1-901.jdbc4.jar:?]
	at org.postgresql.core.v3.QueryExecutorImpl.processResults(QueryExecutorImpl.java:1835) ~[postgresql-9.1-901.jdbc4.jar:?]
	at org.postgresql.core.v3.QueryExecutorImpl.execute(QueryExecutorImpl.java:257) ~[postgresql-9.1-901.jdbc4.jar:?]
	at org.postgresql.jdbc2.AbstractJdbc2Statement.execute(AbstractJdbc2Statement.java:500) ~[postgresql-9.1-901.jdbc4.jar:?]
	at org.postgresql.jdbc2.AbstractJdbc2Statement.executeWithFlags(AbstractJdbc2Statement.java:388) ~[postgresql-9.1-901.jdbc4.jar:?]
	at org.postgresql.jdbc2.AbstractJdbc2Statement.executeUpdate(AbstractJdbc2Statement.java:334) ~[postgresql-9.1-901.jdbc4.jar:?]
	at org.hibernate.engine.jdbc.internal.ResultSetReturnImpl.executeUpdate(ResultSetReturnImpl.java:133) ~[hibernate-core-4.2.7.SP1.jar:4.2.7.SP1]
	... 34 more
ERROR | 17/Dec/2013 12:06:20,760 | GenericDAOImp.java:63 |Can not SAVE the object into the database due an error: 
org.hibernate.PropertyValueException: not-null property references a null or transient value: es.upm.emse.enteridea.persistence.entity.Idea.topic
	at org.hibernate.engine.internal.Nullability.checkNullability(Nullability.java:103) ~[hibernate-core-4.2.7.SP1.jar:4.2.7.SP1]
	at org.hibernate.action.internal.AbstractEntityInsertAction.nullifyTransientReferencesIfNotAlready(AbstractEntityInsertAction.java:132) ~[hibernate-core-4.2.7.SP1.jar:4.2.7.SP1]
	at org.hibernate.action.internal.AbstractEntityInsertAction.makeEntityManaged(AbstractEntityInsertAction.java:141) ~[hibernate-core-4.2.7.SP1.jar:4.2.7.SP1]
	at org.hibernate.engine.spi.ActionQueue.addResolvedEntityInsertAction(ActionQueue.java:233) ~[hibernate-core-4.2.7.SP1.jar:4.2.7.SP1]
	at org.hibernate.engine.spi.ActionQueue.addInsertAction(ActionQueue.java:207) ~[hibernate-core-4.2.7.SP1.jar:4.2.7.SP1]
	at org.hibernate.engine.spi.ActionQueue.addAction(ActionQueue.java:150) ~[hibernate-core-4.2.7.SP1.jar:4.2.7.SP1]
	at org.hibernate.event.internal.AbstractSaveEventListener.addInsertAction(AbstractSaveEventListener.java:329) ~[hibernate-core-4.2.7.SP1.jar:4.2.7.SP1]
	at org.hibernate.event.internal.AbstractSaveEventListener.performSaveOrReplicate(AbstractSaveEventListener.java:286) ~[hibernate-core-4.2.7.SP1.jar:4.2.7.SP1]
	at org.hibernate.event.internal.AbstractSaveEventListener.performSave(AbstractSaveEventListener.java:192) ~[hibernate-core-4.2.7.SP1.jar:4.2.7.SP1]
	at org.hibernate.event.internal.AbstractSaveEventListener.saveWithGeneratedId(AbstractSaveEventListener.java:135) ~[hibernate-core-4.2.7.SP1.jar:4.2.7.SP1]
	at org.hibernate.event.internal.DefaultSaveOrUpdateEventListener.saveWithGeneratedOrRequestedId(DefaultSaveOrUpdateEventListener.java:206) ~[hibernate-core-4.2.7.SP1.jar:4.2.7.SP1]
	at org.hibernate.event.internal.DefaultSaveEventListener.saveWithGeneratedOrRequestedId(DefaultSaveEventListener.java:55) ~[hibernate-core-4.2.7.SP1.jar:4.2.7.SP1]
	at org.hibernate.event.internal.DefaultSaveOrUpdateEventListener.entityIsTransient(DefaultSaveOrUpdateEventListener.java:191) ~[hibernate-core-4.2.7.SP1.jar:4.2.7.SP1]
	at org.hibernate.event.internal.DefaultSaveEventListener.performSaveOrUpdate(DefaultSaveEventListener.java:49) ~[hibernate-core-4.2.7.SP1.jar:4.2.7.SP1]
	at org.hibernate.event.internal.DefaultSaveOrUpdateEventListener.onSaveOrUpdate(DefaultSaveOrUpdateEventListener.java:90) ~[hibernate-core-4.2.7.SP1.jar:4.2.7.SP1]
	at org.hibernate.internal.SessionImpl.fireSave(SessionImpl.java:764) ~[hibernate-core-4.2.7.SP1.jar:4.2.7.SP1]
	at org.hibernate.internal.SessionImpl.save(SessionImpl.java:756) ~[hibernate-core-4.2.7.SP1.jar:4.2.7.SP1]
	at org.hibernate.internal.SessionImpl.save(SessionImpl.java:752) ~[hibernate-core-4.2.7.SP1.jar:4.2.7.SP1]
	at es.upm.emse.enteridea.persistence.dao.imp.GenericDAOImp.executeSaveUpdate(GenericDAOImp.java:288) ~[classes/:?]
	at es.upm.emse.enteridea.persistence.dao.imp.GenericDAOImp.create(GenericDAOImp.java:60) [classes/:?]
	at test.es.upm.emse.enteridea.persistence.dao.imp.GenericDAOImpTest.testCreateIdeaExistingUserAndTopic(GenericDAOImpTest.java:138) [classes/:?]
	at sun.reflect.NativeMethodAccessorImpl.invoke0(Native Method) ~[?:1.7.0_45]
	at sun.reflect.NativeMethodAccessorImpl.invoke(NativeMethodAccessorImpl.java:57) ~[?:1.7.0_45]
	at sun.reflect.DelegatingMethodAccessorImpl.invoke(DelegatingMethodAccessorImpl.java:43) ~[?:1.7.0_45]
	at java.lang.reflect.Method.invoke(Method.java:606) ~[?:1.7.0_45]
	at junit.framework.TestCase.runTest(TestCase.java:168) [junit.jar:?]
	at junit.framework.TestCase.runBare(TestCase.java:134) [junit.jar:?]
	at junit.framework.TestResult$1.protect(TestResult.java:110) [junit.jar:?]
	at junit.framework.TestResult.runProtected(TestResult.java:128) [junit.jar:?]
	at junit.framework.TestResult.run(TestResult.java:113) [junit.jar:?]
	at junit.framework.TestCase.run(TestCase.java:124) [junit.jar:?]
	at junit.framework.TestSuite.runTest(TestSuite.java:243) [junit.jar:?]
	at junit.framework.TestSuite.run(TestSuite.java:238) [junit.jar:?]
	at org.eclipse.jdt.internal.junit.runner.junit3.JUnit3TestReference.run(JUnit3TestReference.java:130) [.cp/:?]
	at org.eclipse.jdt.internal.junit.runner.TestExecution.run(TestExecution.java:38) [.cp/:?]
	at org.eclipse.jdt.internal.junit.runner.RemoteTestRunner.runTests(RemoteTestRunner.java:467) [.cp/:?]
	at org.eclipse.jdt.internal.junit.runner.RemoteTestRunner.runTests(RemoteTestRunner.java:683) [.cp/:?]
	at org.eclipse.jdt.internal.junit.runner.RemoteTestRunner.run(RemoteTestRunner.java:390) [.cp/:?]
	at org.eclipse.jdt.internal.junit.runner.RemoteTestRunner.main(RemoteTestRunner.java:197) [.cp/:?]
 INFO | 17/Dec/2013 12:06:20,831 | GenericDAOImp.java:61 |object saved
 INFO | 17/Dec/2013 12:06:20,898 | GenericDAOImp.java:105 |object Updated
ERROR | 17/Dec/2013 12:06:20,922 | GenericDAOImp.java:63 |Can not SAVE the object into the database due an error: 
org.hibernate.PropertyValueException: not-null property references a null or transient value: es.upm.emse.enteridea.persistence.entity.Idea.topic
	at org.hibernate.engine.internal.Nullability.checkNullability(Nullability.java:103) ~[hibernate-core-4.2.7.SP1.jar:4.2.7.SP1]
	at org.hibernate.action.internal.AbstractEntityInsertAction.nullifyTransientReferencesIfNotAlready(AbstractEntityInsertAction.java:132) ~[hibernate-core-4.2.7.SP1.jar:4.2.7.SP1]
	at org.hibernate.action.internal.AbstractEntityInsertAction.makeEntityManaged(AbstractEntityInsertAction.java:141) ~[hibernate-core-4.2.7.SP1.jar:4.2.7.SP1]
	at org.hibernate.engine.spi.ActionQueue.addResolvedEntityInsertAction(ActionQueue.java:233) ~[hibernate-core-4.2.7.SP1.jar:4.2.7.SP1]
	at org.hibernate.engine.spi.ActionQueue.addInsertAction(ActionQueue.java:207) ~[hibernate-core-4.2.7.SP1.jar:4.2.7.SP1]
	at org.hibernate.engine.spi.ActionQueue.addAction(ActionQueue.java:150) ~[hibernate-core-4.2.7.SP1.jar:4.2.7.SP1]
	at org.hibernate.event.internal.AbstractSaveEventListener.addInsertAction(AbstractSaveEventListener.java:329) ~[hibernate-core-4.2.7.SP1.jar:4.2.7.SP1]
	at org.hibernate.event.internal.AbstractSaveEventListener.performSaveOrReplicate(AbstractSaveEventListener.java:286) ~[hibernate-core-4.2.7.SP1.jar:4.2.7.SP1]
	at org.hibernate.event.internal.AbstractSaveEventListener.performSave(AbstractSaveEventListener.java:192) ~[hibernate-core-4.2.7.SP1.jar:4.2.7.SP1]
	at org.hibernate.event.internal.AbstractSaveEventListener.saveWithGeneratedId(AbstractSaveEventListener.java:135) ~[hibernate-core-4.2.7.SP1.jar:4.2.7.SP1]
	at org.hibernate.event.internal.DefaultSaveOrUpdateEventListener.saveWithGeneratedOrRequestedId(DefaultSaveOrUpdateEventListener.java:206) ~[hibernate-core-4.2.7.SP1.jar:4.2.7.SP1]
	at org.hibernate.event.internal.DefaultSaveEventListener.saveWithGeneratedOrRequestedId(DefaultSaveEventListener.java:55) ~[hibernate-core-4.2.7.SP1.jar:4.2.7.SP1]
	at org.hibernate.event.internal.DefaultSaveOrUpdateEventListener.entityIsTransient(DefaultSaveOrUpdateEventListener.java:191) ~[hibernate-core-4.2.7.SP1.jar:4.2.7.SP1]
	at org.hibernate.event.internal.DefaultSaveEventListener.performSaveOrUpdate(DefaultSaveEventListener.java:49) ~[hibernate-core-4.2.7.SP1.jar:4.2.7.SP1]
	at org.hibernate.event.internal.DefaultSaveOrUpdateEventListener.onSaveOrUpdate(DefaultSaveOrUpdateEventListener.java:90) ~[hibernate-core-4.2.7.SP1.jar:4.2.7.SP1]
	at org.hibernate.internal.SessionImpl.fireSave(SessionImpl.java:764) ~[hibernate-core-4.2.7.SP1.jar:4.2.7.SP1]
	at org.hibernate.internal.SessionImpl.save(SessionImpl.java:756) ~[hibernate-core-4.2.7.SP1.jar:4.2.7.SP1]
	at org.hibernate.internal.SessionImpl.save(SessionImpl.java:752) ~[hibernate-core-4.2.7.SP1.jar:4.2.7.SP1]
	at es.upm.emse.enteridea.persistence.dao.imp.GenericDAOImp.executeSaveUpdate(GenericDAOImp.java:288) ~[classes/:?]
	at es.upm.emse.enteridea.persistence.dao.imp.GenericDAOImp.create(GenericDAOImp.java:60) [classes/:?]
	at test.es.upm.emse.enteridea.persistence.dao.imp.GenericDAOImpTest.testDeleteIdea(GenericDAOImpTest.java:202) [classes/:?]
	at sun.reflect.NativeMethodAccessorImpl.invoke0(Native Method) ~[?:1.7.0_45]
	at sun.reflect.NativeMethodAccessorImpl.invoke(NativeMethodAccessorImpl.java:57) ~[?:1.7.0_45]
	at sun.reflect.DelegatingMethodAccessorImpl.invoke(DelegatingMethodAccessorImpl.java:43) ~[?:1.7.0_45]
	at java.lang.reflect.Method.invoke(Method.java:606) ~[?:1.7.0_45]
	at junit.framework.TestCase.runTest(TestCase.java:168) [junit.jar:?]
	at junit.framework.TestCase.runBare(TestCase.java:134) [junit.jar:?]
	at junit.framework.TestResult$1.protect(TestResult.java:110) [junit.jar:?]
	at junit.framework.TestResult.runProtected(TestResult.java:128) [junit.jar:?]
	at junit.framework.TestResult.run(TestResult.java:113) [junit.jar:?]
	at junit.framework.TestCase.run(TestCase.java:124) [junit.jar:?]
	at junit.framework.TestSuite.runTest(TestSuite.java:243) [junit.jar:?]
	at junit.framework.TestSuite.run(TestSuite.java:238) [junit.jar:?]
	at org.eclipse.jdt.internal.junit.runner.junit3.JUnit3TestReference.run(JUnit3TestReference.java:130) [.cp/:?]
	at org.eclipse.jdt.internal.junit.runner.TestExecution.run(TestExecution.java:38) [.cp/:?]
	at org.eclipse.jdt.internal.junit.runner.RemoteTestRunner.runTests(RemoteTestRunner.java:467) [.cp/:?]
	at org.eclipse.jdt.internal.junit.runner.RemoteTestRunner.runTests(RemoteTestRunner.java:683) [.cp/:?]
	at org.eclipse.jdt.internal.junit.runner.RemoteTestRunner.run(RemoteTestRunner.java:390) [.cp/:?]
	at org.eclipse.jdt.internal.junit.runner.RemoteTestRunner.main(RemoteTestRunner.java:197) [.cp/:?]
ERROR | 17/Dec/2013 12:06:20,999 | GenericDAOImp.java:63 |Can not SAVE the object into the database due an error: 
org.hibernate.exception.SQLGrammarException: could not execute statement
	at org.hibernate.exception.internal.SQLStateConversionDelegate.convert(SQLStateConversionDelegate.java:123) ~[hibernate-core-4.2.7.SP1.jar:4.2.7.SP1]
	at org.hibernate.exception.internal.StandardSQLExceptionConverter.convert(StandardSQLExceptionConverter.java:49) ~[hibernate-core-4.2.7.SP1.jar:4.2.7.SP1]
	at org.hibernate.engine.jdbc.spi.SqlExceptionHelper.convert(SqlExceptionHelper.java:125) ~[hibernate-core-4.2.7.SP1.jar:4.2.7.SP1]
	at org.hibernate.engine.jdbc.spi.SqlExceptionHelper.convert(SqlExceptionHelper.java:110) ~[hibernate-core-4.2.7.SP1.jar:4.2.7.SP1]
	at org.hibernate.engine.jdbc.internal.ResultSetReturnImpl.executeUpdate(ResultSetReturnImpl.java:136) ~[hibernate-core-4.2.7.SP1.jar:4.2.7.SP1]
	at org.hibernate.engine.jdbc.batch.internal.NonBatchingBatch.addToBatch(NonBatchingBatch.java:58) ~[hibernate-core-4.2.7.SP1.jar:4.2.7.SP1]
	at org.hibernate.persister.entity.AbstractEntityPersister.insert(AbstractEntityPersister.java:3081) ~[hibernate-core-4.2.7.SP1.jar:4.2.7.SP1]
	at org.hibernate.persister.entity.AbstractEntityPersister.insert(AbstractEntityPersister.java:3523) ~[hibernate-core-4.2.7.SP1.jar:4.2.7.SP1]
	at org.hibernate.action.internal.EntityInsertAction.execute(EntityInsertAction.java:88) ~[hibernate-core-4.2.7.SP1.jar:4.2.7.SP1]
	at org.hibernate.engine.spi.ActionQueue.execute(ActionQueue.java:393) ~[hibernate-core-4.2.7.SP1.jar:4.2.7.SP1]
	at org.hibernate.engine.spi.ActionQueue.executeActions(ActionQueue.java:385) ~[hibernate-core-4.2.7.SP1.jar:4.2.7.SP1]
	at org.hibernate.engine.spi.ActionQueue.executeActions(ActionQueue.java:301) ~[hibernate-core-4.2.7.SP1.jar:4.2.7.SP1]
	at org.hibernate.event.internal.AbstractFlushingEventListener.performExecutions(AbstractFlushingEventListener.java:339) ~[hibernate-core-4.2.7.SP1.jar:4.2.7.SP1]
	at org.hibernate.event.internal.DefaultFlushEventListener.onFlush(DefaultFlushEventListener.java:52) ~[hibernate-core-4.2.7.SP1.jar:4.2.7.SP1]
	at org.hibernate.internal.SessionImpl.flush(SessionImpl.java:1240) ~[hibernate-core-4.2.7.SP1.jar:4.2.7.SP1]
	at org.hibernate.internal.SessionImpl.managedFlush(SessionImpl.java:404) ~[hibernate-core-4.2.7.SP1.jar:4.2.7.SP1]
	at org.hibernate.engine.transaction.internal.jdbc.JdbcTransaction.beforeTransactionCommit(JdbcTransaction.java:101) ~[hibernate-core-4.2.7.SP1.jar:4.2.7.SP1]
	at org.hibernate.engine.transaction.spi.AbstractTransactionImpl.commit(AbstractTransactionImpl.java:175) ~[hibernate-core-4.2.7.SP1.jar:4.2.7.SP1]
	at es.upm.emse.enteridea.persistence.dao.imp.GenericDAOImp.executeSaveUpdate(GenericDAOImp.java:297) ~[classes/:?]
	at es.upm.emse.enteridea.persistence.dao.imp.GenericDAOImp.create(GenericDAOImp.java:60) [classes/:?]
	at test.es.upm.emse.enteridea.persistence.dao.imp.GenericDAOImpTest.testVoteIdea(GenericDAOImpTest.java:229) [classes/:?]
	at sun.reflect.NativeMethodAccessorImpl.invoke0(Native Method) ~[?:1.7.0_45]
	at sun.reflect.NativeMethodAccessorImpl.invoke(NativeMethodAccessorImpl.java:57) ~[?:1.7.0_45]
	at sun.reflect.DelegatingMethodAccessorImpl.invoke(DelegatingMethodAccessorImpl.java:43) ~[?:1.7.0_45]
	at java.lang.reflect.Method.invoke(Method.java:606) ~[?:1.7.0_45]
	at junit.framework.TestCase.runTest(TestCase.java:168) [junit.jar:?]
	at junit.framework.TestCase.runBare(TestCase.java:134) [junit.jar:?]
	at junit.framework.TestResult$1.protect(TestResult.java:110) [junit.jar:?]
	at junit.framework.TestResult.runProtected(TestResult.java:128) [junit.jar:?]
	at junit.framework.TestResult.run(TestResult.java:113) [junit.jar:?]
	at junit.framework.TestCase.run(TestCase.java:124) [junit.jar:?]
	at junit.framework.TestSuite.runTest(TestSuite.java:243) [junit.jar:?]
	at junit.framework.TestSuite.run(TestSuite.java:238) [junit.jar:?]
	at org.eclipse.jdt.internal.junit.runner.junit3.JUnit3TestReference.run(JUnit3TestReference.java:130) [.cp/:?]
	at org.eclipse.jdt.internal.junit.runner.TestExecution.run(TestExecution.java:38) [.cp/:?]
	at org.eclipse.jdt.internal.junit.runner.RemoteTestRunner.runTests(RemoteTestRunner.java:467) [.cp/:?]
	at org.eclipse.jdt.internal.junit.runner.RemoteTestRunner.runTests(RemoteTestRunner.java:683) [.cp/:?]
	at org.eclipse.jdt.internal.junit.runner.RemoteTestRunner.run(RemoteTestRunner.java:390) [.cp/:?]
	at org.eclipse.jdt.internal.junit.runner.RemoteTestRunner.main(RemoteTestRunner.java:197) [.cp/:?]
Caused by: org.postgresql.util.PSQLException: ERROR: column "vote_type" is of type vote_type but expression is of type character varying
  Hint: You will need to rewrite or cast the expression.
  Position: 61
	at org.postgresql.core.v3.QueryExecutorImpl.receiveErrorResponse(QueryExecutorImpl.java:2102) ~[postgresql-9.1-901.jdbc4.jar:?]
	at org.postgresql.core.v3.QueryExecutorImpl.processResults(QueryExecutorImpl.java:1835) ~[postgresql-9.1-901.jdbc4.jar:?]
	at org.postgresql.core.v3.QueryExecutorImpl.execute(QueryExecutorImpl.java:257) ~[postgresql-9.1-901.jdbc4.jar:?]
	at org.postgresql.jdbc2.AbstractJdbc2Statement.execute(AbstractJdbc2Statement.java:500) ~[postgresql-9.1-901.jdbc4.jar:?]
	at org.postgresql.jdbc2.AbstractJdbc2Statement.executeWithFlags(AbstractJdbc2Statement.java:388) ~[postgresql-9.1-901.jdbc4.jar:?]
	at org.postgresql.jdbc2.AbstractJdbc2Statement.executeUpdate(AbstractJdbc2Statement.java:334) ~[postgresql-9.1-901.jdbc4.jar:?]
	at org.hibernate.engine.jdbc.internal.ResultSetReturnImpl.executeUpdate(ResultSetReturnImpl.java:133) ~[hibernate-core-4.2.7.SP1.jar:4.2.7.SP1]
	... 34 more
ERROR | 17/Dec/2013 12:06:21,060 | GenericDAOImp.java:63 |Can not SAVE the object into the database due an error: 
org.hibernate.PropertyValueException: not-null property references a null or transient value: es.upm.emse.enteridea.persistence.entity.Idea.topic
	at org.hibernate.engine.internal.Nullability.checkNullability(Nullability.java:103) ~[hibernate-core-4.2.7.SP1.jar:4.2.7.SP1]
	at org.hibernate.action.internal.AbstractEntityInsertAction.nullifyTransientReferencesIfNotAlready(AbstractEntityInsertAction.java:132) ~[hibernate-core-4.2.7.SP1.jar:4.2.7.SP1]
	at org.hibernate.action.internal.AbstractEntityInsertAction.makeEntityManaged(AbstractEntityInsertAction.java:141) ~[hibernate-core-4.2.7.SP1.jar:4.2.7.SP1]
	at org.hibernate.engine.spi.ActionQueue.addResolvedEntityInsertAction(ActionQueue.java:233) ~[hibernate-core-4.2.7.SP1.jar:4.2.7.SP1]
	at org.hibernate.engine.spi.ActionQueue.addInsertAction(ActionQueue.java:207) ~[hibernate-core-4.2.7.SP1.jar:4.2.7.SP1]
	at org.hibernate.engine.spi.ActionQueue.addAction(ActionQueue.java:150) ~[hibernate-core-4.2.7.SP1.jar:4.2.7.SP1]
	at org.hibernate.event.internal.AbstractSaveEventListener.addInsertAction(AbstractSaveEventListener.java:329) ~[hibernate-core-4.2.7.SP1.jar:4.2.7.SP1]
	at org.hibernate.event.internal.AbstractSaveEventListener.performSaveOrReplicate(AbstractSaveEventListener.java:286) ~[hibernate-core-4.2.7.SP1.jar:4.2.7.SP1]
	at org.hibernate.event.internal.AbstractSaveEventListener.performSave(AbstractSaveEventListener.java:192) ~[hibernate-core-4.2.7.SP1.jar:4.2.7.SP1]
	at org.hibernate.event.internal.AbstractSaveEventListener.saveWithGeneratedId(AbstractSaveEventListener.java:135) ~[hibernate-core-4.2.7.SP1.jar:4.2.7.SP1]
	at org.hibernate.event.internal.DefaultSaveOrUpdateEventListener.saveWithGeneratedOrRequestedId(DefaultSaveOrUpdateEventListener.java:206) ~[hibernate-core-4.2.7.SP1.jar:4.2.7.SP1]
	at org.hibernate.event.internal.DefaultSaveEventListener.saveWithGeneratedOrRequestedId(DefaultSaveEventListener.java:55) ~[hibernate-core-4.2.7.SP1.jar:4.2.7.SP1]
	at org.hibernate.event.internal.DefaultSaveOrUpdateEventListener.entityIsTransient(DefaultSaveOrUpdateEventListener.java:191) ~[hibernate-core-4.2.7.SP1.jar:4.2.7.SP1]
	at org.hibernate.event.internal.DefaultSaveEventListener.performSaveOrUpdate(DefaultSaveEventListener.java:49) ~[hibernate-core-4.2.7.SP1.jar:4.2.7.SP1]
	at org.hibernate.event.internal.DefaultSaveOrUpdateEventListener.onSaveOrUpdate(DefaultSaveOrUpdateEventListener.java:90) ~[hibernate-core-4.2.7.SP1.jar:4.2.7.SP1]
	at org.hibernate.internal.SessionImpl.fireSave(SessionImpl.java:764) ~[hibernate-core-4.2.7.SP1.jar:4.2.7.SP1]
	at org.hibernate.internal.SessionImpl.save(SessionImpl.java:756) ~[hibernate-core-4.2.7.SP1.jar:4.2.7.SP1]
	at org.hibernate.internal.SessionImpl.save(SessionImpl.java:752) ~[hibernate-core-4.2.7.SP1.jar:4.2.7.SP1]
	at es.upm.emse.enteridea.persistence.dao.imp.GenericDAOImp.executeSaveUpdate(GenericDAOImp.java:288) ~[classes/:?]
	at es.upm.emse.enteridea.persistence.dao.imp.GenericDAOImp.create(GenericDAOImp.java:60) [classes/:?]
	at test.es.upm.emse.enteridea.persistence.dao.imp.GenericDAOImpTest.testExecuteQuery(GenericDAOImpTest.java:252) [classes/:?]
	at sun.reflect.NativeMethodAccessorImpl.invoke0(Native Method) ~[?:1.7.0_45]
	at sun.reflect.NativeMethodAccessorImpl.invoke(NativeMethodAccessorImpl.java:57) ~[?:1.7.0_45]
	at sun.reflect.DelegatingMethodAccessorImpl.invoke(DelegatingMethodAccessorImpl.java:43) ~[?:1.7.0_45]
	at java.lang.reflect.Method.invoke(Method.java:606) ~[?:1.7.0_45]
	at junit.framework.TestCase.runTest(TestCase.java:168) [junit.jar:?]
	at junit.framework.TestCase.runBare(TestCase.java:134) [junit.jar:?]
	at junit.framework.TestResult$1.protect(TestResult.java:110) [junit.jar:?]
	at junit.framework.TestResult.runProtected(TestResult.java:128) [junit.jar:?]
	at junit.framework.TestResult.run(TestResult.java:113) [junit.jar:?]
	at junit.framework.TestCase.run(TestCase.java:124) [junit.jar:?]
	at junit.framework.TestSuite.runTest(TestSuite.java:243) [junit.jar:?]
	at junit.framework.TestSuite.run(TestSuite.java:238) [junit.jar:?]
	at org.eclipse.jdt.internal.junit.runner.junit3.JUnit3TestReference.run(JUnit3TestReference.java:130) [.cp/:?]
	at org.eclipse.jdt.internal.junit.runner.TestExecution.run(TestExecution.java:38) [.cp/:?]
	at org.eclipse.jdt.internal.junit.runner.RemoteTestRunner.runTests(RemoteTestRunner.java:467) [.cp/:?]
	at org.eclipse.jdt.internal.junit.runner.RemoteTestRunner.runTests(RemoteTestRunner.java:683) [.cp/:?]
	at org.eclipse.jdt.internal.junit.runner.RemoteTestRunner.run(RemoteTestRunner.java:390) [.cp/:?]
	at org.eclipse.jdt.internal.junit.runner.RemoteTestRunner.main(RemoteTestRunner.java:197) [.cp/:?]
ERROR | 17/Dec/2013 12:06:21,101 | GenericDAOImp.java:128 |Can not DELETE the object into the database due an error: 
java.lang.IllegalArgumentException: attempt to create delete event with null entity
	at org.hibernate.event.spi.DeleteEvent.<init>(DeleteEvent.java:48) ~[hibernate-core-4.2.7.SP1.jar:4.2.7.SP1]
	at org.hibernate.internal.SessionImpl.delete(SessionImpl.java:936) ~[hibernate-core-4.2.7.SP1.jar:4.2.7.SP1]
	at es.upm.emse.enteridea.persistence.dao.imp.GenericDAOImp.delete(GenericDAOImp.java:125) [classes/:?]
	at test.es.upm.emse.enteridea.persistence.dao.imp.GenericDAOImpTest.testExecuteQuery(GenericDAOImpTest.java:268) [classes/:?]
	at sun.reflect.NativeMethodAccessorImpl.invoke0(Native Method) ~[?:1.7.0_45]
	at sun.reflect.NativeMethodAccessorImpl.invoke(NativeMethodAccessorImpl.java:57) ~[?:1.7.0_45]
	at sun.reflect.DelegatingMethodAccessorImpl.invoke(DelegatingMethodAccessorImpl.java:43) ~[?:1.7.0_45]
	at java.lang.reflect.Method.invoke(Method.java:606) ~[?:1.7.0_45]
	at junit.framework.TestCase.runTest(TestCase.java:168) [junit.jar:?]
	at junit.framework.TestCase.runBare(TestCase.java:134) [junit.jar:?]
	at junit.framework.TestResult$1.protect(TestResult.java:110) [junit.jar:?]
	at junit.framework.TestResult.runProtected(TestResult.java:128) [junit.jar:?]
	at junit.framework.TestResult.run(TestResult.java:113) [junit.jar:?]
	at junit.framework.TestCase.run(TestCase.java:124) [junit.jar:?]
	at junit.framework.TestSuite.runTest(TestSuite.java:243) [junit.jar:?]
	at junit.framework.TestSuite.run(TestSuite.java:238) [junit.jar:?]
	at org.eclipse.jdt.internal.junit.runner.junit3.JUnit3TestReference.run(JUnit3TestReference.java:130) [.cp/:?]
	at org.eclipse.jdt.internal.junit.runner.TestExecution.run(TestExecution.java:38) [.cp/:?]
	at org.eclipse.jdt.internal.junit.runner.RemoteTestRunner.runTests(RemoteTestRunner.java:467) [.cp/:?]
	at org.eclipse.jdt.internal.junit.runner.RemoteTestRunner.runTests(RemoteTestRunner.java:683) [.cp/:?]
	at org.eclipse.jdt.internal.junit.runner.RemoteTestRunner.run(RemoteTestRunner.java:390) [.cp/:?]
	at org.eclipse.jdt.internal.junit.runner.RemoteTestRunner.main(RemoteTestRunner.java:197) [.cp/:?]
ERROR | 17/Dec/2013 12:06:47,566 | GenericDAOImp.java:63 |Can not SAVE the object into the database due an error: 
org.hibernate.exception.ConstraintViolationException: could not execute statement
	at org.hibernate.exception.internal.SQLStateConversionDelegate.convert(SQLStateConversionDelegate.java:129) ~[hibernate-core-4.2.7.SP1.jar:4.2.7.SP1]
	at org.hibernate.exception.internal.StandardSQLExceptionConverter.convert(StandardSQLExceptionConverter.java:49) ~[hibernate-core-4.2.7.SP1.jar:4.2.7.SP1]
	at org.hibernate.engine.jdbc.spi.SqlExceptionHelper.convert(SqlExceptionHelper.java:125) ~[hibernate-core-4.2.7.SP1.jar:4.2.7.SP1]
	at org.hibernate.engine.jdbc.spi.SqlExceptionHelper.convert(SqlExceptionHelper.java:110) ~[hibernate-core-4.2.7.SP1.jar:4.2.7.SP1]
	at org.hibernate.engine.jdbc.internal.ResultSetReturnImpl.executeUpdate(ResultSetReturnImpl.java:136) ~[hibernate-core-4.2.7.SP1.jar:4.2.7.SP1]
	at org.hibernate.engine.jdbc.batch.internal.NonBatchingBatch.addToBatch(NonBatchingBatch.java:58) ~[hibernate-core-4.2.7.SP1.jar:4.2.7.SP1]
	at org.hibernate.persister.entity.AbstractEntityPersister.insert(AbstractEntityPersister.java:3081) ~[hibernate-core-4.2.7.SP1.jar:4.2.7.SP1]
	at org.hibernate.persister.entity.AbstractEntityPersister.insert(AbstractEntityPersister.java:3523) ~[hibernate-core-4.2.7.SP1.jar:4.2.7.SP1]
	at org.hibernate.action.internal.EntityInsertAction.execute(EntityInsertAction.java:88) ~[hibernate-core-4.2.7.SP1.jar:4.2.7.SP1]
	at org.hibernate.engine.spi.ActionQueue.execute(ActionQueue.java:393) ~[hibernate-core-4.2.7.SP1.jar:4.2.7.SP1]
	at org.hibernate.engine.spi.ActionQueue.executeActions(ActionQueue.java:385) ~[hibernate-core-4.2.7.SP1.jar:4.2.7.SP1]
	at org.hibernate.engine.spi.ActionQueue.executeActions(ActionQueue.java:301) ~[hibernate-core-4.2.7.SP1.jar:4.2.7.SP1]
	at org.hibernate.event.internal.AbstractFlushingEventListener.performExecutions(AbstractFlushingEventListener.java:339) ~[hibernate-core-4.2.7.SP1.jar:4.2.7.SP1]
	at org.hibernate.event.internal.DefaultFlushEventListener.onFlush(DefaultFlushEventListener.java:52) ~[hibernate-core-4.2.7.SP1.jar:4.2.7.SP1]
	at org.hibernate.internal.SessionImpl.flush(SessionImpl.java:1240) ~[hibernate-core-4.2.7.SP1.jar:4.2.7.SP1]
	at org.hibernate.internal.SessionImpl.managedFlush(SessionImpl.java:404) ~[hibernate-core-4.2.7.SP1.jar:4.2.7.SP1]
	at org.hibernate.engine.transaction.internal.jdbc.JdbcTransaction.beforeTransactionCommit(JdbcTransaction.java:101) ~[hibernate-core-4.2.7.SP1.jar:4.2.7.SP1]
	at org.hibernate.engine.transaction.spi.AbstractTransactionImpl.commit(AbstractTransactionImpl.java:175) ~[hibernate-core-4.2.7.SP1.jar:4.2.7.SP1]
	at es.upm.emse.enteridea.persistence.dao.imp.GenericDAOImp.executeSaveUpdate(GenericDAOImp.java:297) ~[classes/:?]
	at es.upm.emse.enteridea.persistence.dao.imp.GenericDAOImp.create(GenericDAOImp.java:60) [classes/:?]
	at test.es.upm.emse.enteridea.persistence.dao.imp.GenericDAOImpTest.testCreateIdea(GenericDAOImpTest.java:94) [classes/:?]
	at sun.reflect.NativeMethodAccessorImpl.invoke0(Native Method) ~[?:1.7.0_45]
	at sun.reflect.NativeMethodAccessorImpl.invoke(NativeMethodAccessorImpl.java:57) ~[?:1.7.0_45]
	at sun.reflect.DelegatingMethodAccessorImpl.invoke(DelegatingMethodAccessorImpl.java:43) ~[?:1.7.0_45]
	at java.lang.reflect.Method.invoke(Method.java:606) ~[?:1.7.0_45]
	at junit.framework.TestCase.runTest(TestCase.java:168) [junit.jar:?]
	at junit.framework.TestCase.runBare(TestCase.java:134) [junit.jar:?]
	at junit.framework.TestResult$1.protect(TestResult.java:110) [junit.jar:?]
	at junit.framework.TestResult.runProtected(TestResult.java:128) [junit.jar:?]
	at junit.framework.TestResult.run(TestResult.java:113) [junit.jar:?]
	at junit.framework.TestCase.run(TestCase.java:124) [junit.jar:?]
	at org.eclipse.jdt.internal.junit.runner.junit3.JUnit3TestReference.run(JUnit3TestReference.java:130) [.cp/:?]
	at org.eclipse.jdt.internal.junit.runner.TestExecution.run(TestExecution.java:38) [.cp/:?]
	at org.eclipse.jdt.internal.junit.runner.RemoteTestRunner.runTests(RemoteTestRunner.java:467) [.cp/:?]
	at org.eclipse.jdt.internal.junit.runner.RemoteTestRunner.runTests(RemoteTestRunner.java:683) [.cp/:?]
	at org.eclipse.jdt.internal.junit.runner.RemoteTestRunner.run(RemoteTestRunner.java:390) [.cp/:?]
	at org.eclipse.jdt.internal.junit.runner.RemoteTestRunner.main(RemoteTestRunner.java:197) [.cp/:?]
Caused by: org.postgresql.util.PSQLException: ERROR: duplicate key value violates unique constraint "userenteridea_nickname_key"
  Detail: Key (nickname)=(testo) already exists.
	at org.postgresql.core.v3.QueryExecutorImpl.receiveErrorResponse(QueryExecutorImpl.java:2102) ~[postgresql-9.1-901.jdbc4.jar:?]
	at org.postgresql.core.v3.QueryExecutorImpl.processResults(QueryExecutorImpl.java:1835) ~[postgresql-9.1-901.jdbc4.jar:?]
	at org.postgresql.core.v3.QueryExecutorImpl.execute(QueryExecutorImpl.java:257) ~[postgresql-9.1-901.jdbc4.jar:?]
	at org.postgresql.jdbc2.AbstractJdbc2Statement.execute(AbstractJdbc2Statement.java:500) ~[postgresql-9.1-901.jdbc4.jar:?]
	at org.postgresql.jdbc2.AbstractJdbc2Statement.executeWithFlags(AbstractJdbc2Statement.java:388) ~[postgresql-9.1-901.jdbc4.jar:?]
	at org.postgresql.jdbc2.AbstractJdbc2Statement.executeUpdate(AbstractJdbc2Statement.java:334) ~[postgresql-9.1-901.jdbc4.jar:?]
	at org.hibernate.engine.jdbc.internal.ResultSetReturnImpl.executeUpdate(ResultSetReturnImpl.java:133) ~[hibernate-core-4.2.7.SP1.jar:4.2.7.SP1]
	... 32 more
ERROR | 17/Dec/2013 12:08:00,886 | GenericDAOImp.java:63 |Can not SAVE the object into the database due an error: 
org.hibernate.exception.ConstraintViolationException: could not execute statement
	at org.hibernate.exception.internal.SQLStateConversionDelegate.convert(SQLStateConversionDelegate.java:129) ~[hibernate-core-4.2.7.SP1.jar:4.2.7.SP1]
	at org.hibernate.exception.internal.StandardSQLExceptionConverter.convert(StandardSQLExceptionConverter.java:49) ~[hibernate-core-4.2.7.SP1.jar:4.2.7.SP1]
	at org.hibernate.engine.jdbc.spi.SqlExceptionHelper.convert(SqlExceptionHelper.java:125) ~[hibernate-core-4.2.7.SP1.jar:4.2.7.SP1]
	at org.hibernate.engine.jdbc.spi.SqlExceptionHelper.convert(SqlExceptionHelper.java:110) ~[hibernate-core-4.2.7.SP1.jar:4.2.7.SP1]
	at org.hibernate.engine.jdbc.internal.ResultSetReturnImpl.executeUpdate(ResultSetReturnImpl.java:136) ~[hibernate-core-4.2.7.SP1.jar:4.2.7.SP1]
	at org.hibernate.engine.jdbc.batch.internal.NonBatchingBatch.addToBatch(NonBatchingBatch.java:58) ~[hibernate-core-4.2.7.SP1.jar:4.2.7.SP1]
	at org.hibernate.persister.entity.AbstractEntityPersister.insert(AbstractEntityPersister.java:3081) ~[hibernate-core-4.2.7.SP1.jar:4.2.7.SP1]
	at org.hibernate.persister.entity.AbstractEntityPersister.insert(AbstractEntityPersister.java:3523) ~[hibernate-core-4.2.7.SP1.jar:4.2.7.SP1]
	at org.hibernate.action.internal.EntityInsertAction.execute(EntityInsertAction.java:88) ~[hibernate-core-4.2.7.SP1.jar:4.2.7.SP1]
	at org.hibernate.engine.spi.ActionQueue.execute(ActionQueue.java:393) ~[hibernate-core-4.2.7.SP1.jar:4.2.7.SP1]
	at org.hibernate.engine.spi.ActionQueue.executeActions(ActionQueue.java:385) ~[hibernate-core-4.2.7.SP1.jar:4.2.7.SP1]
	at org.hibernate.engine.spi.ActionQueue.executeActions(ActionQueue.java:301) ~[hibernate-core-4.2.7.SP1.jar:4.2.7.SP1]
	at org.hibernate.event.internal.AbstractFlushingEventListener.performExecutions(AbstractFlushingEventListener.java:339) ~[hibernate-core-4.2.7.SP1.jar:4.2.7.SP1]
	at org.hibernate.event.internal.DefaultFlushEventListener.onFlush(DefaultFlushEventListener.java:52) ~[hibernate-core-4.2.7.SP1.jar:4.2.7.SP1]
	at org.hibernate.internal.SessionImpl.flush(SessionImpl.java:1240) ~[hibernate-core-4.2.7.SP1.jar:4.2.7.SP1]
	at org.hibernate.internal.SessionImpl.managedFlush(SessionImpl.java:404) ~[hibernate-core-4.2.7.SP1.jar:4.2.7.SP1]
	at org.hibernate.engine.transaction.internal.jdbc.JdbcTransaction.beforeTransactionCommit(JdbcTransaction.java:101) ~[hibernate-core-4.2.7.SP1.jar:4.2.7.SP1]
	at org.hibernate.engine.transaction.spi.AbstractTransactionImpl.commit(AbstractTransactionImpl.java:175) ~[hibernate-core-4.2.7.SP1.jar:4.2.7.SP1]
	at es.upm.emse.enteridea.persistence.dao.imp.GenericDAOImp.executeSaveUpdate(GenericDAOImp.java:297) ~[classes/:?]
	at es.upm.emse.enteridea.persistence.dao.imp.GenericDAOImp.create(GenericDAOImp.java:60) [classes/:?]
	at test.es.upm.emse.enteridea.persistence.dao.imp.GenericDAOImpTest.testCreateIdea(GenericDAOImpTest.java:94) [classes/:?]
	at sun.reflect.NativeMethodAccessorImpl.invoke0(Native Method) ~[?:1.7.0_45]
	at sun.reflect.NativeMethodAccessorImpl.invoke(NativeMethodAccessorImpl.java:57) ~[?:1.7.0_45]
	at sun.reflect.DelegatingMethodAccessorImpl.invoke(DelegatingMethodAccessorImpl.java:43) ~[?:1.7.0_45]
	at java.lang.reflect.Method.invoke(Method.java:606) ~[?:1.7.0_45]
	at junit.framework.TestCase.runTest(TestCase.java:168) [junit.jar:?]
	at junit.framework.TestCase.runBare(TestCase.java:134) [junit.jar:?]
	at junit.framework.TestResult$1.protect(TestResult.java:110) [junit.jar:?]
	at junit.framework.TestResult.runProtected(TestResult.java:128) [junit.jar:?]
	at junit.framework.TestResult.run(TestResult.java:113) [junit.jar:?]
	at junit.framework.TestCase.run(TestCase.java:124) [junit.jar:?]
	at junit.framework.TestSuite.runTest(TestSuite.java:243) [junit.jar:?]
	at junit.framework.TestSuite.run(TestSuite.java:238) [junit.jar:?]
	at org.eclipse.jdt.internal.junit.runner.junit3.JUnit3TestReference.run(JUnit3TestReference.java:130) [.cp/:?]
	at org.eclipse.jdt.internal.junit.runner.TestExecution.run(TestExecution.java:38) [.cp/:?]
	at org.eclipse.jdt.internal.junit.runner.RemoteTestRunner.runTests(RemoteTestRunner.java:467) [.cp/:?]
	at org.eclipse.jdt.internal.junit.runner.RemoteTestRunner.runTests(RemoteTestRunner.java:683) [.cp/:?]
	at org.eclipse.jdt.internal.junit.runner.RemoteTestRunner.run(RemoteTestRunner.java:390) [.cp/:?]
	at org.eclipse.jdt.internal.junit.runner.RemoteTestRunner.main(RemoteTestRunner.java:197) [.cp/:?]
Caused by: org.postgresql.util.PSQLException: ERROR: duplicate key value violates unique constraint "userenteridea_nickname_key"
  Detail: Key (nickname)=(testo) already exists.
	at org.postgresql.core.v3.QueryExecutorImpl.receiveErrorResponse(QueryExecutorImpl.java:2102) ~[postgresql-9.1-901.jdbc4.jar:?]
	at org.postgresql.core.v3.QueryExecutorImpl.processResults(QueryExecutorImpl.java:1835) ~[postgresql-9.1-901.jdbc4.jar:?]
	at org.postgresql.core.v3.QueryExecutorImpl.execute(QueryExecutorImpl.java:257) ~[postgresql-9.1-901.jdbc4.jar:?]
	at org.postgresql.jdbc2.AbstractJdbc2Statement.execute(AbstractJdbc2Statement.java:500) ~[postgresql-9.1-901.jdbc4.jar:?]
	at org.postgresql.jdbc2.AbstractJdbc2Statement.executeWithFlags(AbstractJdbc2Statement.java:388) ~[postgresql-9.1-901.jdbc4.jar:?]
	at org.postgresql.jdbc2.AbstractJdbc2Statement.executeUpdate(AbstractJdbc2Statement.java:334) ~[postgresql-9.1-901.jdbc4.jar:?]
	at org.hibernate.engine.jdbc.internal.ResultSetReturnImpl.executeUpdate(ResultSetReturnImpl.java:133) ~[hibernate-core-4.2.7.SP1.jar:4.2.7.SP1]
	... 34 more
ERROR | 17/Dec/2013 12:08:01,609 | GenericDAOImp.java:63 |Can not SAVE the object into the database due an error: 
org.hibernate.PropertyValueException: not-null property references a null or transient value: es.upm.emse.enteridea.persistence.entity.Idea.topic
	at org.hibernate.engine.internal.Nullability.checkNullability(Nullability.java:103) ~[hibernate-core-4.2.7.SP1.jar:4.2.7.SP1]
	at org.hibernate.action.internal.AbstractEntityInsertAction.nullifyTransientReferencesIfNotAlready(AbstractEntityInsertAction.java:132) ~[hibernate-core-4.2.7.SP1.jar:4.2.7.SP1]
	at org.hibernate.action.internal.AbstractEntityInsertAction.makeEntityManaged(AbstractEntityInsertAction.java:141) ~[hibernate-core-4.2.7.SP1.jar:4.2.7.SP1]
	at org.hibernate.engine.spi.ActionQueue.addResolvedEntityInsertAction(ActionQueue.java:233) ~[hibernate-core-4.2.7.SP1.jar:4.2.7.SP1]
	at org.hibernate.engine.spi.ActionQueue.addInsertAction(ActionQueue.java:207) ~[hibernate-core-4.2.7.SP1.jar:4.2.7.SP1]
	at org.hibernate.engine.spi.ActionQueue.addAction(ActionQueue.java:150) ~[hibernate-core-4.2.7.SP1.jar:4.2.7.SP1]
	at org.hibernate.event.internal.AbstractSaveEventListener.addInsertAction(AbstractSaveEventListener.java:329) ~[hibernate-core-4.2.7.SP1.jar:4.2.7.SP1]
	at org.hibernate.event.internal.AbstractSaveEventListener.performSaveOrReplicate(AbstractSaveEventListener.java:286) ~[hibernate-core-4.2.7.SP1.jar:4.2.7.SP1]
	at org.hibernate.event.internal.AbstractSaveEventListener.performSave(AbstractSaveEventListener.java:192) ~[hibernate-core-4.2.7.SP1.jar:4.2.7.SP1]
	at org.hibernate.event.internal.AbstractSaveEventListener.saveWithGeneratedId(AbstractSaveEventListener.java:135) ~[hibernate-core-4.2.7.SP1.jar:4.2.7.SP1]
	at org.hibernate.event.internal.DefaultSaveOrUpdateEventListener.saveWithGeneratedOrRequestedId(DefaultSaveOrUpdateEventListener.java:206) ~[hibernate-core-4.2.7.SP1.jar:4.2.7.SP1]
	at org.hibernate.event.internal.DefaultSaveEventListener.saveWithGeneratedOrRequestedId(DefaultSaveEventListener.java:55) ~[hibernate-core-4.2.7.SP1.jar:4.2.7.SP1]
	at org.hibernate.event.internal.DefaultSaveOrUpdateEventListener.entityIsTransient(DefaultSaveOrUpdateEventListener.java:191) ~[hibernate-core-4.2.7.SP1.jar:4.2.7.SP1]
	at org.hibernate.event.internal.DefaultSaveEventListener.performSaveOrUpdate(DefaultSaveEventListener.java:49) ~[hibernate-core-4.2.7.SP1.jar:4.2.7.SP1]
	at org.hibernate.event.internal.DefaultSaveOrUpdateEventListener.onSaveOrUpdate(DefaultSaveOrUpdateEventListener.java:90) ~[hibernate-core-4.2.7.SP1.jar:4.2.7.SP1]
	at org.hibernate.internal.SessionImpl.fireSave(SessionImpl.java:764) ~[hibernate-core-4.2.7.SP1.jar:4.2.7.SP1]
	at org.hibernate.internal.SessionImpl.save(SessionImpl.java:756) ~[hibernate-core-4.2.7.SP1.jar:4.2.7.SP1]
	at org.hibernate.internal.SessionImpl.save(SessionImpl.java:752) ~[hibernate-core-4.2.7.SP1.jar:4.2.7.SP1]
	at es.upm.emse.enteridea.persistence.dao.imp.GenericDAOImp.executeSaveUpdate(GenericDAOImp.java:288) ~[classes/:?]
	at es.upm.emse.enteridea.persistence.dao.imp.GenericDAOImp.create(GenericDAOImp.java:60) [classes/:?]
	at test.es.upm.emse.enteridea.persistence.dao.imp.GenericDAOImpTest.testCreateIdeaExistingUserAndTopic(GenericDAOImpTest.java:138) [classes/:?]
	at sun.reflect.NativeMethodAccessorImpl.invoke0(Native Method) ~[?:1.7.0_45]
	at sun.reflect.NativeMethodAccessorImpl.invoke(NativeMethodAccessorImpl.java:57) ~[?:1.7.0_45]
	at sun.reflect.DelegatingMethodAccessorImpl.invoke(DelegatingMethodAccessorImpl.java:43) ~[?:1.7.0_45]
	at java.lang.reflect.Method.invoke(Method.java:606) ~[?:1.7.0_45]
	at junit.framework.TestCase.runTest(TestCase.java:168) [junit.jar:?]
	at junit.framework.TestCase.runBare(TestCase.java:134) [junit.jar:?]
	at junit.framework.TestResult$1.protect(TestResult.java:110) [junit.jar:?]
	at junit.framework.TestResult.runProtected(TestResult.java:128) [junit.jar:?]
	at junit.framework.TestResult.run(TestResult.java:113) [junit.jar:?]
	at junit.framework.TestCase.run(TestCase.java:124) [junit.jar:?]
	at junit.framework.TestSuite.runTest(TestSuite.java:243) [junit.jar:?]
	at junit.framework.TestSuite.run(TestSuite.java:238) [junit.jar:?]
	at org.eclipse.jdt.internal.junit.runner.junit3.JUnit3TestReference.run(JUnit3TestReference.java:130) [.cp/:?]
	at org.eclipse.jdt.internal.junit.runner.TestExecution.run(TestExecution.java:38) [.cp/:?]
	at org.eclipse.jdt.internal.junit.runner.RemoteTestRunner.runTests(RemoteTestRunner.java:467) [.cp/:?]
	at org.eclipse.jdt.internal.junit.runner.RemoteTestRunner.runTests(RemoteTestRunner.java:683) [.cp/:?]
	at org.eclipse.jdt.internal.junit.runner.RemoteTestRunner.run(RemoteTestRunner.java:390) [.cp/:?]
	at org.eclipse.jdt.internal.junit.runner.RemoteTestRunner.main(RemoteTestRunner.java:197) [.cp/:?]
 INFO | 17/Dec/2013 12:08:01,682 | GenericDAOImp.java:61 |object saved
 INFO | 17/Dec/2013 12:08:01,747 | GenericDAOImp.java:105 |object Updated
ERROR | 17/Dec/2013 12:08:01,775 | GenericDAOImp.java:63 |Can not SAVE the object into the database due an error: 
org.hibernate.PropertyValueException: not-null property references a null or transient value: es.upm.emse.enteridea.persistence.entity.Idea.topic
	at org.hibernate.engine.internal.Nullability.checkNullability(Nullability.java:103) ~[hibernate-core-4.2.7.SP1.jar:4.2.7.SP1]
	at org.hibernate.action.internal.AbstractEntityInsertAction.nullifyTransientReferencesIfNotAlready(AbstractEntityInsertAction.java:132) ~[hibernate-core-4.2.7.SP1.jar:4.2.7.SP1]
	at org.hibernate.action.internal.AbstractEntityInsertAction.makeEntityManaged(AbstractEntityInsertAction.java:141) ~[hibernate-core-4.2.7.SP1.jar:4.2.7.SP1]
	at org.hibernate.engine.spi.ActionQueue.addResolvedEntityInsertAction(ActionQueue.java:233) ~[hibernate-core-4.2.7.SP1.jar:4.2.7.SP1]
	at org.hibernate.engine.spi.ActionQueue.addInsertAction(ActionQueue.java:207) ~[hibernate-core-4.2.7.SP1.jar:4.2.7.SP1]
	at org.hibernate.engine.spi.ActionQueue.addAction(ActionQueue.java:150) ~[hibernate-core-4.2.7.SP1.jar:4.2.7.SP1]
	at org.hibernate.event.internal.AbstractSaveEventListener.addInsertAction(AbstractSaveEventListener.java:329) ~[hibernate-core-4.2.7.SP1.jar:4.2.7.SP1]
	at org.hibernate.event.internal.AbstractSaveEventListener.performSaveOrReplicate(AbstractSaveEventListener.java:286) ~[hibernate-core-4.2.7.SP1.jar:4.2.7.SP1]
	at org.hibernate.event.internal.AbstractSaveEventListener.performSave(AbstractSaveEventListener.java:192) ~[hibernate-core-4.2.7.SP1.jar:4.2.7.SP1]
	at org.hibernate.event.internal.AbstractSaveEventListener.saveWithGeneratedId(AbstractSaveEventListener.java:135) ~[hibernate-core-4.2.7.SP1.jar:4.2.7.SP1]
	at org.hibernate.event.internal.DefaultSaveOrUpdateEventListener.saveWithGeneratedOrRequestedId(DefaultSaveOrUpdateEventListener.java:206) ~[hibernate-core-4.2.7.SP1.jar:4.2.7.SP1]
	at org.hibernate.event.internal.DefaultSaveEventListener.saveWithGeneratedOrRequestedId(DefaultSaveEventListener.java:55) ~[hibernate-core-4.2.7.SP1.jar:4.2.7.SP1]
	at org.hibernate.event.internal.DefaultSaveOrUpdateEventListener.entityIsTransient(DefaultSaveOrUpdateEventListener.java:191) ~[hibernate-core-4.2.7.SP1.jar:4.2.7.SP1]
	at org.hibernate.event.internal.DefaultSaveEventListener.performSaveOrUpdate(DefaultSaveEventListener.java:49) ~[hibernate-core-4.2.7.SP1.jar:4.2.7.SP1]
	at org.hibernate.event.internal.DefaultSaveOrUpdateEventListener.onSaveOrUpdate(DefaultSaveOrUpdateEventListener.java:90) ~[hibernate-core-4.2.7.SP1.jar:4.2.7.SP1]
	at org.hibernate.internal.SessionImpl.fireSave(SessionImpl.java:764) ~[hibernate-core-4.2.7.SP1.jar:4.2.7.SP1]
	at org.hibernate.internal.SessionImpl.save(SessionImpl.java:756) ~[hibernate-core-4.2.7.SP1.jar:4.2.7.SP1]
	at org.hibernate.internal.SessionImpl.save(SessionImpl.java:752) ~[hibernate-core-4.2.7.SP1.jar:4.2.7.SP1]
	at es.upm.emse.enteridea.persistence.dao.imp.GenericDAOImp.executeSaveUpdate(GenericDAOImp.java:288) ~[classes/:?]
	at es.upm.emse.enteridea.persistence.dao.imp.GenericDAOImp.create(GenericDAOImp.java:60) [classes/:?]
	at test.es.upm.emse.enteridea.persistence.dao.imp.GenericDAOImpTest.testDeleteIdea(GenericDAOImpTest.java:202) [classes/:?]
	at sun.reflect.NativeMethodAccessorImpl.invoke0(Native Method) ~[?:1.7.0_45]
	at sun.reflect.NativeMethodAccessorImpl.invoke(NativeMethodAccessorImpl.java:57) ~[?:1.7.0_45]
	at sun.reflect.DelegatingMethodAccessorImpl.invoke(DelegatingMethodAccessorImpl.java:43) ~[?:1.7.0_45]
	at java.lang.reflect.Method.invoke(Method.java:606) ~[?:1.7.0_45]
	at junit.framework.TestCase.runTest(TestCase.java:168) [junit.jar:?]
	at junit.framework.TestCase.runBare(TestCase.java:134) [junit.jar:?]
	at junit.framework.TestResult$1.protect(TestResult.java:110) [junit.jar:?]
	at junit.framework.TestResult.runProtected(TestResult.java:128) [junit.jar:?]
	at junit.framework.TestResult.run(TestResult.java:113) [junit.jar:?]
	at junit.framework.TestCase.run(TestCase.java:124) [junit.jar:?]
	at junit.framework.TestSuite.runTest(TestSuite.java:243) [junit.jar:?]
	at junit.framework.TestSuite.run(TestSuite.java:238) [junit.jar:?]
	at org.eclipse.jdt.internal.junit.runner.junit3.JUnit3TestReference.run(JUnit3TestReference.java:130) [.cp/:?]
	at org.eclipse.jdt.internal.junit.runner.TestExecution.run(TestExecution.java:38) [.cp/:?]
	at org.eclipse.jdt.internal.junit.runner.RemoteTestRunner.runTests(RemoteTestRunner.java:467) [.cp/:?]
	at org.eclipse.jdt.internal.junit.runner.RemoteTestRunner.runTests(RemoteTestRunner.java:683) [.cp/:?]
	at org.eclipse.jdt.internal.junit.runner.RemoteTestRunner.run(RemoteTestRunner.java:390) [.cp/:?]
	at org.eclipse.jdt.internal.junit.runner.RemoteTestRunner.main(RemoteTestRunner.java:197) [.cp/:?]
ERROR | 17/Dec/2013 12:08:01,846 | GenericDAOImp.java:63 |Can not SAVE the object into the database due an error: 
org.hibernate.exception.SQLGrammarException: could not execute statement
	at org.hibernate.exception.internal.SQLStateConversionDelegate.convert(SQLStateConversionDelegate.java:123) ~[hibernate-core-4.2.7.SP1.jar:4.2.7.SP1]
	at org.hibernate.exception.internal.StandardSQLExceptionConverter.convert(StandardSQLExceptionConverter.java:49) ~[hibernate-core-4.2.7.SP1.jar:4.2.7.SP1]
	at org.hibernate.engine.jdbc.spi.SqlExceptionHelper.convert(SqlExceptionHelper.java:125) ~[hibernate-core-4.2.7.SP1.jar:4.2.7.SP1]
	at org.hibernate.engine.jdbc.spi.SqlExceptionHelper.convert(SqlExceptionHelper.java:110) ~[hibernate-core-4.2.7.SP1.jar:4.2.7.SP1]
	at org.hibernate.engine.jdbc.internal.ResultSetReturnImpl.executeUpdate(ResultSetReturnImpl.java:136) ~[hibernate-core-4.2.7.SP1.jar:4.2.7.SP1]
	at org.hibernate.engine.jdbc.batch.internal.NonBatchingBatch.addToBatch(NonBatchingBatch.java:58) ~[hibernate-core-4.2.7.SP1.jar:4.2.7.SP1]
	at org.hibernate.persister.entity.AbstractEntityPersister.insert(AbstractEntityPersister.java:3081) ~[hibernate-core-4.2.7.SP1.jar:4.2.7.SP1]
	at org.hibernate.persister.entity.AbstractEntityPersister.insert(AbstractEntityPersister.java:3523) ~[hibernate-core-4.2.7.SP1.jar:4.2.7.SP1]
	at org.hibernate.action.internal.EntityInsertAction.execute(EntityInsertAction.java:88) ~[hibernate-core-4.2.7.SP1.jar:4.2.7.SP1]
	at org.hibernate.engine.spi.ActionQueue.execute(ActionQueue.java:393) ~[hibernate-core-4.2.7.SP1.jar:4.2.7.SP1]
	at org.hibernate.engine.spi.ActionQueue.executeActions(ActionQueue.java:385) ~[hibernate-core-4.2.7.SP1.jar:4.2.7.SP1]
	at org.hibernate.engine.spi.ActionQueue.executeActions(ActionQueue.java:301) ~[hibernate-core-4.2.7.SP1.jar:4.2.7.SP1]
	at org.hibernate.event.internal.AbstractFlushingEventListener.performExecutions(AbstractFlushingEventListener.java:339) ~[hibernate-core-4.2.7.SP1.jar:4.2.7.SP1]
	at org.hibernate.event.internal.DefaultFlushEventListener.onFlush(DefaultFlushEventListener.java:52) ~[hibernate-core-4.2.7.SP1.jar:4.2.7.SP1]
	at org.hibernate.internal.SessionImpl.flush(SessionImpl.java:1240) ~[hibernate-core-4.2.7.SP1.jar:4.2.7.SP1]
	at org.hibernate.internal.SessionImpl.managedFlush(SessionImpl.java:404) ~[hibernate-core-4.2.7.SP1.jar:4.2.7.SP1]
	at org.hibernate.engine.transaction.internal.jdbc.JdbcTransaction.beforeTransactionCommit(JdbcTransaction.java:101) ~[hibernate-core-4.2.7.SP1.jar:4.2.7.SP1]
	at org.hibernate.engine.transaction.spi.AbstractTransactionImpl.commit(AbstractTransactionImpl.java:175) ~[hibernate-core-4.2.7.SP1.jar:4.2.7.SP1]
	at es.upm.emse.enteridea.persistence.dao.imp.GenericDAOImp.executeSaveUpdate(GenericDAOImp.java:297) ~[classes/:?]
	at es.upm.emse.enteridea.persistence.dao.imp.GenericDAOImp.create(GenericDAOImp.java:60) [classes/:?]
	at test.es.upm.emse.enteridea.persistence.dao.imp.GenericDAOImpTest.testVoteIdea(GenericDAOImpTest.java:229) [classes/:?]
	at sun.reflect.NativeMethodAccessorImpl.invoke0(Native Method) ~[?:1.7.0_45]
	at sun.reflect.NativeMethodAccessorImpl.invoke(NativeMethodAccessorImpl.java:57) ~[?:1.7.0_45]
	at sun.reflect.DelegatingMethodAccessorImpl.invoke(DelegatingMethodAccessorImpl.java:43) ~[?:1.7.0_45]
	at java.lang.reflect.Method.invoke(Method.java:606) ~[?:1.7.0_45]
	at junit.framework.TestCase.runTest(TestCase.java:168) [junit.jar:?]
	at junit.framework.TestCase.runBare(TestCase.java:134) [junit.jar:?]
	at junit.framework.TestResult$1.protect(TestResult.java:110) [junit.jar:?]
	at junit.framework.TestResult.runProtected(TestResult.java:128) [junit.jar:?]
	at junit.framework.TestResult.run(TestResult.java:113) [junit.jar:?]
	at junit.framework.TestCase.run(TestCase.java:124) [junit.jar:?]
	at junit.framework.TestSuite.runTest(TestSuite.java:243) [junit.jar:?]
	at junit.framework.TestSuite.run(TestSuite.java:238) [junit.jar:?]
	at org.eclipse.jdt.internal.junit.runner.junit3.JUnit3TestReference.run(JUnit3TestReference.java:130) [.cp/:?]
	at org.eclipse.jdt.internal.junit.runner.TestExecution.run(TestExecution.java:38) [.cp/:?]
	at org.eclipse.jdt.internal.junit.runner.RemoteTestRunner.runTests(RemoteTestRunner.java:467) [.cp/:?]
	at org.eclipse.jdt.internal.junit.runner.RemoteTestRunner.runTests(RemoteTestRunner.java:683) [.cp/:?]
	at org.eclipse.jdt.internal.junit.runner.RemoteTestRunner.run(RemoteTestRunner.java:390) [.cp/:?]
	at org.eclipse.jdt.internal.junit.runner.RemoteTestRunner.main(RemoteTestRunner.java:197) [.cp/:?]
Caused by: org.postgresql.util.PSQLException: ERROR: column "vote_type" is of type vote_type but expression is of type character varying
  Hint: You will need to rewrite or cast the expression.
  Position: 61
	at org.postgresql.core.v3.QueryExecutorImpl.receiveErrorResponse(QueryExecutorImpl.java:2102) ~[postgresql-9.1-901.jdbc4.jar:?]
	at org.postgresql.core.v3.QueryExecutorImpl.processResults(QueryExecutorImpl.java:1835) ~[postgresql-9.1-901.jdbc4.jar:?]
	at org.postgresql.core.v3.QueryExecutorImpl.execute(QueryExecutorImpl.java:257) ~[postgresql-9.1-901.jdbc4.jar:?]
	at org.postgresql.jdbc2.AbstractJdbc2Statement.execute(AbstractJdbc2Statement.java:500) ~[postgresql-9.1-901.jdbc4.jar:?]
	at org.postgresql.jdbc2.AbstractJdbc2Statement.executeWithFlags(AbstractJdbc2Statement.java:388) ~[postgresql-9.1-901.jdbc4.jar:?]
	at org.postgresql.jdbc2.AbstractJdbc2Statement.executeUpdate(AbstractJdbc2Statement.java:334) ~[postgresql-9.1-901.jdbc4.jar:?]
	at org.hibernate.engine.jdbc.internal.ResultSetReturnImpl.executeUpdate(ResultSetReturnImpl.java:133) ~[hibernate-core-4.2.7.SP1.jar:4.2.7.SP1]
	... 34 more
ERROR | 17/Dec/2013 12:08:01,906 | GenericDAOImp.java:63 |Can not SAVE the object into the database due an error: 
org.hibernate.PropertyValueException: not-null property references a null or transient value: es.upm.emse.enteridea.persistence.entity.Idea.topic
	at org.hibernate.engine.internal.Nullability.checkNullability(Nullability.java:103) ~[hibernate-core-4.2.7.SP1.jar:4.2.7.SP1]
	at org.hibernate.action.internal.AbstractEntityInsertAction.nullifyTransientReferencesIfNotAlready(AbstractEntityInsertAction.java:132) ~[hibernate-core-4.2.7.SP1.jar:4.2.7.SP1]
	at org.hibernate.action.internal.AbstractEntityInsertAction.makeEntityManaged(AbstractEntityInsertAction.java:141) ~[hibernate-core-4.2.7.SP1.jar:4.2.7.SP1]
	at org.hibernate.engine.spi.ActionQueue.addResolvedEntityInsertAction(ActionQueue.java:233) ~[hibernate-core-4.2.7.SP1.jar:4.2.7.SP1]
	at org.hibernate.engine.spi.ActionQueue.addInsertAction(ActionQueue.java:207) ~[hibernate-core-4.2.7.SP1.jar:4.2.7.SP1]
	at org.hibernate.engine.spi.ActionQueue.addAction(ActionQueue.java:150) ~[hibernate-core-4.2.7.SP1.jar:4.2.7.SP1]
	at org.hibernate.event.internal.AbstractSaveEventListener.addInsertAction(AbstractSaveEventListener.java:329) ~[hibernate-core-4.2.7.SP1.jar:4.2.7.SP1]
	at org.hibernate.event.internal.AbstractSaveEventListener.performSaveOrReplicate(AbstractSaveEventListener.java:286) ~[hibernate-core-4.2.7.SP1.jar:4.2.7.SP1]
	at org.hibernate.event.internal.AbstractSaveEventListener.performSave(AbstractSaveEventListener.java:192) ~[hibernate-core-4.2.7.SP1.jar:4.2.7.SP1]
	at org.hibernate.event.internal.AbstractSaveEventListener.saveWithGeneratedId(AbstractSaveEventListener.java:135) ~[hibernate-core-4.2.7.SP1.jar:4.2.7.SP1]
	at org.hibernate.event.internal.DefaultSaveOrUpdateEventListener.saveWithGeneratedOrRequestedId(DefaultSaveOrUpdateEventListener.java:206) ~[hibernate-core-4.2.7.SP1.jar:4.2.7.SP1]
	at org.hibernate.event.internal.DefaultSaveEventListener.saveWithGeneratedOrRequestedId(DefaultSaveEventListener.java:55) ~[hibernate-core-4.2.7.SP1.jar:4.2.7.SP1]
	at org.hibernate.event.internal.DefaultSaveOrUpdateEventListener.entityIsTransient(DefaultSaveOrUpdateEventListener.java:191) ~[hibernate-core-4.2.7.SP1.jar:4.2.7.SP1]
	at org.hibernate.event.internal.DefaultSaveEventListener.performSaveOrUpdate(DefaultSaveEventListener.java:49) ~[hibernate-core-4.2.7.SP1.jar:4.2.7.SP1]
	at org.hibernate.event.internal.DefaultSaveOrUpdateEventListener.onSaveOrUpdate(DefaultSaveOrUpdateEventListener.java:90) ~[hibernate-core-4.2.7.SP1.jar:4.2.7.SP1]
	at org.hibernate.internal.SessionImpl.fireSave(SessionImpl.java:764) ~[hibernate-core-4.2.7.SP1.jar:4.2.7.SP1]
	at org.hibernate.internal.SessionImpl.save(SessionImpl.java:756) ~[hibernate-core-4.2.7.SP1.jar:4.2.7.SP1]
	at org.hibernate.internal.SessionImpl.save(SessionImpl.java:752) ~[hibernate-core-4.2.7.SP1.jar:4.2.7.SP1]
	at es.upm.emse.enteridea.persistence.dao.imp.GenericDAOImp.executeSaveUpdate(GenericDAOImp.java:288) ~[classes/:?]
	at es.upm.emse.enteridea.persistence.dao.imp.GenericDAOImp.create(GenericDAOImp.java:60) [classes/:?]
	at test.es.upm.emse.enteridea.persistence.dao.imp.GenericDAOImpTest.testExecuteQuery(GenericDAOImpTest.java:252) [classes/:?]
	at sun.reflect.NativeMethodAccessorImpl.invoke0(Native Method) ~[?:1.7.0_45]
	at sun.reflect.NativeMethodAccessorImpl.invoke(NativeMethodAccessorImpl.java:57) ~[?:1.7.0_45]
	at sun.reflect.DelegatingMethodAccessorImpl.invoke(DelegatingMethodAccessorImpl.java:43) ~[?:1.7.0_45]
	at java.lang.reflect.Method.invoke(Method.java:606) ~[?:1.7.0_45]
	at junit.framework.TestCase.runTest(TestCase.java:168) [junit.jar:?]
	at junit.framework.TestCase.runBare(TestCase.java:134) [junit.jar:?]
	at junit.framework.TestResult$1.protect(TestResult.java:110) [junit.jar:?]
	at junit.framework.TestResult.runProtected(TestResult.java:128) [junit.jar:?]
	at junit.framework.TestResult.run(TestResult.java:113) [junit.jar:?]
	at junit.framework.TestCase.run(TestCase.java:124) [junit.jar:?]
	at junit.framework.TestSuite.runTest(TestSuite.java:243) [junit.jar:?]
	at junit.framework.TestSuite.run(TestSuite.java:238) [junit.jar:?]
	at org.eclipse.jdt.internal.junit.runner.junit3.JUnit3TestReference.run(JUnit3TestReference.java:130) [.cp/:?]
	at org.eclipse.jdt.internal.junit.runner.TestExecution.run(TestExecution.java:38) [.cp/:?]
	at org.eclipse.jdt.internal.junit.runner.RemoteTestRunner.runTests(RemoteTestRunner.java:467) [.cp/:?]
	at org.eclipse.jdt.internal.junit.runner.RemoteTestRunner.runTests(RemoteTestRunner.java:683) [.cp/:?]
	at org.eclipse.jdt.internal.junit.runner.RemoteTestRunner.run(RemoteTestRunner.java:390) [.cp/:?]
	at org.eclipse.jdt.internal.junit.runner.RemoteTestRunner.main(RemoteTestRunner.java:197) [.cp/:?]
ERROR | 17/Dec/2013 12:08:01,956 | GenericDAOImp.java:128 |Can not DELETE the object into the database due an error: 
java.lang.IllegalArgumentException: attempt to create delete event with null entity
	at org.hibernate.event.spi.DeleteEvent.<init>(DeleteEvent.java:48) ~[hibernate-core-4.2.7.SP1.jar:4.2.7.SP1]
	at org.hibernate.internal.SessionImpl.delete(SessionImpl.java:936) ~[hibernate-core-4.2.7.SP1.jar:4.2.7.SP1]
	at es.upm.emse.enteridea.persistence.dao.imp.GenericDAOImp.delete(GenericDAOImp.java:125) [classes/:?]
	at test.es.upm.emse.enteridea.persistence.dao.imp.GenericDAOImpTest.testExecuteQuery(GenericDAOImpTest.java:268) [classes/:?]
	at sun.reflect.NativeMethodAccessorImpl.invoke0(Native Method) ~[?:1.7.0_45]
	at sun.reflect.NativeMethodAccessorImpl.invoke(NativeMethodAccessorImpl.java:57) ~[?:1.7.0_45]
	at sun.reflect.DelegatingMethodAccessorImpl.invoke(DelegatingMethodAccessorImpl.java:43) ~[?:1.7.0_45]
	at java.lang.reflect.Method.invoke(Method.java:606) ~[?:1.7.0_45]
	at junit.framework.TestCase.runTest(TestCase.java:168) [junit.jar:?]
	at junit.framework.TestCase.runBare(TestCase.java:134) [junit.jar:?]
	at junit.framework.TestResult$1.protect(TestResult.java:110) [junit.jar:?]
	at junit.framework.TestResult.runProtected(TestResult.java:128) [junit.jar:?]
	at junit.framework.TestResult.run(TestResult.java:113) [junit.jar:?]
	at junit.framework.TestCase.run(TestCase.java:124) [junit.jar:?]
	at junit.framework.TestSuite.runTest(TestSuite.java:243) [junit.jar:?]
	at junit.framework.TestSuite.run(TestSuite.java:238) [junit.jar:?]
	at org.eclipse.jdt.internal.junit.runner.junit3.JUnit3TestReference.run(JUnit3TestReference.java:130) [.cp/:?]
	at org.eclipse.jdt.internal.junit.runner.TestExecution.run(TestExecution.java:38) [.cp/:?]
	at org.eclipse.jdt.internal.junit.runner.RemoteTestRunner.runTests(RemoteTestRunner.java:467) [.cp/:?]
	at org.eclipse.jdt.internal.junit.runner.RemoteTestRunner.runTests(RemoteTestRunner.java:683) [.cp/:?]
	at org.eclipse.jdt.internal.junit.runner.RemoteTestRunner.run(RemoteTestRunner.java:390) [.cp/:?]
	at org.eclipse.jdt.internal.junit.runner.RemoteTestRunner.main(RemoteTestRunner.java:197) [.cp/:?]
 INFO | 17/Dec/2013 12:09:30,435 | GenericDAOImp.java:61 |object saved
ERROR | 17/Dec/2013 12:09:48,071 | GenericDAOImp.java:63 |Can not SAVE the object into the database due an error: 
org.hibernate.PropertyValueException: not-null property references a null or transient value: es.upm.emse.enteridea.persistence.entity.Idea.topic
	at org.hibernate.engine.internal.Nullability.checkNullability(Nullability.java:103) ~[hibernate-core-4.2.7.SP1.jar:4.2.7.SP1]
	at org.hibernate.action.internal.AbstractEntityInsertAction.nullifyTransientReferencesIfNotAlready(AbstractEntityInsertAction.java:132) ~[hibernate-core-4.2.7.SP1.jar:4.2.7.SP1]
	at org.hibernate.action.internal.AbstractEntityInsertAction.makeEntityManaged(AbstractEntityInsertAction.java:141) ~[hibernate-core-4.2.7.SP1.jar:4.2.7.SP1]
	at org.hibernate.engine.spi.ActionQueue.addResolvedEntityInsertAction(ActionQueue.java:233) ~[hibernate-core-4.2.7.SP1.jar:4.2.7.SP1]
	at org.hibernate.engine.spi.ActionQueue.addInsertAction(ActionQueue.java:207) ~[hibernate-core-4.2.7.SP1.jar:4.2.7.SP1]
	at org.hibernate.engine.spi.ActionQueue.addAction(ActionQueue.java:150) ~[hibernate-core-4.2.7.SP1.jar:4.2.7.SP1]
	at org.hibernate.event.internal.AbstractSaveEventListener.addInsertAction(AbstractSaveEventListener.java:329) ~[hibernate-core-4.2.7.SP1.jar:4.2.7.SP1]
	at org.hibernate.event.internal.AbstractSaveEventListener.performSaveOrReplicate(AbstractSaveEventListener.java:286) ~[hibernate-core-4.2.7.SP1.jar:4.2.7.SP1]
	at org.hibernate.event.internal.AbstractSaveEventListener.performSave(AbstractSaveEventListener.java:192) ~[hibernate-core-4.2.7.SP1.jar:4.2.7.SP1]
	at org.hibernate.event.internal.AbstractSaveEventListener.saveWithGeneratedId(AbstractSaveEventListener.java:135) ~[hibernate-core-4.2.7.SP1.jar:4.2.7.SP1]
	at org.hibernate.event.internal.DefaultSaveOrUpdateEventListener.saveWithGeneratedOrRequestedId(DefaultSaveOrUpdateEventListener.java:206) ~[hibernate-core-4.2.7.SP1.jar:4.2.7.SP1]
	at org.hibernate.event.internal.DefaultSaveEventListener.saveWithGeneratedOrRequestedId(DefaultSaveEventListener.java:55) ~[hibernate-core-4.2.7.SP1.jar:4.2.7.SP1]
	at org.hibernate.event.internal.DefaultSaveOrUpdateEventListener.entityIsTransient(DefaultSaveOrUpdateEventListener.java:191) ~[hibernate-core-4.2.7.SP1.jar:4.2.7.SP1]
	at org.hibernate.event.internal.DefaultSaveEventListener.performSaveOrUpdate(DefaultSaveEventListener.java:49) ~[hibernate-core-4.2.7.SP1.jar:4.2.7.SP1]
	at org.hibernate.event.internal.DefaultSaveOrUpdateEventListener.onSaveOrUpdate(DefaultSaveOrUpdateEventListener.java:90) ~[hibernate-core-4.2.7.SP1.jar:4.2.7.SP1]
	at org.hibernate.internal.SessionImpl.fireSave(SessionImpl.java:764) ~[hibernate-core-4.2.7.SP1.jar:4.2.7.SP1]
	at org.hibernate.internal.SessionImpl.save(SessionImpl.java:756) ~[hibernate-core-4.2.7.SP1.jar:4.2.7.SP1]
	at org.hibernate.internal.SessionImpl.save(SessionImpl.java:752) ~[hibernate-core-4.2.7.SP1.jar:4.2.7.SP1]
	at es.upm.emse.enteridea.persistence.dao.imp.GenericDAOImp.executeSaveUpdate(GenericDAOImp.java:288) ~[classes/:?]
	at es.upm.emse.enteridea.persistence.dao.imp.GenericDAOImp.create(GenericDAOImp.java:60) [classes/:?]
	at test.es.upm.emse.enteridea.persistence.dao.imp.GenericDAOImpTest.testExecuteQuery(GenericDAOImpTest.java:252) [classes/:?]
	at sun.reflect.NativeMethodAccessorImpl.invoke0(Native Method) ~[?:1.7.0_45]
	at sun.reflect.NativeMethodAccessorImpl.invoke(NativeMethodAccessorImpl.java:57) ~[?:1.7.0_45]
	at sun.reflect.DelegatingMethodAccessorImpl.invoke(DelegatingMethodAccessorImpl.java:43) ~[?:1.7.0_45]
	at java.lang.reflect.Method.invoke(Method.java:606) ~[?:1.7.0_45]
	at junit.framework.TestCase.runTest(TestCase.java:168) [junit.jar:?]
	at junit.framework.TestCase.runBare(TestCase.java:134) [junit.jar:?]
	at junit.framework.TestResult$1.protect(TestResult.java:110) [junit.jar:?]
	at junit.framework.TestResult.runProtected(TestResult.java:128) [junit.jar:?]
	at junit.framework.TestResult.run(TestResult.java:113) [junit.jar:?]
	at junit.framework.TestCase.run(TestCase.java:124) [junit.jar:?]
	at junit.framework.TestSuite.runTest(TestSuite.java:243) [junit.jar:?]
	at junit.framework.TestSuite.run(TestSuite.java:238) [junit.jar:?]
	at org.junit.internal.runners.JUnit38ClassRunner.run(JUnit38ClassRunner.java:83) [junit.jar:?]
	at org.eclipse.jdt.internal.junit4.runner.JUnit4TestReference.run(JUnit4TestReference.java:50) [.cp/:?]
	at org.eclipse.jdt.internal.junit.runner.TestExecution.run(TestExecution.java:38) [.cp/:?]
	at org.eclipse.jdt.internal.junit.runner.RemoteTestRunner.runTests(RemoteTestRunner.java:467) [.cp/:?]
	at org.eclipse.jdt.internal.junit.runner.RemoteTestRunner.runTests(RemoteTestRunner.java:683) [.cp/:?]
	at org.eclipse.jdt.internal.junit.runner.RemoteTestRunner.run(RemoteTestRunner.java:390) [.cp/:?]
	at org.eclipse.jdt.internal.junit.runner.RemoteTestRunner.main(RemoteTestRunner.java:197) [.cp/:?]
ERROR | 17/Dec/2013 12:09:48,129 | GenericDAOImp.java:128 |Can not DELETE the object into the database due an error: 
java.lang.IllegalArgumentException: attempt to create delete event with null entity
	at org.hibernate.event.spi.DeleteEvent.<init>(DeleteEvent.java:48) ~[hibernate-core-4.2.7.SP1.jar:4.2.7.SP1]
	at org.hibernate.internal.SessionImpl.delete(SessionImpl.java:936) ~[hibernate-core-4.2.7.SP1.jar:4.2.7.SP1]
	at es.upm.emse.enteridea.persistence.dao.imp.GenericDAOImp.delete(GenericDAOImp.java:125) [classes/:?]
	at test.es.upm.emse.enteridea.persistence.dao.imp.GenericDAOImpTest.testExecuteQuery(GenericDAOImpTest.java:268) [classes/:?]
	at sun.reflect.NativeMethodAccessorImpl.invoke0(Native Method) ~[?:1.7.0_45]
	at sun.reflect.NativeMethodAccessorImpl.invoke(NativeMethodAccessorImpl.java:57) ~[?:1.7.0_45]
	at sun.reflect.DelegatingMethodAccessorImpl.invoke(DelegatingMethodAccessorImpl.java:43) ~[?:1.7.0_45]
	at java.lang.reflect.Method.invoke(Method.java:606) ~[?:1.7.0_45]
	at junit.framework.TestCase.runTest(TestCase.java:168) [junit.jar:?]
	at junit.framework.TestCase.runBare(TestCase.java:134) [junit.jar:?]
	at junit.framework.TestResult$1.protect(TestResult.java:110) [junit.jar:?]
	at junit.framework.TestResult.runProtected(TestResult.java:128) [junit.jar:?]
	at junit.framework.TestResult.run(TestResult.java:113) [junit.jar:?]
	at junit.framework.TestCase.run(TestCase.java:124) [junit.jar:?]
	at junit.framework.TestSuite.runTest(TestSuite.java:243) [junit.jar:?]
	at junit.framework.TestSuite.run(TestSuite.java:238) [junit.jar:?]
	at org.junit.internal.runners.JUnit38ClassRunner.run(JUnit38ClassRunner.java:83) [junit.jar:?]
	at org.eclipse.jdt.internal.junit4.runner.JUnit4TestReference.run(JUnit4TestReference.java:50) [.cp/:?]
	at org.eclipse.jdt.internal.junit.runner.TestExecution.run(TestExecution.java:38) [.cp/:?]
	at org.eclipse.jdt.internal.junit.runner.RemoteTestRunner.runTests(RemoteTestRunner.java:467) [.cp/:?]
	at org.eclipse.jdt.internal.junit.runner.RemoteTestRunner.runTests(RemoteTestRunner.java:683) [.cp/:?]
	at org.eclipse.jdt.internal.junit.runner.RemoteTestRunner.run(RemoteTestRunner.java:390) [.cp/:?]
	at org.eclipse.jdt.internal.junit.runner.RemoteTestRunner.main(RemoteTestRunner.java:197) [.cp/:?]
 INFO | 17/Dec/2013 12:10:14,646 | GenericDAOImp.java:61 |object saved
 INFO | 17/Dec/2013 12:11:31,542 | GenericDAOImp.java:61 |object saved
 INFO | 17/Dec/2013 12:11:31,560 | GenericDAOImp.java:61 |object saved
 INFO | 17/Dec/2013 12:11:31,576 | GenericDAOImp.java:61 |object saved
ERROR | 17/Dec/2013 12:11:32,124 | GenericDAOImp.java:63 |Can not SAVE the object into the database due an error: 
org.hibernate.PropertyValueException: not-null property references a null or transient value: es.upm.emse.enteridea.persistence.entity.Idea.topic
	at org.hibernate.engine.internal.Nullability.checkNullability(Nullability.java:103) ~[hibernate-core-4.2.7.SP1.jar:4.2.7.SP1]
	at org.hibernate.action.internal.AbstractEntityInsertAction.nullifyTransientReferencesIfNotAlready(AbstractEntityInsertAction.java:132) ~[hibernate-core-4.2.7.SP1.jar:4.2.7.SP1]
	at org.hibernate.action.internal.AbstractEntityInsertAction.makeEntityManaged(AbstractEntityInsertAction.java:141) ~[hibernate-core-4.2.7.SP1.jar:4.2.7.SP1]
	at org.hibernate.engine.spi.ActionQueue.addResolvedEntityInsertAction(ActionQueue.java:233) ~[hibernate-core-4.2.7.SP1.jar:4.2.7.SP1]
	at org.hibernate.engine.spi.ActionQueue.addInsertAction(ActionQueue.java:207) ~[hibernate-core-4.2.7.SP1.jar:4.2.7.SP1]
	at org.hibernate.engine.spi.ActionQueue.addAction(ActionQueue.java:150) ~[hibernate-core-4.2.7.SP1.jar:4.2.7.SP1]
	at org.hibernate.event.internal.AbstractSaveEventListener.addInsertAction(AbstractSaveEventListener.java:329) ~[hibernate-core-4.2.7.SP1.jar:4.2.7.SP1]
	at org.hibernate.event.internal.AbstractSaveEventListener.performSaveOrReplicate(AbstractSaveEventListener.java:286) ~[hibernate-core-4.2.7.SP1.jar:4.2.7.SP1]
	at org.hibernate.event.internal.AbstractSaveEventListener.performSave(AbstractSaveEventListener.java:192) ~[hibernate-core-4.2.7.SP1.jar:4.2.7.SP1]
	at org.hibernate.event.internal.AbstractSaveEventListener.saveWithGeneratedId(AbstractSaveEventListener.java:135) ~[hibernate-core-4.2.7.SP1.jar:4.2.7.SP1]
	at org.hibernate.event.internal.DefaultSaveOrUpdateEventListener.saveWithGeneratedOrRequestedId(DefaultSaveOrUpdateEventListener.java:206) ~[hibernate-core-4.2.7.SP1.jar:4.2.7.SP1]
	at org.hibernate.event.internal.DefaultSaveEventListener.saveWithGeneratedOrRequestedId(DefaultSaveEventListener.java:55) ~[hibernate-core-4.2.7.SP1.jar:4.2.7.SP1]
	at org.hibernate.event.internal.DefaultSaveOrUpdateEventListener.entityIsTransient(DefaultSaveOrUpdateEventListener.java:191) ~[hibernate-core-4.2.7.SP1.jar:4.2.7.SP1]
	at org.hibernate.event.internal.DefaultSaveEventListener.performSaveOrUpdate(DefaultSaveEventListener.java:49) ~[hibernate-core-4.2.7.SP1.jar:4.2.7.SP1]
	at org.hibernate.event.internal.DefaultSaveOrUpdateEventListener.onSaveOrUpdate(DefaultSaveOrUpdateEventListener.java:90) ~[hibernate-core-4.2.7.SP1.jar:4.2.7.SP1]
	at org.hibernate.internal.SessionImpl.fireSave(SessionImpl.java:764) ~[hibernate-core-4.2.7.SP1.jar:4.2.7.SP1]
	at org.hibernate.internal.SessionImpl.save(SessionImpl.java:756) ~[hibernate-core-4.2.7.SP1.jar:4.2.7.SP1]
	at org.hibernate.internal.SessionImpl.save(SessionImpl.java:752) ~[hibernate-core-4.2.7.SP1.jar:4.2.7.SP1]
	at es.upm.emse.enteridea.persistence.dao.imp.GenericDAOImp.executeSaveUpdate(GenericDAOImp.java:288) ~[classes/:?]
	at es.upm.emse.enteridea.persistence.dao.imp.GenericDAOImp.create(GenericDAOImp.java:60) [classes/:?]
	at test.es.upm.emse.enteridea.persistence.dao.imp.GenericDAOImpTest.testCreateIdeaExistingUserAndTopic(GenericDAOImpTest.java:139) [classes/:?]
	at sun.reflect.NativeMethodAccessorImpl.invoke0(Native Method) ~[?:1.7.0_45]
	at sun.reflect.NativeMethodAccessorImpl.invoke(NativeMethodAccessorImpl.java:57) ~[?:1.7.0_45]
	at sun.reflect.DelegatingMethodAccessorImpl.invoke(DelegatingMethodAccessorImpl.java:43) ~[?:1.7.0_45]
	at java.lang.reflect.Method.invoke(Method.java:606) ~[?:1.7.0_45]
	at junit.framework.TestCase.runTest(TestCase.java:168) [junit.jar:?]
	at junit.framework.TestCase.runBare(TestCase.java:134) [junit.jar:?]
	at junit.framework.TestResult$1.protect(TestResult.java:110) [junit.jar:?]
	at junit.framework.TestResult.runProtected(TestResult.java:128) [junit.jar:?]
	at junit.framework.TestResult.run(TestResult.java:113) [junit.jar:?]
	at junit.framework.TestCase.run(TestCase.java:124) [junit.jar:?]
	at junit.framework.TestSuite.runTest(TestSuite.java:243) [junit.jar:?]
	at junit.framework.TestSuite.run(TestSuite.java:238) [junit.jar:?]
	at org.eclipse.jdt.internal.junit.runner.junit3.JUnit3TestReference.run(JUnit3TestReference.java:130) [.cp/:?]
	at org.eclipse.jdt.internal.junit.runner.TestExecution.run(TestExecution.java:38) [.cp/:?]
	at org.eclipse.jdt.internal.junit.runner.RemoteTestRunner.runTests(RemoteTestRunner.java:467) [.cp/:?]
	at org.eclipse.jdt.internal.junit.runner.RemoteTestRunner.runTests(RemoteTestRunner.java:683) [.cp/:?]
	at org.eclipse.jdt.internal.junit.runner.RemoteTestRunner.run(RemoteTestRunner.java:390) [.cp/:?]
	at org.eclipse.jdt.internal.junit.runner.RemoteTestRunner.main(RemoteTestRunner.java:197) [.cp/:?]
 INFO | 17/Dec/2013 12:11:32,217 | GenericDAOImp.java:61 |object saved
 INFO | 17/Dec/2013 12:11:32,284 | GenericDAOImp.java:105 |object Updated
 INFO | 17/Dec/2013 12:11:32,326 | GenericDAOImp.java:61 |object saved
ERROR | 17/Dec/2013 12:11:32,483 | GenericDAOImp.java:63 |Can not SAVE the object into the database due an error: 
org.hibernate.exception.SQLGrammarException: could not execute statement
	at org.hibernate.exception.internal.SQLStateConversionDelegate.convert(SQLStateConversionDelegate.java:123) ~[hibernate-core-4.2.7.SP1.jar:4.2.7.SP1]
	at org.hibernate.exception.internal.StandardSQLExceptionConverter.convert(StandardSQLExceptionConverter.java:49) ~[hibernate-core-4.2.7.SP1.jar:4.2.7.SP1]
	at org.hibernate.engine.jdbc.spi.SqlExceptionHelper.convert(SqlExceptionHelper.java:125) ~[hibernate-core-4.2.7.SP1.jar:4.2.7.SP1]
	at org.hibernate.engine.jdbc.spi.SqlExceptionHelper.convert(SqlExceptionHelper.java:110) ~[hibernate-core-4.2.7.SP1.jar:4.2.7.SP1]
	at org.hibernate.engine.jdbc.internal.ResultSetReturnImpl.executeUpdate(ResultSetReturnImpl.java:136) ~[hibernate-core-4.2.7.SP1.jar:4.2.7.SP1]
	at org.hibernate.engine.jdbc.batch.internal.NonBatchingBatch.addToBatch(NonBatchingBatch.java:58) ~[hibernate-core-4.2.7.SP1.jar:4.2.7.SP1]
	at org.hibernate.persister.entity.AbstractEntityPersister.insert(AbstractEntityPersister.java:3081) ~[hibernate-core-4.2.7.SP1.jar:4.2.7.SP1]
	at org.hibernate.persister.entity.AbstractEntityPersister.insert(AbstractEntityPersister.java:3523) ~[hibernate-core-4.2.7.SP1.jar:4.2.7.SP1]
	at org.hibernate.action.internal.EntityInsertAction.execute(EntityInsertAction.java:88) ~[hibernate-core-4.2.7.SP1.jar:4.2.7.SP1]
	at org.hibernate.engine.spi.ActionQueue.execute(ActionQueue.java:393) ~[hibernate-core-4.2.7.SP1.jar:4.2.7.SP1]
	at org.hibernate.engine.spi.ActionQueue.executeActions(ActionQueue.java:385) ~[hibernate-core-4.2.7.SP1.jar:4.2.7.SP1]
	at org.hibernate.engine.spi.ActionQueue.executeActions(ActionQueue.java:301) ~[hibernate-core-4.2.7.SP1.jar:4.2.7.SP1]
	at org.hibernate.event.internal.AbstractFlushingEventListener.performExecutions(AbstractFlushingEventListener.java:339) ~[hibernate-core-4.2.7.SP1.jar:4.2.7.SP1]
	at org.hibernate.event.internal.DefaultFlushEventListener.onFlush(DefaultFlushEventListener.java:52) ~[hibernate-core-4.2.7.SP1.jar:4.2.7.SP1]
	at org.hibernate.internal.SessionImpl.flush(SessionImpl.java:1240) ~[hibernate-core-4.2.7.SP1.jar:4.2.7.SP1]
	at org.hibernate.internal.SessionImpl.managedFlush(SessionImpl.java:404) ~[hibernate-core-4.2.7.SP1.jar:4.2.7.SP1]
	at org.hibernate.engine.transaction.internal.jdbc.JdbcTransaction.beforeTransactionCommit(JdbcTransaction.java:101) ~[hibernate-core-4.2.7.SP1.jar:4.2.7.SP1]
	at org.hibernate.engine.transaction.spi.AbstractTransactionImpl.commit(AbstractTransactionImpl.java:175) ~[hibernate-core-4.2.7.SP1.jar:4.2.7.SP1]
	at es.upm.emse.enteridea.persistence.dao.imp.GenericDAOImp.executeSaveUpdate(GenericDAOImp.java:297) ~[classes/:?]
	at es.upm.emse.enteridea.persistence.dao.imp.GenericDAOImp.create(GenericDAOImp.java:60) [classes/:?]
	at test.es.upm.emse.enteridea.persistence.dao.imp.GenericDAOImpTest.testVoteIdea(GenericDAOImpTest.java:230) [classes/:?]
	at sun.reflect.NativeMethodAccessorImpl.invoke0(Native Method) ~[?:1.7.0_45]
	at sun.reflect.NativeMethodAccessorImpl.invoke(NativeMethodAccessorImpl.java:57) ~[?:1.7.0_45]
	at sun.reflect.DelegatingMethodAccessorImpl.invoke(DelegatingMethodAccessorImpl.java:43) ~[?:1.7.0_45]
	at java.lang.reflect.Method.invoke(Method.java:606) ~[?:1.7.0_45]
	at junit.framework.TestCase.runTest(TestCase.java:168) [junit.jar:?]
	at junit.framework.TestCase.runBare(TestCase.java:134) [junit.jar:?]
	at junit.framework.TestResult$1.protect(TestResult.java:110) [junit.jar:?]
	at junit.framework.TestResult.runProtected(TestResult.java:128) [junit.jar:?]
	at junit.framework.TestResult.run(TestResult.java:113) [junit.jar:?]
	at junit.framework.TestCase.run(TestCase.java:124) [junit.jar:?]
	at junit.framework.TestSuite.runTest(TestSuite.java:243) [junit.jar:?]
	at junit.framework.TestSuite.run(TestSuite.java:238) [junit.jar:?]
	at org.eclipse.jdt.internal.junit.runner.junit3.JUnit3TestReference.run(JUnit3TestReference.java:130) [.cp/:?]
	at org.eclipse.jdt.internal.junit.runner.TestExecution.run(TestExecution.java:38) [.cp/:?]
	at org.eclipse.jdt.internal.junit.runner.RemoteTestRunner.runTests(RemoteTestRunner.java:467) [.cp/:?]
	at org.eclipse.jdt.internal.junit.runner.RemoteTestRunner.runTests(RemoteTestRunner.java:683) [.cp/:?]
	at org.eclipse.jdt.internal.junit.runner.RemoteTestRunner.run(RemoteTestRunner.java:390) [.cp/:?]
	at org.eclipse.jdt.internal.junit.runner.RemoteTestRunner.main(RemoteTestRunner.java:197) [.cp/:?]
Caused by: org.postgresql.util.PSQLException: ERROR: column "vote_type" is of type vote_type but expression is of type character varying
  Hint: You will need to rewrite or cast the expression.
  Position: 61
	at org.postgresql.core.v3.QueryExecutorImpl.receiveErrorResponse(QueryExecutorImpl.java:2102) ~[postgresql-9.1-901.jdbc4.jar:?]
	at org.postgresql.core.v3.QueryExecutorImpl.processResults(QueryExecutorImpl.java:1835) ~[postgresql-9.1-901.jdbc4.jar:?]
	at org.postgresql.core.v3.QueryExecutorImpl.execute(QueryExecutorImpl.java:257) ~[postgresql-9.1-901.jdbc4.jar:?]
	at org.postgresql.jdbc2.AbstractJdbc2Statement.execute(AbstractJdbc2Statement.java:500) ~[postgresql-9.1-901.jdbc4.jar:?]
	at org.postgresql.jdbc2.AbstractJdbc2Statement.executeWithFlags(AbstractJdbc2Statement.java:388) ~[postgresql-9.1-901.jdbc4.jar:?]
	at org.postgresql.jdbc2.AbstractJdbc2Statement.executeUpdate(AbstractJdbc2Statement.java:334) ~[postgresql-9.1-901.jdbc4.jar:?]
	at org.hibernate.engine.jdbc.internal.ResultSetReturnImpl.executeUpdate(ResultSetReturnImpl.java:133) ~[hibernate-core-4.2.7.SP1.jar:4.2.7.SP1]
	... 34 more
 INFO | 17/Dec/2013 12:11:32,567 | GenericDAOImp.java:61 |object saved
 INFO | 17/Dec/2013 12:16:43,983 | GenericDAOImp.java:61 |object saved
 INFO | 17/Dec/2013 12:16:43,998 | GenericDAOImp.java:61 |object saved
 INFO | 17/Dec/2013 12:16:44,014 | GenericDAOImp.java:61 |object saved
ERROR | 17/Dec/2013 12:17:02,268 | GenericDAOImp.java:63 |Can not SAVE the object into the database due an error: 
org.hibernate.PropertyValueException: not-null property references a null or transient value: es.upm.emse.enteridea.persistence.entity.Idea.topic
	at org.hibernate.engine.internal.Nullability.checkNullability(Nullability.java:103) ~[hibernate-core-4.2.7.SP1.jar:4.2.7.SP1]
	at org.hibernate.action.internal.AbstractEntityInsertAction.nullifyTransientReferencesIfNotAlready(AbstractEntityInsertAction.java:132) ~[hibernate-core-4.2.7.SP1.jar:4.2.7.SP1]
	at org.hibernate.action.internal.AbstractEntityInsertAction.makeEntityManaged(AbstractEntityInsertAction.java:141) ~[hibernate-core-4.2.7.SP1.jar:4.2.7.SP1]
	at org.hibernate.engine.spi.ActionQueue.addResolvedEntityInsertAction(ActionQueue.java:233) ~[hibernate-core-4.2.7.SP1.jar:4.2.7.SP1]
	at org.hibernate.engine.spi.ActionQueue.addInsertAction(ActionQueue.java:207) ~[hibernate-core-4.2.7.SP1.jar:4.2.7.SP1]
	at org.hibernate.engine.spi.ActionQueue.addAction(ActionQueue.java:150) ~[hibernate-core-4.2.7.SP1.jar:4.2.7.SP1]
	at org.hibernate.event.internal.AbstractSaveEventListener.addInsertAction(AbstractSaveEventListener.java:329) ~[hibernate-core-4.2.7.SP1.jar:4.2.7.SP1]
	at org.hibernate.event.internal.AbstractSaveEventListener.performSaveOrReplicate(AbstractSaveEventListener.java:286) ~[hibernate-core-4.2.7.SP1.jar:4.2.7.SP1]
	at org.hibernate.event.internal.AbstractSaveEventListener.performSave(AbstractSaveEventListener.java:192) ~[hibernate-core-4.2.7.SP1.jar:4.2.7.SP1]
	at org.hibernate.event.internal.AbstractSaveEventListener.saveWithGeneratedId(AbstractSaveEventListener.java:135) ~[hibernate-core-4.2.7.SP1.jar:4.2.7.SP1]
	at org.hibernate.event.internal.DefaultSaveOrUpdateEventListener.saveWithGeneratedOrRequestedId(DefaultSaveOrUpdateEventListener.java:206) ~[hibernate-core-4.2.7.SP1.jar:4.2.7.SP1]
	at org.hibernate.event.internal.DefaultSaveEventListener.saveWithGeneratedOrRequestedId(DefaultSaveEventListener.java:55) ~[hibernate-core-4.2.7.SP1.jar:4.2.7.SP1]
	at org.hibernate.event.internal.DefaultSaveOrUpdateEventListener.entityIsTransient(DefaultSaveOrUpdateEventListener.java:191) ~[hibernate-core-4.2.7.SP1.jar:4.2.7.SP1]
	at org.hibernate.event.internal.DefaultSaveEventListener.performSaveOrUpdate(DefaultSaveEventListener.java:49) ~[hibernate-core-4.2.7.SP1.jar:4.2.7.SP1]
	at org.hibernate.event.internal.DefaultSaveOrUpdateEventListener.onSaveOrUpdate(DefaultSaveOrUpdateEventListener.java:90) ~[hibernate-core-4.2.7.SP1.jar:4.2.7.SP1]
	at org.hibernate.internal.SessionImpl.fireSave(SessionImpl.java:764) ~[hibernate-core-4.2.7.SP1.jar:4.2.7.SP1]
	at org.hibernate.internal.SessionImpl.save(SessionImpl.java:756) ~[hibernate-core-4.2.7.SP1.jar:4.2.7.SP1]
	at org.hibernate.internal.SessionImpl.save(SessionImpl.java:752) ~[hibernate-core-4.2.7.SP1.jar:4.2.7.SP1]
	at es.upm.emse.enteridea.persistence.dao.imp.GenericDAOImp.executeSaveUpdate(GenericDAOImp.java:288) ~[classes/:?]
	at es.upm.emse.enteridea.persistence.dao.imp.GenericDAOImp.create(GenericDAOImp.java:60) [classes/:?]
	at test.es.upm.emse.enteridea.persistence.dao.imp.GenericDAOImpTest.testCreateIdeaExistingUserAndTopic(GenericDAOImpTest.java:139) [classes/:?]
	at sun.reflect.NativeMethodAccessorImpl.invoke0(Native Method) ~[?:1.7.0_45]
	at sun.reflect.NativeMethodAccessorImpl.invoke(NativeMethodAccessorImpl.java:57) ~[?:1.7.0_45]
	at sun.reflect.DelegatingMethodAccessorImpl.invoke(DelegatingMethodAccessorImpl.java:43) ~[?:1.7.0_45]
	at java.lang.reflect.Method.invoke(Method.java:606) ~[?:1.7.0_45]
	at junit.framework.TestCase.runTest(TestCase.java:168) [junit.jar:?]
	at junit.framework.TestCase.runBare(TestCase.java:134) [junit.jar:?]
	at junit.framework.TestResult$1.protect(TestResult.java:110) [junit.jar:?]
	at junit.framework.TestResult.runProtected(TestResult.java:128) [junit.jar:?]
	at junit.framework.TestResult.run(TestResult.java:113) [junit.jar:?]
	at junit.framework.TestCase.run(TestCase.java:124) [junit.jar:?]
	at junit.framework.TestSuite.runTest(TestSuite.java:243) [junit.jar:?]
	at junit.framework.TestSuite.run(TestSuite.java:238) [junit.jar:?]
	at org.eclipse.jdt.internal.junit.runner.junit3.JUnit3TestReference.run(JUnit3TestReference.java:130) [.cp/:?]
	at org.eclipse.jdt.internal.junit.runner.TestExecution.run(TestExecution.java:38) [.cp/:?]
	at org.eclipse.jdt.internal.junit.runner.RemoteTestRunner.runTests(RemoteTestRunner.java:467) [.cp/:?]
	at org.eclipse.jdt.internal.junit.runner.RemoteTestRunner.runTests(RemoteTestRunner.java:683) [.cp/:?]
	at org.eclipse.jdt.internal.junit.runner.RemoteTestRunner.run(RemoteTestRunner.java:390) [.cp/:?]
	at org.eclipse.jdt.internal.junit.runner.RemoteTestRunner.main(RemoteTestRunner.java:197) [.cp/:?]
 INFO | 17/Dec/2013 12:17:02,411 | GenericDAOImp.java:61 |object saved
 INFO | 17/Dec/2013 12:17:02,545 | GenericDAOImp.java:105 |object Updated
 INFO | 17/Dec/2013 12:17:02,661 | GenericDAOImp.java:61 |object saved
 INFO | 17/Dec/2013 12:17:02,786 | GenericDAOImp.java:61 |object saved
 INFO | 17/Dec/2013 12:17:02,794 | GenericDAOImp.java:61 |object saved
 INFO | 17/Dec/2013 12:17:02,802 | GenericDAOImp.java:61 |object saved
 INFO | 17/Dec/2013 12:17:02,819 | GenericDAOImp.java:61 |object saved
 INFO | 17/Dec/2013 12:17:02,836 | GenericDAOImp.java:61 |object saved
 INFO | 17/Dec/2013 12:17:02,852 | GenericDAOImp.java:61 |object saved
 INFO | 17/Dec/2013 12:17:02,927 | GenericDAOImp.java:61 |object saved
 INFO | 17/Dec/2013 12:17:31,626 | GenericDAOImp.java:61 |object saved
 INFO | 17/Dec/2013 12:17:31,690 | GenericDAOImp.java:61 |object saved
 INFO | 17/Dec/2013 12:17:31,882 | GenericDAOImp.java:61 |object saved
 INFO | 17/Dec/2013 12:17:32,190 | GenericDAOImp.java:61 |object saved
 INFO | 17/Dec/2013 12:17:32,273 | GenericDAOImp.java:61 |object saved
 INFO | 17/Dec/2013 12:17:32,373 | GenericDAOImp.java:61 |object saved
 INFO | 17/Dec/2013 12:17:32,756 | GenericDAOImp.java:61 |object saved
 INFO | 17/Dec/2013 12:17:32,839 | GenericDAOImp.java:61 |object saved
 INFO | 17/Dec/2013 12:17:32,964 | GenericDAOImp.java:61 |object saved
 INFO | 17/Dec/2013 12:17:33,098 | GenericDAOImp.java:105 |object Updated
 INFO | 17/Dec/2013 12:17:33,289 | GenericDAOImp.java:61 |object saved
 INFO | 17/Dec/2013 12:17:33,355 | GenericDAOImp.java:61 |object saved
 INFO | 17/Dec/2013 12:17:33,411 | GenericDAOImp.java:61 |object saved
ERROR | 17/Dec/2013 12:17:33,573 | UserManager.java:71 |Failed retrieving user because the result from the DB is null or have more than one result (have to be only one)
 INFO | 17/Dec/2013 12:17:33,855 | GenericDAOImp.java:61 |object saved
 INFO | 17/Dec/2013 12:17:33,946 | GenericDAOImp.java:61 |object saved
 INFO | 17/Dec/2013 12:17:33,963 | GenericDAOImp.java:61 |object saved
 INFO | 17/Dec/2013 12:17:34,055 | GenericDAOImp.java:61 |object saved
 INFO | 17/Dec/2013 12:17:34,171 | GenericDAOImp.java:61 |object saved
 INFO | 17/Dec/2013 12:17:34,396 | GenericDAOImp.java:61 |object saved
 INFO | 17/Dec/2013 12:17:34,479 | GenericDAOImp.java:61 |object saved
 INFO | 17/Dec/2013 12:17:34,504 | GenericDAOImp.java:61 |object saved
 INFO | 17/Dec/2013 12:17:34,595 | GenericDAOImp.java:61 |object saved
 INFO | 17/Dec/2013 12:17:34,704 | GenericDAOImp.java:61 |object saved
 INFO | 17/Dec/2013 12:17:34,929 | GenericDAOImp.java:61 |object saved
 INFO | 17/Dec/2013 12:17:35,012 | GenericDAOImp.java:61 |object saved
 INFO | 17/Dec/2013 12:17:35,037 | GenericDAOImp.java:61 |object saved
 INFO | 17/Dec/2013 12:17:35,103 | GenericDAOImp.java:61 |object saved
 INFO | 17/Dec/2013 12:17:35,203 | GenericDAOImp.java:61 |object saved
ERROR | 17/Dec/2013 12:17:35,251 | UserManager.java:71 |Failed retrieving user because the result from the DB is null or have more than one result (have to be only one)
ERROR | 17/Dec/2013 12:17:35,268 | IdeaManager.java:342 |The user that is trying to edit is not the owner of the object or is not a moderator
 INFO | 17/Dec/2013 12:21:35,934 | GenericDAOImp.java:61 |object saved
 INFO | 17/Dec/2013 12:22:06,481 | GenericDAOImp.java:61 |object saved
 INFO | 17/Dec/2013 12:22:06,983 | GenericDAOImp.java:61 |object saved
 INFO | 17/Dec/2013 12:22:07,024 | GenericDAOImp.java:61 |object saved
 INFO | 17/Dec/2013 12:22:37,231 | GenericDAOImp.java:61 |object saved
 INFO | 17/Dec/2013 12:22:37,716 | GenericDAOImp.java:61 |object saved
ERROR | 17/Dec/2013 12:22:37,724 | GenericDAOImp.java:151 |Can not get the result from the DB due an error: 
org.hibernate.hql.internal.ast.QuerySyntaxException: UserEnteridea is not mapped [FROM UserEnteridea e]
	at org.hibernate.hql.internal.ast.util.SessionFactoryHelper.requireClassPersister(SessionFactoryHelper.java:180) ~[hibernate-core-4.2.7.SP1.jar:4.2.7.SP1]
	at org.hibernate.hql.internal.ast.tree.FromElementFactory.addFromElement(FromElementFactory.java:110) ~[hibernate-core-4.2.7.SP1.jar:4.2.7.SP1]
	at org.hibernate.hql.internal.ast.tree.FromClause.addFromElement(FromClause.java:93) ~[hibernate-core-4.2.7.SP1.jar:4.2.7.SP1]
	at org.hibernate.hql.internal.ast.HqlSqlWalker.createFromElement(HqlSqlWalker.java:324) ~[hibernate-core-4.2.7.SP1.jar:4.2.7.SP1]
	at org.hibernate.hql.internal.antlr.HqlSqlBaseWalker.fromElement(HqlSqlBaseWalker.java:3420) ~[hibernate-core-4.2.7.SP1.jar:4.2.7.SP1]
	at org.hibernate.hql.internal.antlr.HqlSqlBaseWalker.fromElementList(HqlSqlBaseWalker.java:3309) ~[hibernate-core-4.2.7.SP1.jar:4.2.7.SP1]
	at org.hibernate.hql.internal.antlr.HqlSqlBaseWalker.fromClause(HqlSqlBaseWalker.java:706) ~[hibernate-core-4.2.7.SP1.jar:4.2.7.SP1]
	at org.hibernate.hql.internal.antlr.HqlSqlBaseWalker.query(HqlSqlBaseWalker.java:562) ~[hibernate-core-4.2.7.SP1.jar:4.2.7.SP1]
	at org.hibernate.hql.internal.antlr.HqlSqlBaseWalker.selectStatement(HqlSqlBaseWalker.java:299) ~[hibernate-core-4.2.7.SP1.jar:4.2.7.SP1]
	at org.hibernate.hql.internal.antlr.HqlSqlBaseWalker.statement(HqlSqlBaseWalker.java:247) ~[hibernate-core-4.2.7.SP1.jar:4.2.7.SP1]
	at org.hibernate.hql.internal.ast.QueryTranslatorImpl.analyze(QueryTranslatorImpl.java:250) ~[hibernate-core-4.2.7.SP1.jar:4.2.7.SP1]
	at org.hibernate.hql.internal.ast.QueryTranslatorImpl.doCompile(QueryTranslatorImpl.java:185) ~[hibernate-core-4.2.7.SP1.jar:4.2.7.SP1]
	at org.hibernate.hql.internal.ast.QueryTranslatorImpl.compile(QueryTranslatorImpl.java:138) ~[hibernate-core-4.2.7.SP1.jar:4.2.7.SP1]
	at org.hibernate.engine.query.spi.HQLQueryPlan.<init>(HQLQueryPlan.java:105) ~[hibernate-core-4.2.7.SP1.jar:4.2.7.SP1]
	at org.hibernate.engine.query.spi.HQLQueryPlan.<init>(HQLQueryPlan.java:80) ~[hibernate-core-4.2.7.SP1.jar:4.2.7.SP1]
	at org.hibernate.engine.query.spi.QueryPlanCache.getHQLQueryPlan(QueryPlanCache.java:168) ~[hibernate-core-4.2.7.SP1.jar:4.2.7.SP1]
	at org.hibernate.internal.AbstractSessionImpl.getHQLQueryPlan(AbstractSessionImpl.java:221) ~[hibernate-core-4.2.7.SP1.jar:4.2.7.SP1]
	at org.hibernate.internal.AbstractSessionImpl.createQuery(AbstractSessionImpl.java:199) ~[hibernate-core-4.2.7.SP1.jar:4.2.7.SP1]
	at org.hibernate.internal.SessionImpl.createQuery(SessionImpl.java:1784) ~[hibernate-core-4.2.7.SP1.jar:4.2.7.SP1]
	at es.upm.emse.enteridea.persistence.dao.imp.GenericDAOImp.executeListQuery(GenericDAOImp.java:320) ~[classes/:?]
	at es.upm.emse.enteridea.persistence.dao.imp.GenericDAOImp.getAll(GenericDAOImp.java:149) [classes/:?]
	at es.upm.emse.enteridea.business.UserManager.listUsers(UserManager.java:39) [classes/:?]
	at test.es.upm.emse.enteridea.business.UserManagerTest.testListUsers(UserManagerTest.java:87) [classes/:?]
	at sun.reflect.NativeMethodAccessorImpl.invoke0(Native Method) ~[?:1.7.0_45]
	at sun.reflect.NativeMethodAccessorImpl.invoke(NativeMethodAccessorImpl.java:57) ~[?:1.7.0_45]
	at sun.reflect.DelegatingMethodAccessorImpl.invoke(DelegatingMethodAccessorImpl.java:43) ~[?:1.7.0_45]
	at java.lang.reflect.Method.invoke(Method.java:606) ~[?:1.7.0_45]
	at org.junit.runners.model.FrameworkMethod$1.runReflectiveCall(FrameworkMethod.java:45) [junit.jar:?]
	at org.junit.internal.runners.model.ReflectiveCallable.run(ReflectiveCallable.java:15) [junit.jar:?]
	at org.junit.runners.model.FrameworkMethod.invokeExplosively(FrameworkMethod.java:42) [junit.jar:?]
	at org.junit.internal.runners.statements.InvokeMethod.evaluate(InvokeMethod.java:20) [junit.jar:?]
	at org.junit.internal.runners.statements.RunBefores.evaluate(RunBefores.java:28) [junit.jar:?]
	at org.junit.internal.runners.statements.RunAfters.evaluate(RunAfters.java:30) [junit.jar:?]
	at org.junit.runners.ParentRunner.runLeaf(ParentRunner.java:263) [junit.jar:?]
	at org.junit.runners.BlockJUnit4ClassRunner.runChild(BlockJUnit4ClassRunner.java:68) [junit.jar:?]
	at org.junit.runners.BlockJUnit4ClassRunner.runChild(BlockJUnit4ClassRunner.java:47) [junit.jar:?]
	at org.junit.runners.ParentRunner$3.run(ParentRunner.java:231) [junit.jar:?]
	at org.junit.runners.ParentRunner$1.schedule(ParentRunner.java:60) [junit.jar:?]
	at org.junit.runners.ParentRunner.runChildren(ParentRunner.java:229) [junit.jar:?]
	at org.junit.runners.ParentRunner.access$000(ParentRunner.java:50) [junit.jar:?]
	at org.junit.runners.ParentRunner$2.evaluate(ParentRunner.java:222) [junit.jar:?]
	at org.junit.runners.ParentRunner.run(ParentRunner.java:300) [junit.jar:?]
	at org.eclipse.jdt.internal.junit4.runner.JUnit4TestReference.run(JUnit4TestReference.java:50) [.cp/:?]
	at org.eclipse.jdt.internal.junit.runner.TestExecution.run(TestExecution.java:38) [.cp/:?]
	at org.eclipse.jdt.internal.junit.runner.RemoteTestRunner.runTests(RemoteTestRunner.java:467) [.cp/:?]
	at org.eclipse.jdt.internal.junit.runner.RemoteTestRunner.runTests(RemoteTestRunner.java:683) [.cp/:?]
	at org.eclipse.jdt.internal.junit.runner.RemoteTestRunner.run(RemoteTestRunner.java:390) [.cp/:?]
	at org.eclipse.jdt.internal.junit.runner.RemoteTestRunner.main(RemoteTestRunner.java:197) [.cp/:?]
ERROR | 17/Dec/2013 12:22:37,739 | UserManager.java:41 |Failed retrieving user
es.upm.emse.enteridea.persistence.exception.DaoOperationException: Can not get the result from the DB due an error: 
	at es.upm.emse.enteridea.persistence.dao.imp.GenericDAOImp.getAll(GenericDAOImp.java:152) ~[classes/:?]
	at es.upm.emse.enteridea.business.UserManager.listUsers(UserManager.java:39) [classes/:?]
	at test.es.upm.emse.enteridea.business.UserManagerTest.testListUsers(UserManagerTest.java:87) [classes/:?]
	at sun.reflect.NativeMethodAccessorImpl.invoke0(Native Method) ~[?:1.7.0_45]
	at sun.reflect.NativeMethodAccessorImpl.invoke(NativeMethodAccessorImpl.java:57) ~[?:1.7.0_45]
	at sun.reflect.DelegatingMethodAccessorImpl.invoke(DelegatingMethodAccessorImpl.java:43) ~[?:1.7.0_45]
	at java.lang.reflect.Method.invoke(Method.java:606) ~[?:1.7.0_45]
	at org.junit.runners.model.FrameworkMethod$1.runReflectiveCall(FrameworkMethod.java:45) [junit.jar:?]
	at org.junit.internal.runners.model.ReflectiveCallable.run(ReflectiveCallable.java:15) [junit.jar:?]
	at org.junit.runners.model.FrameworkMethod.invokeExplosively(FrameworkMethod.java:42) [junit.jar:?]
	at org.junit.internal.runners.statements.InvokeMethod.evaluate(InvokeMethod.java:20) [junit.jar:?]
	at org.junit.internal.runners.statements.RunBefores.evaluate(RunBefores.java:28) [junit.jar:?]
	at org.junit.internal.runners.statements.RunAfters.evaluate(RunAfters.java:30) [junit.jar:?]
	at org.junit.runners.ParentRunner.runLeaf(ParentRunner.java:263) [junit.jar:?]
	at org.junit.runners.BlockJUnit4ClassRunner.runChild(BlockJUnit4ClassRunner.java:68) [junit.jar:?]
	at org.junit.runners.BlockJUnit4ClassRunner.runChild(BlockJUnit4ClassRunner.java:47) [junit.jar:?]
	at org.junit.runners.ParentRunner$3.run(ParentRunner.java:231) [junit.jar:?]
	at org.junit.runners.ParentRunner$1.schedule(ParentRunner.java:60) [junit.jar:?]
	at org.junit.runners.ParentRunner.runChildren(ParentRunner.java:229) [junit.jar:?]
	at org.junit.runners.ParentRunner.access$000(ParentRunner.java:50) [junit.jar:?]
	at org.junit.runners.ParentRunner$2.evaluate(ParentRunner.java:222) [junit.jar:?]
	at org.junit.runners.ParentRunner.run(ParentRunner.java:300) [junit.jar:?]
	at org.eclipse.jdt.internal.junit4.runner.JUnit4TestReference.run(JUnit4TestReference.java:50) [.cp/:?]
	at org.eclipse.jdt.internal.junit.runner.TestExecution.run(TestExecution.java:38) [.cp/:?]
	at org.eclipse.jdt.internal.junit.runner.RemoteTestRunner.runTests(RemoteTestRunner.java:467) [.cp/:?]
	at org.eclipse.jdt.internal.junit.runner.RemoteTestRunner.runTests(RemoteTestRunner.java:683) [.cp/:?]
	at org.eclipse.jdt.internal.junit.runner.RemoteTestRunner.run(RemoteTestRunner.java:390) [.cp/:?]
	at org.eclipse.jdt.internal.junit.runner.RemoteTestRunner.main(RemoteTestRunner.java:197) [.cp/:?]
Caused by: org.hibernate.hql.internal.ast.QuerySyntaxException: UserEnteridea is not mapped [FROM UserEnteridea e]
	at org.hibernate.hql.internal.ast.util.SessionFactoryHelper.requireClassPersister(SessionFactoryHelper.java:180) ~[hibernate-core-4.2.7.SP1.jar:4.2.7.SP1]
	at org.hibernate.hql.internal.ast.tree.FromElementFactory.addFromElement(FromElementFactory.java:110) ~[hibernate-core-4.2.7.SP1.jar:4.2.7.SP1]
	at org.hibernate.hql.internal.ast.tree.FromClause.addFromElement(FromClause.java:93) ~[hibernate-core-4.2.7.SP1.jar:4.2.7.SP1]
	at org.hibernate.hql.internal.ast.HqlSqlWalker.createFromElement(HqlSqlWalker.java:324) ~[hibernate-core-4.2.7.SP1.jar:4.2.7.SP1]
	at org.hibernate.hql.internal.antlr.HqlSqlBaseWalker.fromElement(HqlSqlBaseWalker.java:3420) ~[hibernate-core-4.2.7.SP1.jar:4.2.7.SP1]
	at org.hibernate.hql.internal.antlr.HqlSqlBaseWalker.fromElementList(HqlSqlBaseWalker.java:3309) ~[hibernate-core-4.2.7.SP1.jar:4.2.7.SP1]
	at org.hibernate.hql.internal.antlr.HqlSqlBaseWalker.fromClause(HqlSqlBaseWalker.java:706) ~[hibernate-core-4.2.7.SP1.jar:4.2.7.SP1]
	at org.hibernate.hql.internal.antlr.HqlSqlBaseWalker.query(HqlSqlBaseWalker.java:562) ~[hibernate-core-4.2.7.SP1.jar:4.2.7.SP1]
	at org.hibernate.hql.internal.antlr.HqlSqlBaseWalker.selectStatement(HqlSqlBaseWalker.java:299) ~[hibernate-core-4.2.7.SP1.jar:4.2.7.SP1]
	at org.hibernate.hql.internal.antlr.HqlSqlBaseWalker.statement(HqlSqlBaseWalker.java:247) ~[hibernate-core-4.2.7.SP1.jar:4.2.7.SP1]
	at org.hibernate.hql.internal.ast.QueryTranslatorImpl.analyze(QueryTranslatorImpl.java:250) ~[hibernate-core-4.2.7.SP1.jar:4.2.7.SP1]
	at org.hibernate.hql.internal.ast.QueryTranslatorImpl.doCompile(QueryTranslatorImpl.java:185) ~[hibernate-core-4.2.7.SP1.jar:4.2.7.SP1]
	at org.hibernate.hql.internal.ast.QueryTranslatorImpl.compile(QueryTranslatorImpl.java:138) ~[hibernate-core-4.2.7.SP1.jar:4.2.7.SP1]
	at org.hibernate.engine.query.spi.HQLQueryPlan.<init>(HQLQueryPlan.java:105) ~[hibernate-core-4.2.7.SP1.jar:4.2.7.SP1]
	at org.hibernate.engine.query.spi.HQLQueryPlan.<init>(HQLQueryPlan.java:80) ~[hibernate-core-4.2.7.SP1.jar:4.2.7.SP1]
	at org.hibernate.engine.query.spi.QueryPlanCache.getHQLQueryPlan(QueryPlanCache.java:168) ~[hibernate-core-4.2.7.SP1.jar:4.2.7.SP1]
	at org.hibernate.internal.AbstractSessionImpl.getHQLQueryPlan(AbstractSessionImpl.java:221) ~[hibernate-core-4.2.7.SP1.jar:4.2.7.SP1]
	at org.hibernate.internal.AbstractSessionImpl.createQuery(AbstractSessionImpl.java:199) ~[hibernate-core-4.2.7.SP1.jar:4.2.7.SP1]
	at org.hibernate.internal.SessionImpl.createQuery(SessionImpl.java:1784) ~[hibernate-core-4.2.7.SP1.jar:4.2.7.SP1]
	at es.upm.emse.enteridea.persistence.dao.imp.GenericDAOImp.executeListQuery(GenericDAOImp.java:320) ~[classes/:?]
	at es.upm.emse.enteridea.persistence.dao.imp.GenericDAOImp.getAll(GenericDAOImp.java:149) ~[classes/:?]
	... 27 more
 INFO | 17/Dec/2013 12:22:37,774 | GenericDAOImp.java:61 |object saved
ERROR | 17/Dec/2013 12:22:37,780 | GenericDAOImp.java:151 |Can not get the result from the DB due an error: 
org.hibernate.hql.internal.ast.QuerySyntaxException: UserEnteridea is not mapped [FROM UserEnteridea e]
	at org.hibernate.hql.internal.ast.util.SessionFactoryHelper.requireClassPersister(SessionFactoryHelper.java:180) ~[hibernate-core-4.2.7.SP1.jar:4.2.7.SP1]
	at org.hibernate.hql.internal.ast.tree.FromElementFactory.addFromElement(FromElementFactory.java:110) ~[hibernate-core-4.2.7.SP1.jar:4.2.7.SP1]
	at org.hibernate.hql.internal.ast.tree.FromClause.addFromElement(FromClause.java:93) ~[hibernate-core-4.2.7.SP1.jar:4.2.7.SP1]
	at org.hibernate.hql.internal.ast.HqlSqlWalker.createFromElement(HqlSqlWalker.java:324) ~[hibernate-core-4.2.7.SP1.jar:4.2.7.SP1]
	at org.hibernate.hql.internal.antlr.HqlSqlBaseWalker.fromElement(HqlSqlBaseWalker.java:3420) ~[hibernate-core-4.2.7.SP1.jar:4.2.7.SP1]
	at org.hibernate.hql.internal.antlr.HqlSqlBaseWalker.fromElementList(HqlSqlBaseWalker.java:3309) ~[hibernate-core-4.2.7.SP1.jar:4.2.7.SP1]
	at org.hibernate.hql.internal.antlr.HqlSqlBaseWalker.fromClause(HqlSqlBaseWalker.java:706) ~[hibernate-core-4.2.7.SP1.jar:4.2.7.SP1]
	at org.hibernate.hql.internal.antlr.HqlSqlBaseWalker.query(HqlSqlBaseWalker.java:562) ~[hibernate-core-4.2.7.SP1.jar:4.2.7.SP1]
	at org.hibernate.hql.internal.antlr.HqlSqlBaseWalker.selectStatement(HqlSqlBaseWalker.java:299) ~[hibernate-core-4.2.7.SP1.jar:4.2.7.SP1]
	at org.hibernate.hql.internal.antlr.HqlSqlBaseWalker.statement(HqlSqlBaseWalker.java:247) ~[hibernate-core-4.2.7.SP1.jar:4.2.7.SP1]
	at org.hibernate.hql.internal.ast.QueryTranslatorImpl.analyze(QueryTranslatorImpl.java:250) ~[hibernate-core-4.2.7.SP1.jar:4.2.7.SP1]
	at org.hibernate.hql.internal.ast.QueryTranslatorImpl.doCompile(QueryTranslatorImpl.java:185) ~[hibernate-core-4.2.7.SP1.jar:4.2.7.SP1]
	at org.hibernate.hql.internal.ast.QueryTranslatorImpl.compile(QueryTranslatorImpl.java:138) ~[hibernate-core-4.2.7.SP1.jar:4.2.7.SP1]
	at org.hibernate.engine.query.spi.HQLQueryPlan.<init>(HQLQueryPlan.java:105) ~[hibernate-core-4.2.7.SP1.jar:4.2.7.SP1]
	at org.hibernate.engine.query.spi.HQLQueryPlan.<init>(HQLQueryPlan.java:80) ~[hibernate-core-4.2.7.SP1.jar:4.2.7.SP1]
	at org.hibernate.engine.query.spi.QueryPlanCache.getHQLQueryPlan(QueryPlanCache.java:168) ~[hibernate-core-4.2.7.SP1.jar:4.2.7.SP1]
	at org.hibernate.internal.AbstractSessionImpl.getHQLQueryPlan(AbstractSessionImpl.java:221) ~[hibernate-core-4.2.7.SP1.jar:4.2.7.SP1]
	at org.hibernate.internal.AbstractSessionImpl.createQuery(AbstractSessionImpl.java:199) ~[hibernate-core-4.2.7.SP1.jar:4.2.7.SP1]
	at org.hibernate.internal.SessionImpl.createQuery(SessionImpl.java:1784) ~[hibernate-core-4.2.7.SP1.jar:4.2.7.SP1]
	at es.upm.emse.enteridea.persistence.dao.imp.GenericDAOImp.executeListQuery(GenericDAOImp.java:320) ~[classes/:?]
	at es.upm.emse.enteridea.persistence.dao.imp.GenericDAOImp.getAll(GenericDAOImp.java:149) [classes/:?]
	at es.upm.emse.enteridea.business.UserManager.listUsers(UserManager.java:39) [classes/:?]
	at test.es.upm.emse.enteridea.business.UserManagerTest.testDeleteUser(UserManagerTest.java:113) [classes/:?]
	at sun.reflect.NativeMethodAccessorImpl.invoke0(Native Method) ~[?:1.7.0_45]
	at sun.reflect.NativeMethodAccessorImpl.invoke(NativeMethodAccessorImpl.java:57) ~[?:1.7.0_45]
	at sun.reflect.DelegatingMethodAccessorImpl.invoke(DelegatingMethodAccessorImpl.java:43) ~[?:1.7.0_45]
	at java.lang.reflect.Method.invoke(Method.java:606) ~[?:1.7.0_45]
	at org.junit.runners.model.FrameworkMethod$1.runReflectiveCall(FrameworkMethod.java:45) [junit.jar:?]
	at org.junit.internal.runners.model.ReflectiveCallable.run(ReflectiveCallable.java:15) [junit.jar:?]
	at org.junit.runners.model.FrameworkMethod.invokeExplosively(FrameworkMethod.java:42) [junit.jar:?]
	at org.junit.internal.runners.statements.InvokeMethod.evaluate(InvokeMethod.java:20) [junit.jar:?]
	at org.junit.internal.runners.statements.RunBefores.evaluate(RunBefores.java:28) [junit.jar:?]
	at org.junit.internal.runners.statements.RunAfters.evaluate(RunAfters.java:30) [junit.jar:?]
	at org.junit.runners.ParentRunner.runLeaf(ParentRunner.java:263) [junit.jar:?]
	at org.junit.runners.BlockJUnit4ClassRunner.runChild(BlockJUnit4ClassRunner.java:68) [junit.jar:?]
	at org.junit.runners.BlockJUnit4ClassRunner.runChild(BlockJUnit4ClassRunner.java:47) [junit.jar:?]
	at org.junit.runners.ParentRunner$3.run(ParentRunner.java:231) [junit.jar:?]
	at org.junit.runners.ParentRunner$1.schedule(ParentRunner.java:60) [junit.jar:?]
	at org.junit.runners.ParentRunner.runChildren(ParentRunner.java:229) [junit.jar:?]
	at org.junit.runners.ParentRunner.access$000(ParentRunner.java:50) [junit.jar:?]
	at org.junit.runners.ParentRunner$2.evaluate(ParentRunner.java:222) [junit.jar:?]
	at org.junit.runners.ParentRunner.run(ParentRunner.java:300) [junit.jar:?]
	at org.eclipse.jdt.internal.junit4.runner.JUnit4TestReference.run(JUnit4TestReference.java:50) [.cp/:?]
	at org.eclipse.jdt.internal.junit.runner.TestExecution.run(TestExecution.java:38) [.cp/:?]
	at org.eclipse.jdt.internal.junit.runner.RemoteTestRunner.runTests(RemoteTestRunner.java:467) [.cp/:?]
	at org.eclipse.jdt.internal.junit.runner.RemoteTestRunner.runTests(RemoteTestRunner.java:683) [.cp/:?]
	at org.eclipse.jdt.internal.junit.runner.RemoteTestRunner.run(RemoteTestRunner.java:390) [.cp/:?]
	at org.eclipse.jdt.internal.junit.runner.RemoteTestRunner.main(RemoteTestRunner.java:197) [.cp/:?]
ERROR | 17/Dec/2013 12:22:37,794 | UserManager.java:41 |Failed retrieving user
es.upm.emse.enteridea.persistence.exception.DaoOperationException: Can not get the result from the DB due an error: 
	at es.upm.emse.enteridea.persistence.dao.imp.GenericDAOImp.getAll(GenericDAOImp.java:152) ~[classes/:?]
	at es.upm.emse.enteridea.business.UserManager.listUsers(UserManager.java:39) [classes/:?]
	at test.es.upm.emse.enteridea.business.UserManagerTest.testDeleteUser(UserManagerTest.java:113) [classes/:?]
	at sun.reflect.NativeMethodAccessorImpl.invoke0(Native Method) ~[?:1.7.0_45]
	at sun.reflect.NativeMethodAccessorImpl.invoke(NativeMethodAccessorImpl.java:57) ~[?:1.7.0_45]
	at sun.reflect.DelegatingMethodAccessorImpl.invoke(DelegatingMethodAccessorImpl.java:43) ~[?:1.7.0_45]
	at java.lang.reflect.Method.invoke(Method.java:606) ~[?:1.7.0_45]
	at org.junit.runners.model.FrameworkMethod$1.runReflectiveCall(FrameworkMethod.java:45) [junit.jar:?]
	at org.junit.internal.runners.model.ReflectiveCallable.run(ReflectiveCallable.java:15) [junit.jar:?]
	at org.junit.runners.model.FrameworkMethod.invokeExplosively(FrameworkMethod.java:42) [junit.jar:?]
	at org.junit.internal.runners.statements.InvokeMethod.evaluate(InvokeMethod.java:20) [junit.jar:?]
	at org.junit.internal.runners.statements.RunBefores.evaluate(RunBefores.java:28) [junit.jar:?]
	at org.junit.internal.runners.statements.RunAfters.evaluate(RunAfters.java:30) [junit.jar:?]
	at org.junit.runners.ParentRunner.runLeaf(ParentRunner.java:263) [junit.jar:?]
	at org.junit.runners.BlockJUnit4ClassRunner.runChild(BlockJUnit4ClassRunner.java:68) [junit.jar:?]
	at org.junit.runners.BlockJUnit4ClassRunner.runChild(BlockJUnit4ClassRunner.java:47) [junit.jar:?]
	at org.junit.runners.ParentRunner$3.run(ParentRunner.java:231) [junit.jar:?]
	at org.junit.runners.ParentRunner$1.schedule(ParentRunner.java:60) [junit.jar:?]
	at org.junit.runners.ParentRunner.runChildren(ParentRunner.java:229) [junit.jar:?]
	at org.junit.runners.ParentRunner.access$000(ParentRunner.java:50) [junit.jar:?]
	at org.junit.runners.ParentRunner$2.evaluate(ParentRunner.java:222) [junit.jar:?]
	at org.junit.runners.ParentRunner.run(ParentRunner.java:300) [junit.jar:?]
	at org.eclipse.jdt.internal.junit4.runner.JUnit4TestReference.run(JUnit4TestReference.java:50) [.cp/:?]
	at org.eclipse.jdt.internal.junit.runner.TestExecution.run(TestExecution.java:38) [.cp/:?]
	at org.eclipse.jdt.internal.junit.runner.RemoteTestRunner.runTests(RemoteTestRunner.java:467) [.cp/:?]
	at org.eclipse.jdt.internal.junit.runner.RemoteTestRunner.runTests(RemoteTestRunner.java:683) [.cp/:?]
	at org.eclipse.jdt.internal.junit.runner.RemoteTestRunner.run(RemoteTestRunner.java:390) [.cp/:?]
	at org.eclipse.jdt.internal.junit.runner.RemoteTestRunner.main(RemoteTestRunner.java:197) [.cp/:?]
Caused by: org.hibernate.hql.internal.ast.QuerySyntaxException: UserEnteridea is not mapped [FROM UserEnteridea e]
	at org.hibernate.hql.internal.ast.util.SessionFactoryHelper.requireClassPersister(SessionFactoryHelper.java:180) ~[hibernate-core-4.2.7.SP1.jar:4.2.7.SP1]
	at org.hibernate.hql.internal.ast.tree.FromElementFactory.addFromElement(FromElementFactory.java:110) ~[hibernate-core-4.2.7.SP1.jar:4.2.7.SP1]
	at org.hibernate.hql.internal.ast.tree.FromClause.addFromElement(FromClause.java:93) ~[hibernate-core-4.2.7.SP1.jar:4.2.7.SP1]
	at org.hibernate.hql.internal.ast.HqlSqlWalker.createFromElement(HqlSqlWalker.java:324) ~[hibernate-core-4.2.7.SP1.jar:4.2.7.SP1]
	at org.hibernate.hql.internal.antlr.HqlSqlBaseWalker.fromElement(HqlSqlBaseWalker.java:3420) ~[hibernate-core-4.2.7.SP1.jar:4.2.7.SP1]
	at org.hibernate.hql.internal.antlr.HqlSqlBaseWalker.fromElementList(HqlSqlBaseWalker.java:3309) ~[hibernate-core-4.2.7.SP1.jar:4.2.7.SP1]
	at org.hibernate.hql.internal.antlr.HqlSqlBaseWalker.fromClause(HqlSqlBaseWalker.java:706) ~[hibernate-core-4.2.7.SP1.jar:4.2.7.SP1]
	at org.hibernate.hql.internal.antlr.HqlSqlBaseWalker.query(HqlSqlBaseWalker.java:562) ~[hibernate-core-4.2.7.SP1.jar:4.2.7.SP1]
	at org.hibernate.hql.internal.antlr.HqlSqlBaseWalker.selectStatement(HqlSqlBaseWalker.java:299) ~[hibernate-core-4.2.7.SP1.jar:4.2.7.SP1]
	at org.hibernate.hql.internal.antlr.HqlSqlBaseWalker.statement(HqlSqlBaseWalker.java:247) ~[hibernate-core-4.2.7.SP1.jar:4.2.7.SP1]
	at org.hibernate.hql.internal.ast.QueryTranslatorImpl.analyze(QueryTranslatorImpl.java:250) ~[hibernate-core-4.2.7.SP1.jar:4.2.7.SP1]
	at org.hibernate.hql.internal.ast.QueryTranslatorImpl.doCompile(QueryTranslatorImpl.java:185) ~[hibernate-core-4.2.7.SP1.jar:4.2.7.SP1]
	at org.hibernate.hql.internal.ast.QueryTranslatorImpl.compile(QueryTranslatorImpl.java:138) ~[hibernate-core-4.2.7.SP1.jar:4.2.7.SP1]
	at org.hibernate.engine.query.spi.HQLQueryPlan.<init>(HQLQueryPlan.java:105) ~[hibernate-core-4.2.7.SP1.jar:4.2.7.SP1]
	at org.hibernate.engine.query.spi.HQLQueryPlan.<init>(HQLQueryPlan.java:80) ~[hibernate-core-4.2.7.SP1.jar:4.2.7.SP1]
	at org.hibernate.engine.query.spi.QueryPlanCache.getHQLQueryPlan(QueryPlanCache.java:168) ~[hibernate-core-4.2.7.SP1.jar:4.2.7.SP1]
	at org.hibernate.internal.AbstractSessionImpl.getHQLQueryPlan(AbstractSessionImpl.java:221) ~[hibernate-core-4.2.7.SP1.jar:4.2.7.SP1]
	at org.hibernate.internal.AbstractSessionImpl.createQuery(AbstractSessionImpl.java:199) ~[hibernate-core-4.2.7.SP1.jar:4.2.7.SP1]
	at org.hibernate.internal.SessionImpl.createQuery(SessionImpl.java:1784) ~[hibernate-core-4.2.7.SP1.jar:4.2.7.SP1]
	at es.upm.emse.enteridea.persistence.dao.imp.GenericDAOImp.executeListQuery(GenericDAOImp.java:320) ~[classes/:?]
	at es.upm.emse.enteridea.persistence.dao.imp.GenericDAOImp.getAll(GenericDAOImp.java:149) ~[classes/:?]
	... 27 more
ERROR | 17/Dec/2013 12:24:12,844 | GenericDAOImp.java:63 |Can not SAVE the object into the database due an error: 
org.hibernate.exception.ConstraintViolationException: could not execute statement
	at org.hibernate.exception.internal.SQLStateConversionDelegate.convert(SQLStateConversionDelegate.java:129) ~[hibernate-core-4.2.7.SP1.jar:4.2.7.SP1]
	at org.hibernate.exception.internal.StandardSQLExceptionConverter.convert(StandardSQLExceptionConverter.java:49) ~[hibernate-core-4.2.7.SP1.jar:4.2.7.SP1]
	at org.hibernate.engine.jdbc.spi.SqlExceptionHelper.convert(SqlExceptionHelper.java:125) ~[hibernate-core-4.2.7.SP1.jar:4.2.7.SP1]
	at org.hibernate.engine.jdbc.spi.SqlExceptionHelper.convert(SqlExceptionHelper.java:110) ~[hibernate-core-4.2.7.SP1.jar:4.2.7.SP1]
	at org.hibernate.engine.jdbc.internal.ResultSetReturnImpl.executeUpdate(ResultSetReturnImpl.java:136) ~[hibernate-core-4.2.7.SP1.jar:4.2.7.SP1]
	at org.hibernate.engine.jdbc.batch.internal.NonBatchingBatch.addToBatch(NonBatchingBatch.java:58) ~[hibernate-core-4.2.7.SP1.jar:4.2.7.SP1]
	at org.hibernate.persister.entity.AbstractEntityPersister.insert(AbstractEntityPersister.java:3081) ~[hibernate-core-4.2.7.SP1.jar:4.2.7.SP1]
	at org.hibernate.persister.entity.AbstractEntityPersister.insert(AbstractEntityPersister.java:3523) ~[hibernate-core-4.2.7.SP1.jar:4.2.7.SP1]
	at org.hibernate.action.internal.EntityInsertAction.execute(EntityInsertAction.java:88) ~[hibernate-core-4.2.7.SP1.jar:4.2.7.SP1]
	at org.hibernate.engine.spi.ActionQueue.execute(ActionQueue.java:393) ~[hibernate-core-4.2.7.SP1.jar:4.2.7.SP1]
	at org.hibernate.engine.spi.ActionQueue.executeActions(ActionQueue.java:385) ~[hibernate-core-4.2.7.SP1.jar:4.2.7.SP1]
	at org.hibernate.engine.spi.ActionQueue.executeActions(ActionQueue.java:301) ~[hibernate-core-4.2.7.SP1.jar:4.2.7.SP1]
	at org.hibernate.event.internal.AbstractFlushingEventListener.performExecutions(AbstractFlushingEventListener.java:339) ~[hibernate-core-4.2.7.SP1.jar:4.2.7.SP1]
	at org.hibernate.event.internal.DefaultFlushEventListener.onFlush(DefaultFlushEventListener.java:52) ~[hibernate-core-4.2.7.SP1.jar:4.2.7.SP1]
	at org.hibernate.internal.SessionImpl.flush(SessionImpl.java:1240) ~[hibernate-core-4.2.7.SP1.jar:4.2.7.SP1]
	at org.hibernate.internal.SessionImpl.managedFlush(SessionImpl.java:404) ~[hibernate-core-4.2.7.SP1.jar:4.2.7.SP1]
	at org.hibernate.engine.transaction.internal.jdbc.JdbcTransaction.beforeTransactionCommit(JdbcTransaction.java:101) ~[hibernate-core-4.2.7.SP1.jar:4.2.7.SP1]
	at org.hibernate.engine.transaction.spi.AbstractTransactionImpl.commit(AbstractTransactionImpl.java:175) ~[hibernate-core-4.2.7.SP1.jar:4.2.7.SP1]
	at es.upm.emse.enteridea.persistence.dao.imp.GenericDAOImp.executeSaveUpdate(GenericDAOImp.java:297) ~[classes/:?]
	at es.upm.emse.enteridea.persistence.dao.imp.GenericDAOImp.create(GenericDAOImp.java:60) [classes/:?]
	at es.upm.emse.enteridea.business.UserManager.createUser(UserManager.java:28) [classes/:?]
	at test.es.upm.emse.enteridea.business.UserManagerTest.testListUsers(UserManagerTest.java:80) [classes/:?]
	at sun.reflect.NativeMethodAccessorImpl.invoke0(Native Method) ~[?:1.7.0_45]
	at sun.reflect.NativeMethodAccessorImpl.invoke(NativeMethodAccessorImpl.java:57) ~[?:1.7.0_45]
	at sun.reflect.DelegatingMethodAccessorImpl.invoke(DelegatingMethodAccessorImpl.java:43) ~[?:1.7.0_45]
	at java.lang.reflect.Method.invoke(Method.java:606) ~[?:1.7.0_45]
	at org.junit.runners.model.FrameworkMethod$1.runReflectiveCall(FrameworkMethod.java:45) [junit.jar:?]
	at org.junit.internal.runners.model.ReflectiveCallable.run(ReflectiveCallable.java:15) [junit.jar:?]
	at org.junit.runners.model.FrameworkMethod.invokeExplosively(FrameworkMethod.java:42) [junit.jar:?]
	at org.junit.internal.runners.statements.InvokeMethod.evaluate(InvokeMethod.java:20) [junit.jar:?]
	at org.junit.internal.runners.statements.RunBefores.evaluate(RunBefores.java:28) [junit.jar:?]
	at org.junit.internal.runners.statements.RunAfters.evaluate(RunAfters.java:30) [junit.jar:?]
	at org.junit.runners.ParentRunner.runLeaf(ParentRunner.java:263) [junit.jar:?]
	at org.junit.runners.BlockJUnit4ClassRunner.runChild(BlockJUnit4ClassRunner.java:68) [junit.jar:?]
	at org.junit.runners.BlockJUnit4ClassRunner.runChild(BlockJUnit4ClassRunner.java:47) [junit.jar:?]
	at org.junit.runners.ParentRunner$3.run(ParentRunner.java:231) [junit.jar:?]
	at org.junit.runners.ParentRunner$1.schedule(ParentRunner.java:60) [junit.jar:?]
	at org.junit.runners.ParentRunner.runChildren(ParentRunner.java:229) [junit.jar:?]
	at org.junit.runners.ParentRunner.access$000(ParentRunner.java:50) [junit.jar:?]
	at org.junit.runners.ParentRunner$2.evaluate(ParentRunner.java:222) [junit.jar:?]
	at org.junit.runners.ParentRunner.run(ParentRunner.java:300) [junit.jar:?]
	at org.eclipse.jdt.internal.junit4.runner.JUnit4TestReference.run(JUnit4TestReference.java:50) [.cp/:?]
	at org.eclipse.jdt.internal.junit.runner.TestExecution.run(TestExecution.java:38) [.cp/:?]
	at org.eclipse.jdt.internal.junit.runner.RemoteTestRunner.runTests(RemoteTestRunner.java:467) [.cp/:?]
	at org.eclipse.jdt.internal.junit.runner.RemoteTestRunner.runTests(RemoteTestRunner.java:683) [.cp/:?]
	at org.eclipse.jdt.internal.junit.runner.RemoteTestRunner.run(RemoteTestRunner.java:390) [.cp/:?]
	at org.eclipse.jdt.internal.junit.runner.RemoteTestRunner.main(RemoteTestRunner.java:197) [.cp/:?]
Caused by: org.postgresql.util.PSQLException: ERROR: duplicate key value violates unique constraint "userenteridea_nickname_key"
  Detail: Key (nickname)=(___testy___LIST_) already exists.
	at org.postgresql.core.v3.QueryExecutorImpl.receiveErrorResponse(QueryExecutorImpl.java:2102) ~[postgresql-9.1-901.jdbc4.jar:?]
	at org.postgresql.core.v3.QueryExecutorImpl.processResults(QueryExecutorImpl.java:1835) ~[postgresql-9.1-901.jdbc4.jar:?]
	at org.postgresql.core.v3.QueryExecutorImpl.execute(QueryExecutorImpl.java:257) ~[postgresql-9.1-901.jdbc4.jar:?]
	at org.postgresql.jdbc2.AbstractJdbc2Statement.execute(AbstractJdbc2Statement.java:500) ~[postgresql-9.1-901.jdbc4.jar:?]
	at org.postgresql.jdbc2.AbstractJdbc2Statement.executeWithFlags(AbstractJdbc2Statement.java:388) ~[postgresql-9.1-901.jdbc4.jar:?]
	at org.postgresql.jdbc2.AbstractJdbc2Statement.executeUpdate(AbstractJdbc2Statement.java:334) ~[postgresql-9.1-901.jdbc4.jar:?]
	at org.hibernate.engine.jdbc.internal.ResultSetReturnImpl.executeUpdate(ResultSetReturnImpl.java:133) ~[hibernate-core-4.2.7.SP1.jar:4.2.7.SP1]
	... 42 more
ERROR | 17/Dec/2013 12:24:12,880 | UserManager.java:30 |Failed creating user
es.upm.emse.enteridea.persistence.exception.DaoOperationException: Can not SAVE the object into the database due an error: 
	at es.upm.emse.enteridea.persistence.dao.imp.GenericDAOImp.create(GenericDAOImp.java:64) ~[classes/:?]
	at es.upm.emse.enteridea.business.UserManager.createUser(UserManager.java:28) [classes/:?]
	at test.es.upm.emse.enteridea.business.UserManagerTest.testListUsers(UserManagerTest.java:80) [classes/:?]
	at sun.reflect.NativeMethodAccessorImpl.invoke0(Native Method) ~[?:1.7.0_45]
	at sun.reflect.NativeMethodAccessorImpl.invoke(NativeMethodAccessorImpl.java:57) ~[?:1.7.0_45]
	at sun.reflect.DelegatingMethodAccessorImpl.invoke(DelegatingMethodAccessorImpl.java:43) ~[?:1.7.0_45]
	at java.lang.reflect.Method.invoke(Method.java:606) ~[?:1.7.0_45]
	at org.junit.runners.model.FrameworkMethod$1.runReflectiveCall(FrameworkMethod.java:45) [junit.jar:?]
	at org.junit.internal.runners.model.ReflectiveCallable.run(ReflectiveCallable.java:15) [junit.jar:?]
	at org.junit.runners.model.FrameworkMethod.invokeExplosively(FrameworkMethod.java:42) [junit.jar:?]
	at org.junit.internal.runners.statements.InvokeMethod.evaluate(InvokeMethod.java:20) [junit.jar:?]
	at org.junit.internal.runners.statements.RunBefores.evaluate(RunBefores.java:28) [junit.jar:?]
	at org.junit.internal.runners.statements.RunAfters.evaluate(RunAfters.java:30) [junit.jar:?]
	at org.junit.runners.ParentRunner.runLeaf(ParentRunner.java:263) [junit.jar:?]
	at org.junit.runners.BlockJUnit4ClassRunner.runChild(BlockJUnit4ClassRunner.java:68) [junit.jar:?]
	at org.junit.runners.BlockJUnit4ClassRunner.runChild(BlockJUnit4ClassRunner.java:47) [junit.jar:?]
	at org.junit.runners.ParentRunner$3.run(ParentRunner.java:231) [junit.jar:?]
	at org.junit.runners.ParentRunner$1.schedule(ParentRunner.java:60) [junit.jar:?]
	at org.junit.runners.ParentRunner.runChildren(ParentRunner.java:229) [junit.jar:?]
	at org.junit.runners.ParentRunner.access$000(ParentRunner.java:50) [junit.jar:?]
	at org.junit.runners.ParentRunner$2.evaluate(ParentRunner.java:222) [junit.jar:?]
	at org.junit.runners.ParentRunner.run(ParentRunner.java:300) [junit.jar:?]
	at org.eclipse.jdt.internal.junit4.runner.JUnit4TestReference.run(JUnit4TestReference.java:50) [.cp/:?]
	at org.eclipse.jdt.internal.junit.runner.TestExecution.run(TestExecution.java:38) [.cp/:?]
	at org.eclipse.jdt.internal.junit.runner.RemoteTestRunner.runTests(RemoteTestRunner.java:467) [.cp/:?]
	at org.eclipse.jdt.internal.junit.runner.RemoteTestRunner.runTests(RemoteTestRunner.java:683) [.cp/:?]
	at org.eclipse.jdt.internal.junit.runner.RemoteTestRunner.run(RemoteTestRunner.java:390) [.cp/:?]
	at org.eclipse.jdt.internal.junit.runner.RemoteTestRunner.main(RemoteTestRunner.java:197) [.cp/:?]
Caused by: org.hibernate.exception.ConstraintViolationException: could not execute statement
	at org.hibernate.exception.internal.SQLStateConversionDelegate.convert(SQLStateConversionDelegate.java:129) ~[hibernate-core-4.2.7.SP1.jar:4.2.7.SP1]
	at org.hibernate.exception.internal.StandardSQLExceptionConverter.convert(StandardSQLExceptionConverter.java:49) ~[hibernate-core-4.2.7.SP1.jar:4.2.7.SP1]
	at org.hibernate.engine.jdbc.spi.SqlExceptionHelper.convert(SqlExceptionHelper.java:125) ~[hibernate-core-4.2.7.SP1.jar:4.2.7.SP1]
	at org.hibernate.engine.jdbc.spi.SqlExceptionHelper.convert(SqlExceptionHelper.java:110) ~[hibernate-core-4.2.7.SP1.jar:4.2.7.SP1]
	at org.hibernate.engine.jdbc.internal.ResultSetReturnImpl.executeUpdate(ResultSetReturnImpl.java:136) ~[hibernate-core-4.2.7.SP1.jar:4.2.7.SP1]
	at org.hibernate.engine.jdbc.batch.internal.NonBatchingBatch.addToBatch(NonBatchingBatch.java:58) ~[hibernate-core-4.2.7.SP1.jar:4.2.7.SP1]
	at org.hibernate.persister.entity.AbstractEntityPersister.insert(AbstractEntityPersister.java:3081) ~[hibernate-core-4.2.7.SP1.jar:4.2.7.SP1]
	at org.hibernate.persister.entity.AbstractEntityPersister.insert(AbstractEntityPersister.java:3523) ~[hibernate-core-4.2.7.SP1.jar:4.2.7.SP1]
	at org.hibernate.action.internal.EntityInsertAction.execute(EntityInsertAction.java:88) ~[hibernate-core-4.2.7.SP1.jar:4.2.7.SP1]
	at org.hibernate.engine.spi.ActionQueue.execute(ActionQueue.java:393) ~[hibernate-core-4.2.7.SP1.jar:4.2.7.SP1]
	at org.hibernate.engine.spi.ActionQueue.executeActions(ActionQueue.java:385) ~[hibernate-core-4.2.7.SP1.jar:4.2.7.SP1]
	at org.hibernate.engine.spi.ActionQueue.executeActions(ActionQueue.java:301) ~[hibernate-core-4.2.7.SP1.jar:4.2.7.SP1]
	at org.hibernate.event.internal.AbstractFlushingEventListener.performExecutions(AbstractFlushingEventListener.java:339) ~[hibernate-core-4.2.7.SP1.jar:4.2.7.SP1]
	at org.hibernate.event.internal.DefaultFlushEventListener.onFlush(DefaultFlushEventListener.java:52) ~[hibernate-core-4.2.7.SP1.jar:4.2.7.SP1]
	at org.hibernate.internal.SessionImpl.flush(SessionImpl.java:1240) ~[hibernate-core-4.2.7.SP1.jar:4.2.7.SP1]
	at org.hibernate.internal.SessionImpl.managedFlush(SessionImpl.java:404) ~[hibernate-core-4.2.7.SP1.jar:4.2.7.SP1]
	at org.hibernate.engine.transaction.internal.jdbc.JdbcTransaction.beforeTransactionCommit(JdbcTransaction.java:101) ~[hibernate-core-4.2.7.SP1.jar:4.2.7.SP1]
	at org.hibernate.engine.transaction.spi.AbstractTransactionImpl.commit(AbstractTransactionImpl.java:175) ~[hibernate-core-4.2.7.SP1.jar:4.2.7.SP1]
	at es.upm.emse.enteridea.persistence.dao.imp.GenericDAOImp.executeSaveUpdate(GenericDAOImp.java:297) ~[classes/:?]
	at es.upm.emse.enteridea.persistence.dao.imp.GenericDAOImp.create(GenericDAOImp.java:60) ~[classes/:?]
	... 27 more
Caused by: org.postgresql.util.PSQLException: ERROR: duplicate key value violates unique constraint "userenteridea_nickname_key"
  Detail: Key (nickname)=(___testy___LIST_) already exists.
	at org.postgresql.core.v3.QueryExecutorImpl.receiveErrorResponse(QueryExecutorImpl.java:2102) ~[postgresql-9.1-901.jdbc4.jar:?]
	at org.postgresql.core.v3.QueryExecutorImpl.processResults(QueryExecutorImpl.java:1835) ~[postgresql-9.1-901.jdbc4.jar:?]
	at org.postgresql.core.v3.QueryExecutorImpl.execute(QueryExecutorImpl.java:257) ~[postgresql-9.1-901.jdbc4.jar:?]
	at org.postgresql.jdbc2.AbstractJdbc2Statement.execute(AbstractJdbc2Statement.java:500) ~[postgresql-9.1-901.jdbc4.jar:?]
	at org.postgresql.jdbc2.AbstractJdbc2Statement.executeWithFlags(AbstractJdbc2Statement.java:388) ~[postgresql-9.1-901.jdbc4.jar:?]
	at org.postgresql.jdbc2.AbstractJdbc2Statement.executeUpdate(AbstractJdbc2Statement.java:334) ~[postgresql-9.1-901.jdbc4.jar:?]
	at org.hibernate.engine.jdbc.internal.ResultSetReturnImpl.executeUpdate(ResultSetReturnImpl.java:133) ~[hibernate-core-4.2.7.SP1.jar:4.2.7.SP1]
	at org.hibernate.engine.jdbc.batch.internal.NonBatchingBatch.addToBatch(NonBatchingBatch.java:58) ~[hibernate-core-4.2.7.SP1.jar:4.2.7.SP1]
	at org.hibernate.persister.entity.AbstractEntityPersister.insert(AbstractEntityPersister.java:3081) ~[hibernate-core-4.2.7.SP1.jar:4.2.7.SP1]
	at org.hibernate.persister.entity.AbstractEntityPersister.insert(AbstractEntityPersister.java:3523) ~[hibernate-core-4.2.7.SP1.jar:4.2.7.SP1]
	at org.hibernate.action.internal.EntityInsertAction.execute(EntityInsertAction.java:88) ~[hibernate-core-4.2.7.SP1.jar:4.2.7.SP1]
	at org.hibernate.engine.spi.ActionQueue.execute(ActionQueue.java:393) ~[hibernate-core-4.2.7.SP1.jar:4.2.7.SP1]
	at org.hibernate.engine.spi.ActionQueue.executeActions(ActionQueue.java:385) ~[hibernate-core-4.2.7.SP1.jar:4.2.7.SP1]
	at org.hibernate.engine.spi.ActionQueue.executeActions(ActionQueue.java:301) ~[hibernate-core-4.2.7.SP1.jar:4.2.7.SP1]
	at org.hibernate.event.internal.AbstractFlushingEventListener.performExecutions(AbstractFlushingEventListener.java:339) ~[hibernate-core-4.2.7.SP1.jar:4.2.7.SP1]
	at org.hibernate.event.internal.DefaultFlushEventListener.onFlush(DefaultFlushEventListener.java:52) ~[hibernate-core-4.2.7.SP1.jar:4.2.7.SP1]
	at org.hibernate.internal.SessionImpl.flush(SessionImpl.java:1240) ~[hibernate-core-4.2.7.SP1.jar:4.2.7.SP1]
	at org.hibernate.internal.SessionImpl.managedFlush(SessionImpl.java:404) ~[hibernate-core-4.2.7.SP1.jar:4.2.7.SP1]
	at org.hibernate.engine.transaction.internal.jdbc.JdbcTransaction.beforeTransactionCommit(JdbcTransaction.java:101) ~[hibernate-core-4.2.7.SP1.jar:4.2.7.SP1]
	at org.hibernate.engine.transaction.spi.AbstractTransactionImpl.commit(AbstractTransactionImpl.java:175) ~[hibernate-core-4.2.7.SP1.jar:4.2.7.SP1]
	at es.upm.emse.enteridea.persistence.dao.imp.GenericDAOImp.executeSaveUpdate(GenericDAOImp.java:297) ~[classes/:?]
	at es.upm.emse.enteridea.persistence.dao.imp.GenericDAOImp.create(GenericDAOImp.java:60) ~[classes/:?]
	... 27 more
 INFO | 17/Dec/2013 12:25:19,597 | GenericDAOImp.java:61 |object saved
ERROR | 17/Dec/2013 12:25:19,837 | GenericDAOImp.java:151 |Can not get the result from the DB due an error: 
org.hibernate.hql.internal.ast.QuerySyntaxException: UserEnteridea is not mapped [FROM UserEnteridea e]
	at org.hibernate.hql.internal.ast.util.SessionFactoryHelper.requireClassPersister(SessionFactoryHelper.java:180) ~[hibernate-core-4.2.7.SP1.jar:4.2.7.SP1]
	at org.hibernate.hql.internal.ast.tree.FromElementFactory.addFromElement(FromElementFactory.java:110) ~[hibernate-core-4.2.7.SP1.jar:4.2.7.SP1]
	at org.hibernate.hql.internal.ast.tree.FromClause.addFromElement(FromClause.java:93) ~[hibernate-core-4.2.7.SP1.jar:4.2.7.SP1]
	at org.hibernate.hql.internal.ast.HqlSqlWalker.createFromElement(HqlSqlWalker.java:324) ~[hibernate-core-4.2.7.SP1.jar:4.2.7.SP1]
	at org.hibernate.hql.internal.antlr.HqlSqlBaseWalker.fromElement(HqlSqlBaseWalker.java:3420) ~[hibernate-core-4.2.7.SP1.jar:4.2.7.SP1]
	at org.hibernate.hql.internal.antlr.HqlSqlBaseWalker.fromElementList(HqlSqlBaseWalker.java:3309) ~[hibernate-core-4.2.7.SP1.jar:4.2.7.SP1]
	at org.hibernate.hql.internal.antlr.HqlSqlBaseWalker.fromClause(HqlSqlBaseWalker.java:706) ~[hibernate-core-4.2.7.SP1.jar:4.2.7.SP1]
	at org.hibernate.hql.internal.antlr.HqlSqlBaseWalker.query(HqlSqlBaseWalker.java:562) ~[hibernate-core-4.2.7.SP1.jar:4.2.7.SP1]
	at org.hibernate.hql.internal.antlr.HqlSqlBaseWalker.selectStatement(HqlSqlBaseWalker.java:299) ~[hibernate-core-4.2.7.SP1.jar:4.2.7.SP1]
	at org.hibernate.hql.internal.antlr.HqlSqlBaseWalker.statement(HqlSqlBaseWalker.java:247) ~[hibernate-core-4.2.7.SP1.jar:4.2.7.SP1]
	at org.hibernate.hql.internal.ast.QueryTranslatorImpl.analyze(QueryTranslatorImpl.java:250) ~[hibernate-core-4.2.7.SP1.jar:4.2.7.SP1]
	at org.hibernate.hql.internal.ast.QueryTranslatorImpl.doCompile(QueryTranslatorImpl.java:185) ~[hibernate-core-4.2.7.SP1.jar:4.2.7.SP1]
	at org.hibernate.hql.internal.ast.QueryTranslatorImpl.compile(QueryTranslatorImpl.java:138) ~[hibernate-core-4.2.7.SP1.jar:4.2.7.SP1]
	at org.hibernate.engine.query.spi.HQLQueryPlan.<init>(HQLQueryPlan.java:105) ~[hibernate-core-4.2.7.SP1.jar:4.2.7.SP1]
	at org.hibernate.engine.query.spi.HQLQueryPlan.<init>(HQLQueryPlan.java:80) ~[hibernate-core-4.2.7.SP1.jar:4.2.7.SP1]
	at org.hibernate.engine.query.spi.QueryPlanCache.getHQLQueryPlan(QueryPlanCache.java:168) ~[hibernate-core-4.2.7.SP1.jar:4.2.7.SP1]
	at org.hibernate.internal.AbstractSessionImpl.getHQLQueryPlan(AbstractSessionImpl.java:221) ~[hibernate-core-4.2.7.SP1.jar:4.2.7.SP1]
	at org.hibernate.internal.AbstractSessionImpl.createQuery(AbstractSessionImpl.java:199) ~[hibernate-core-4.2.7.SP1.jar:4.2.7.SP1]
	at org.hibernate.internal.SessionImpl.createQuery(SessionImpl.java:1784) ~[hibernate-core-4.2.7.SP1.jar:4.2.7.SP1]
	at es.upm.emse.enteridea.persistence.dao.imp.GenericDAOImp.executeListQuery(GenericDAOImp.java:320) ~[classes/:?]
	at es.upm.emse.enteridea.persistence.dao.imp.GenericDAOImp.getAll(GenericDAOImp.java:149) [classes/:?]
	at es.upm.emse.enteridea.business.UserManager.listUsers(UserManager.java:39) [classes/:?]
	at test.es.upm.emse.enteridea.business.UserManagerTest.testListUsers(UserManagerTest.java:88) [classes/:?]
	at sun.reflect.NativeMethodAccessorImpl.invoke0(Native Method) ~[?:1.7.0_45]
	at sun.reflect.NativeMethodAccessorImpl.invoke(NativeMethodAccessorImpl.java:57) ~[?:1.7.0_45]
	at sun.reflect.DelegatingMethodAccessorImpl.invoke(DelegatingMethodAccessorImpl.java:43) ~[?:1.7.0_45]
	at java.lang.reflect.Method.invoke(Method.java:606) ~[?:1.7.0_45]
	at org.junit.runners.model.FrameworkMethod$1.runReflectiveCall(FrameworkMethod.java:45) [junit.jar:?]
	at org.junit.internal.runners.model.ReflectiveCallable.run(ReflectiveCallable.java:15) [junit.jar:?]
	at org.junit.runners.model.FrameworkMethod.invokeExplosively(FrameworkMethod.java:42) [junit.jar:?]
	at org.junit.internal.runners.statements.InvokeMethod.evaluate(InvokeMethod.java:20) [junit.jar:?]
	at org.junit.internal.runners.statements.RunBefores.evaluate(RunBefores.java:28) [junit.jar:?]
	at org.junit.internal.runners.statements.RunAfters.evaluate(RunAfters.java:30) [junit.jar:?]
	at org.junit.runners.ParentRunner.runLeaf(ParentRunner.java:263) [junit.jar:?]
	at org.junit.runners.BlockJUnit4ClassRunner.runChild(BlockJUnit4ClassRunner.java:68) [junit.jar:?]
	at org.junit.runners.BlockJUnit4ClassRunner.runChild(BlockJUnit4ClassRunner.java:47) [junit.jar:?]
	at org.junit.runners.ParentRunner$3.run(ParentRunner.java:231) [junit.jar:?]
	at org.junit.runners.ParentRunner$1.schedule(ParentRunner.java:60) [junit.jar:?]
	at org.junit.runners.ParentRunner.runChildren(ParentRunner.java:229) [junit.jar:?]
	at org.junit.runners.ParentRunner.access$000(ParentRunner.java:50) [junit.jar:?]
	at org.junit.runners.ParentRunner$2.evaluate(ParentRunner.java:222) [junit.jar:?]
	at org.junit.runners.ParentRunner.run(ParentRunner.java:300) [junit.jar:?]
	at org.eclipse.jdt.internal.junit4.runner.JUnit4TestReference.run(JUnit4TestReference.java:50) [.cp/:?]
	at org.eclipse.jdt.internal.junit.runner.TestExecution.run(TestExecution.java:38) [.cp/:?]
	at org.eclipse.jdt.internal.junit.runner.RemoteTestRunner.runTests(RemoteTestRunner.java:467) [.cp/:?]
	at org.eclipse.jdt.internal.junit.runner.RemoteTestRunner.runTests(RemoteTestRunner.java:683) [.cp/:?]
	at org.eclipse.jdt.internal.junit.runner.RemoteTestRunner.run(RemoteTestRunner.java:390) [.cp/:?]
	at org.eclipse.jdt.internal.junit.runner.RemoteTestRunner.main(RemoteTestRunner.java:197) [.cp/:?]
ERROR | 17/Dec/2013 12:25:19,897 | UserManager.java:41 |Failed retrieving user
es.upm.emse.enteridea.persistence.exception.DaoOperationException: Can not get the result from the DB due an error: 
	at es.upm.emse.enteridea.persistence.dao.imp.GenericDAOImp.getAll(GenericDAOImp.java:152) ~[classes/:?]
	at es.upm.emse.enteridea.business.UserManager.listUsers(UserManager.java:39) [classes/:?]
	at test.es.upm.emse.enteridea.business.UserManagerTest.testListUsers(UserManagerTest.java:88) [classes/:?]
	at sun.reflect.NativeMethodAccessorImpl.invoke0(Native Method) ~[?:1.7.0_45]
	at sun.reflect.NativeMethodAccessorImpl.invoke(NativeMethodAccessorImpl.java:57) ~[?:1.7.0_45]
	at sun.reflect.DelegatingMethodAccessorImpl.invoke(DelegatingMethodAccessorImpl.java:43) ~[?:1.7.0_45]
	at java.lang.reflect.Method.invoke(Method.java:606) ~[?:1.7.0_45]
	at org.junit.runners.model.FrameworkMethod$1.runReflectiveCall(FrameworkMethod.java:45) [junit.jar:?]
	at org.junit.internal.runners.model.ReflectiveCallable.run(ReflectiveCallable.java:15) [junit.jar:?]
	at org.junit.runners.model.FrameworkMethod.invokeExplosively(FrameworkMethod.java:42) [junit.jar:?]
	at org.junit.internal.runners.statements.InvokeMethod.evaluate(InvokeMethod.java:20) [junit.jar:?]
	at org.junit.internal.runners.statements.RunBefores.evaluate(RunBefores.java:28) [junit.jar:?]
	at org.junit.internal.runners.statements.RunAfters.evaluate(RunAfters.java:30) [junit.jar:?]
	at org.junit.runners.ParentRunner.runLeaf(ParentRunner.java:263) [junit.jar:?]
	at org.junit.runners.BlockJUnit4ClassRunner.runChild(BlockJUnit4ClassRunner.java:68) [junit.jar:?]
	at org.junit.runners.BlockJUnit4ClassRunner.runChild(BlockJUnit4ClassRunner.java:47) [junit.jar:?]
	at org.junit.runners.ParentRunner$3.run(ParentRunner.java:231) [junit.jar:?]
	at org.junit.runners.ParentRunner$1.schedule(ParentRunner.java:60) [junit.jar:?]
	at org.junit.runners.ParentRunner.runChildren(ParentRunner.java:229) [junit.jar:?]
	at org.junit.runners.ParentRunner.access$000(ParentRunner.java:50) [junit.jar:?]
	at org.junit.runners.ParentRunner$2.evaluate(ParentRunner.java:222) [junit.jar:?]
	at org.junit.runners.ParentRunner.run(ParentRunner.java:300) [junit.jar:?]
	at org.eclipse.jdt.internal.junit4.runner.JUnit4TestReference.run(JUnit4TestReference.java:50) [.cp/:?]
	at org.eclipse.jdt.internal.junit.runner.TestExecution.run(TestExecution.java:38) [.cp/:?]
	at org.eclipse.jdt.internal.junit.runner.RemoteTestRunner.runTests(RemoteTestRunner.java:467) [.cp/:?]
	at org.eclipse.jdt.internal.junit.runner.RemoteTestRunner.runTests(RemoteTestRunner.java:683) [.cp/:?]
	at org.eclipse.jdt.internal.junit.runner.RemoteTestRunner.run(RemoteTestRunner.java:390) [.cp/:?]
	at org.eclipse.jdt.internal.junit.runner.RemoteTestRunner.main(RemoteTestRunner.java:197) [.cp/:?]
Caused by: org.hibernate.hql.internal.ast.QuerySyntaxException: UserEnteridea is not mapped [FROM UserEnteridea e]
	at org.hibernate.hql.internal.ast.util.SessionFactoryHelper.requireClassPersister(SessionFactoryHelper.java:180) ~[hibernate-core-4.2.7.SP1.jar:4.2.7.SP1]
	at org.hibernate.hql.internal.ast.tree.FromElementFactory.addFromElement(FromElementFactory.java:110) ~[hibernate-core-4.2.7.SP1.jar:4.2.7.SP1]
	at org.hibernate.hql.internal.ast.tree.FromClause.addFromElement(FromClause.java:93) ~[hibernate-core-4.2.7.SP1.jar:4.2.7.SP1]
	at org.hibernate.hql.internal.ast.HqlSqlWalker.createFromElement(HqlSqlWalker.java:324) ~[hibernate-core-4.2.7.SP1.jar:4.2.7.SP1]
	at org.hibernate.hql.internal.antlr.HqlSqlBaseWalker.fromElement(HqlSqlBaseWalker.java:3420) ~[hibernate-core-4.2.7.SP1.jar:4.2.7.SP1]
	at org.hibernate.hql.internal.antlr.HqlSqlBaseWalker.fromElementList(HqlSqlBaseWalker.java:3309) ~[hibernate-core-4.2.7.SP1.jar:4.2.7.SP1]
	at org.hibernate.hql.internal.antlr.HqlSqlBaseWalker.fromClause(HqlSqlBaseWalker.java:706) ~[hibernate-core-4.2.7.SP1.jar:4.2.7.SP1]
	at org.hibernate.hql.internal.antlr.HqlSqlBaseWalker.query(HqlSqlBaseWalker.java:562) ~[hibernate-core-4.2.7.SP1.jar:4.2.7.SP1]
	at org.hibernate.hql.internal.antlr.HqlSqlBaseWalker.selectStatement(HqlSqlBaseWalker.java:299) ~[hibernate-core-4.2.7.SP1.jar:4.2.7.SP1]
	at org.hibernate.hql.internal.antlr.HqlSqlBaseWalker.statement(HqlSqlBaseWalker.java:247) ~[hibernate-core-4.2.7.SP1.jar:4.2.7.SP1]
	at org.hibernate.hql.internal.ast.QueryTranslatorImpl.analyze(QueryTranslatorImpl.java:250) ~[hibernate-core-4.2.7.SP1.jar:4.2.7.SP1]
	at org.hibernate.hql.internal.ast.QueryTranslatorImpl.doCompile(QueryTranslatorImpl.java:185) ~[hibernate-core-4.2.7.SP1.jar:4.2.7.SP1]
	at org.hibernate.hql.internal.ast.QueryTranslatorImpl.compile(QueryTranslatorImpl.java:138) ~[hibernate-core-4.2.7.SP1.jar:4.2.7.SP1]
	at org.hibernate.engine.query.spi.HQLQueryPlan.<init>(HQLQueryPlan.java:105) ~[hibernate-core-4.2.7.SP1.jar:4.2.7.SP1]
	at org.hibernate.engine.query.spi.HQLQueryPlan.<init>(HQLQueryPlan.java:80) ~[hibernate-core-4.2.7.SP1.jar:4.2.7.SP1]
	at org.hibernate.engine.query.spi.QueryPlanCache.getHQLQueryPlan(QueryPlanCache.java:168) ~[hibernate-core-4.2.7.SP1.jar:4.2.7.SP1]
	at org.hibernate.internal.AbstractSessionImpl.getHQLQueryPlan(AbstractSessionImpl.java:221) ~[hibernate-core-4.2.7.SP1.jar:4.2.7.SP1]
	at org.hibernate.internal.AbstractSessionImpl.createQuery(AbstractSessionImpl.java:199) ~[hibernate-core-4.2.7.SP1.jar:4.2.7.SP1]
	at org.hibernate.internal.SessionImpl.createQuery(SessionImpl.java:1784) ~[hibernate-core-4.2.7.SP1.jar:4.2.7.SP1]
	at es.upm.emse.enteridea.persistence.dao.imp.GenericDAOImp.executeListQuery(GenericDAOImp.java:320) ~[classes/:?]
	at es.upm.emse.enteridea.persistence.dao.imp.GenericDAOImp.getAll(GenericDAOImp.java:149) ~[classes/:?]
	... 27 more
 INFO | 17/Dec/2013 12:30:43,196 | GenericDAOImp.java:61 |object saved
ERROR | 17/Dec/2013 12:30:43,354 | GenericDAOImp.java:151 |Can not get the result from the DB due an error: 
org.hibernate.hql.internal.ast.QuerySyntaxException: unexpected token: Class near line 1, column 6 [FROM Class e]
	at org.hibernate.hql.internal.ast.QuerySyntaxException.convert(QuerySyntaxException.java:54) ~[hibernate-core-4.2.7.SP1.jar:4.2.7.SP1]
	at org.hibernate.hql.internal.ast.QuerySyntaxException.convert(QuerySyntaxException.java:47) ~[hibernate-core-4.2.7.SP1.jar:4.2.7.SP1]
	at org.hibernate.hql.internal.ast.ErrorCounter.throwQueryException(ErrorCounter.java:79) ~[hibernate-core-4.2.7.SP1.jar:4.2.7.SP1]
	at org.hibernate.hql.internal.ast.QueryTranslatorImpl.parse(QueryTranslatorImpl.java:278) ~[hibernate-core-4.2.7.SP1.jar:4.2.7.SP1]
	at org.hibernate.hql.internal.ast.QueryTranslatorImpl.doCompile(QueryTranslatorImpl.java:182) ~[hibernate-core-4.2.7.SP1.jar:4.2.7.SP1]
	at org.hibernate.hql.internal.ast.QueryTranslatorImpl.compile(QueryTranslatorImpl.java:138) ~[hibernate-core-4.2.7.SP1.jar:4.2.7.SP1]
	at org.hibernate.engine.query.spi.HQLQueryPlan.<init>(HQLQueryPlan.java:105) ~[hibernate-core-4.2.7.SP1.jar:4.2.7.SP1]
	at org.hibernate.engine.query.spi.HQLQueryPlan.<init>(HQLQueryPlan.java:80) ~[hibernate-core-4.2.7.SP1.jar:4.2.7.SP1]
	at org.hibernate.engine.query.spi.QueryPlanCache.getHQLQueryPlan(QueryPlanCache.java:168) ~[hibernate-core-4.2.7.SP1.jar:4.2.7.SP1]
	at org.hibernate.internal.AbstractSessionImpl.getHQLQueryPlan(AbstractSessionImpl.java:221) ~[hibernate-core-4.2.7.SP1.jar:4.2.7.SP1]
	at org.hibernate.internal.AbstractSessionImpl.createQuery(AbstractSessionImpl.java:199) ~[hibernate-core-4.2.7.SP1.jar:4.2.7.SP1]
	at org.hibernate.internal.SessionImpl.createQuery(SessionImpl.java:1784) ~[hibernate-core-4.2.7.SP1.jar:4.2.7.SP1]
	at es.upm.emse.enteridea.persistence.dao.imp.GenericDAOImp.executeListQuery(GenericDAOImp.java:320) ~[classes/:?]
	at es.upm.emse.enteridea.persistence.dao.imp.GenericDAOImp.getAll(GenericDAOImp.java:149) [classes/:?]
	at es.upm.emse.enteridea.business.UserManager.listUsers(UserManager.java:39) [classes/:?]
	at test.es.upm.emse.enteridea.business.UserManagerTest.testListUsers(UserManagerTest.java:88) [classes/:?]
	at sun.reflect.NativeMethodAccessorImpl.invoke0(Native Method) ~[?:1.7.0_45]
	at sun.reflect.NativeMethodAccessorImpl.invoke(NativeMethodAccessorImpl.java:57) ~[?:1.7.0_45]
	at sun.reflect.DelegatingMethodAccessorImpl.invoke(DelegatingMethodAccessorImpl.java:43) ~[?:1.7.0_45]
	at java.lang.reflect.Method.invoke(Method.java:606) ~[?:1.7.0_45]
	at org.junit.runners.model.FrameworkMethod$1.runReflectiveCall(FrameworkMethod.java:45) [junit.jar:?]
	at org.junit.internal.runners.model.ReflectiveCallable.run(ReflectiveCallable.java:15) [junit.jar:?]
	at org.junit.runners.model.FrameworkMethod.invokeExplosively(FrameworkMethod.java:42) [junit.jar:?]
	at org.junit.internal.runners.statements.InvokeMethod.evaluate(InvokeMethod.java:20) [junit.jar:?]
	at org.junit.internal.runners.statements.RunBefores.evaluate(RunBefores.java:28) [junit.jar:?]
	at org.junit.internal.runners.statements.RunAfters.evaluate(RunAfters.java:30) [junit.jar:?]
	at org.junit.runners.ParentRunner.runLeaf(ParentRunner.java:263) [junit.jar:?]
	at org.junit.runners.BlockJUnit4ClassRunner.runChild(BlockJUnit4ClassRunner.java:68) [junit.jar:?]
	at org.junit.runners.BlockJUnit4ClassRunner.runChild(BlockJUnit4ClassRunner.java:47) [junit.jar:?]
	at org.junit.runners.ParentRunner$3.run(ParentRunner.java:231) [junit.jar:?]
	at org.junit.runners.ParentRunner$1.schedule(ParentRunner.java:60) [junit.jar:?]
	at org.junit.runners.ParentRunner.runChildren(ParentRunner.java:229) [junit.jar:?]
	at org.junit.runners.ParentRunner.access$000(ParentRunner.java:50) [junit.jar:?]
	at org.junit.runners.ParentRunner$2.evaluate(ParentRunner.java:222) [junit.jar:?]
	at org.junit.runners.ParentRunner.run(ParentRunner.java:300) [junit.jar:?]
	at org.eclipse.jdt.internal.junit4.runner.JUnit4TestReference.run(JUnit4TestReference.java:50) [.cp/:?]
	at org.eclipse.jdt.internal.junit.runner.TestExecution.run(TestExecution.java:38) [.cp/:?]
	at org.eclipse.jdt.internal.junit.runner.RemoteTestRunner.runTests(RemoteTestRunner.java:467) [.cp/:?]
	at org.eclipse.jdt.internal.junit.runner.RemoteTestRunner.runTests(RemoteTestRunner.java:683) [.cp/:?]
	at org.eclipse.jdt.internal.junit.runner.RemoteTestRunner.run(RemoteTestRunner.java:390) [.cp/:?]
	at org.eclipse.jdt.internal.junit.runner.RemoteTestRunner.main(RemoteTestRunner.java:197) [.cp/:?]
ERROR | 17/Dec/2013 12:30:43,376 | UserManager.java:41 |Failed retrieving user
es.upm.emse.enteridea.persistence.exception.DaoOperationException: Can not get the result from the DB due an error: 
	at es.upm.emse.enteridea.persistence.dao.imp.GenericDAOImp.getAll(GenericDAOImp.java:152) ~[classes/:?]
	at es.upm.emse.enteridea.business.UserManager.listUsers(UserManager.java:39) [classes/:?]
	at test.es.upm.emse.enteridea.business.UserManagerTest.testListUsers(UserManagerTest.java:88) [classes/:?]
	at sun.reflect.NativeMethodAccessorImpl.invoke0(Native Method) ~[?:1.7.0_45]
	at sun.reflect.NativeMethodAccessorImpl.invoke(NativeMethodAccessorImpl.java:57) ~[?:1.7.0_45]
	at sun.reflect.DelegatingMethodAccessorImpl.invoke(DelegatingMethodAccessorImpl.java:43) ~[?:1.7.0_45]
	at java.lang.reflect.Method.invoke(Method.java:606) ~[?:1.7.0_45]
	at org.junit.runners.model.FrameworkMethod$1.runReflectiveCall(FrameworkMethod.java:45) [junit.jar:?]
	at org.junit.internal.runners.model.ReflectiveCallable.run(ReflectiveCallable.java:15) [junit.jar:?]
	at org.junit.runners.model.FrameworkMethod.invokeExplosively(FrameworkMethod.java:42) [junit.jar:?]
	at org.junit.internal.runners.statements.InvokeMethod.evaluate(InvokeMethod.java:20) [junit.jar:?]
	at org.junit.internal.runners.statements.RunBefores.evaluate(RunBefores.java:28) [junit.jar:?]
	at org.junit.internal.runners.statements.RunAfters.evaluate(RunAfters.java:30) [junit.jar:?]
	at org.junit.runners.ParentRunner.runLeaf(ParentRunner.java:263) [junit.jar:?]
	at org.junit.runners.BlockJUnit4ClassRunner.runChild(BlockJUnit4ClassRunner.java:68) [junit.jar:?]
	at org.junit.runners.BlockJUnit4ClassRunner.runChild(BlockJUnit4ClassRunner.java:47) [junit.jar:?]
	at org.junit.runners.ParentRunner$3.run(ParentRunner.java:231) [junit.jar:?]
	at org.junit.runners.ParentRunner$1.schedule(ParentRunner.java:60) [junit.jar:?]
	at org.junit.runners.ParentRunner.runChildren(ParentRunner.java:229) [junit.jar:?]
	at org.junit.runners.ParentRunner.access$000(ParentRunner.java:50) [junit.jar:?]
	at org.junit.runners.ParentRunner$2.evaluate(ParentRunner.java:222) [junit.jar:?]
	at org.junit.runners.ParentRunner.run(ParentRunner.java:300) [junit.jar:?]
	at org.eclipse.jdt.internal.junit4.runner.JUnit4TestReference.run(JUnit4TestReference.java:50) [.cp/:?]
	at org.eclipse.jdt.internal.junit.runner.TestExecution.run(TestExecution.java:38) [.cp/:?]
	at org.eclipse.jdt.internal.junit.runner.RemoteTestRunner.runTests(RemoteTestRunner.java:467) [.cp/:?]
	at org.eclipse.jdt.internal.junit.runner.RemoteTestRunner.runTests(RemoteTestRunner.java:683) [.cp/:?]
	at org.eclipse.jdt.internal.junit.runner.RemoteTestRunner.run(RemoteTestRunner.java:390) [.cp/:?]
	at org.eclipse.jdt.internal.junit.runner.RemoteTestRunner.main(RemoteTestRunner.java:197) [.cp/:?]
Caused by: org.hibernate.hql.internal.ast.QuerySyntaxException: unexpected token: Class near line 1, column 6 [FROM Class e]
	at org.hibernate.hql.internal.ast.QuerySyntaxException.convert(QuerySyntaxException.java:54) ~[hibernate-core-4.2.7.SP1.jar:4.2.7.SP1]
	at org.hibernate.hql.internal.ast.QuerySyntaxException.convert(QuerySyntaxException.java:47) ~[hibernate-core-4.2.7.SP1.jar:4.2.7.SP1]
	at org.hibernate.hql.internal.ast.ErrorCounter.throwQueryException(ErrorCounter.java:79) ~[hibernate-core-4.2.7.SP1.jar:4.2.7.SP1]
	at org.hibernate.hql.internal.ast.QueryTranslatorImpl.parse(QueryTranslatorImpl.java:278) ~[hibernate-core-4.2.7.SP1.jar:4.2.7.SP1]
	at org.hibernate.hql.internal.ast.QueryTranslatorImpl.doCompile(QueryTranslatorImpl.java:182) ~[hibernate-core-4.2.7.SP1.jar:4.2.7.SP1]
	at org.hibernate.hql.internal.ast.QueryTranslatorImpl.compile(QueryTranslatorImpl.java:138) ~[hibernate-core-4.2.7.SP1.jar:4.2.7.SP1]
	at org.hibernate.engine.query.spi.HQLQueryPlan.<init>(HQLQueryPlan.java:105) ~[hibernate-core-4.2.7.SP1.jar:4.2.7.SP1]
	at org.hibernate.engine.query.spi.HQLQueryPlan.<init>(HQLQueryPlan.java:80) ~[hibernate-core-4.2.7.SP1.jar:4.2.7.SP1]
	at org.hibernate.engine.query.spi.QueryPlanCache.getHQLQueryPlan(QueryPlanCache.java:168) ~[hibernate-core-4.2.7.SP1.jar:4.2.7.SP1]
	at org.hibernate.internal.AbstractSessionImpl.getHQLQueryPlan(AbstractSessionImpl.java:221) ~[hibernate-core-4.2.7.SP1.jar:4.2.7.SP1]
	at org.hibernate.internal.AbstractSessionImpl.createQuery(AbstractSessionImpl.java:199) ~[hibernate-core-4.2.7.SP1.jar:4.2.7.SP1]
	at org.hibernate.internal.SessionImpl.createQuery(SessionImpl.java:1784) ~[hibernate-core-4.2.7.SP1.jar:4.2.7.SP1]
	at es.upm.emse.enteridea.persistence.dao.imp.GenericDAOImp.executeListQuery(GenericDAOImp.java:320) ~[classes/:?]
	at es.upm.emse.enteridea.persistence.dao.imp.GenericDAOImp.getAll(GenericDAOImp.java:149) ~[classes/:?]
	... 27 more
 INFO | 17/Dec/2013 12:32:32,496 | GenericDAOImp.java:61 |object saved
 INFO | 17/Dec/2013 12:32:55,687 | GenericDAOImp.java:61 |object saved
 INFO | 17/Dec/2013 12:32:56,180 | GenericDAOImp.java:61 |object saved
 INFO | 17/Dec/2013 12:32:56,255 | GenericDAOImp.java:61 |object saved
ERROR | 17/Dec/2013 12:32:56,326 | UserManager.java:71 |Failed retrieving user because the result from the DB is null or have more than one result (have to be only one)
